TpTrace Verbose: 0 : 8604, 1, 2024/02/22, 15:49:52.738, 2773792609151, testhost.dll, Version: 16.9.4
TpTrace Information: 0 : 8604, 1, 2024/02/22, 15:49:52.749, 2773792693737, testhost.dll, DefaultEngineInvoker.Invoke: Testhost process started with args :[--port, 51766],[--endpoint, 127.0.0.1:051766],[--role, client],[--parentprocessid, 27056],[--diag, C:\Users\mridulsharma01\OneDrive - Nagarro\Desktop\Insurance app\Inuranceappbackend\Inuranceappbackend.Tests\bin\Debug\net5.0\fine-code-coverage\coverage-tool-output\diagnostics.host.24-02-22_15-49-52_36058_5.log],[--tracelevel, 4],[--datacollectionport, 51765],[--telemetryoptedin, false]
TpTrace Information: 0 : 8604, 1, 2024/02/22, 15:49:52.823, 2773793435170, testhost.dll, Setting up debug trace listener.
TpTrace Verbose: 0 : 8604, 1, 2024/02/22, 15:49:52.824, 2773793437902, testhost.dll, TestPlatformTraceListener.Setup: Replacing listener 0 with TestHostTraceListener.
TpTrace Verbose: 0 : 8604, 1, 2024/02/22, 15:49:52.824, 2773793438384, testhost.dll, TestPlatformTraceListener.Setup: Added test platform trace listener.
TpTrace Information: 0 : 8604, 1, 2024/02/22, 15:49:52.824, 2773793443874, testhost.dll, DefaultEngineInvoker.SetParentProcessExitCallback: Monitoring parent process with id: '27056'
TpTrace Information: 0 : 8604, 1, 2024/02/22, 15:49:52.834, 2773793544698, testhost.dll, DefaultEngineInvoker.GetConnectionInfo: Initialize communication on endpoint address: '127.0.0.1:051766'
TpTrace Information: 0 : 8604, 1, 2024/02/22, 15:49:52.860, 2773793801361, testhost.dll, SocketClient.Start: connecting to server endpoint: 127.0.0.1:051766
TpTrace Information: 0 : 8604, 1, 2024/02/22, 15:49:52.871, 2773793911674, testhost.dll, DefaultEngineInvoker.ConnectToDatacollector: Connecting to datacollector, port: 51765
TpTrace Information: 0 : 8604, 4, 2024/02/22, 15:49:52.873, 2773793936746, testhost.dll, SocketClient.OnServerConnected: connected to server endpoint: 127.0.0.1:051766
TpTrace Information: 0 : 8604, 1, 2024/02/22, 15:49:52.876, 2773793962144, testhost.dll, Trying to connect to server on socket : 127.0.0.1:51765 
TpTrace Verbose: 0 : 8604, 4, 2024/02/22, 15:49:52.877, 2773793969387, testhost.dll, Connected to server, and starting MessageLoopAsync
TpTrace Verbose: 0 : 8604, 1, 2024/02/22, 15:49:52.877, 2773793971302, testhost.dll, SocketCommunicationManager : SetupClientAsync : Attempting to connect to the server.
TpTrace Information: 0 : 8604, 10, 2024/02/22, 15:49:52.880, 2773794002929, testhost.dll, Connected to the server successfully 
TpTrace Information: 0 : 8604, 10, 2024/02/22, 15:49:52.880, 2773794004489, testhost.dll, Using the buffer size of 16384 bytes
TpTrace Verbose: 0 : 8604, 4, 2024/02/22, 15:49:52.881, 2773794008865, testhost.dll, TcpClientExtensions.MessageLoopAsync: Polling on remoteEndPoint: [::ffff:127.0.0.1]:51766 localEndPoint: [::ffff:127.0.0.1]:51767
TpTrace Verbose: 0 : 8604, 4, 2024/02/22, 15:49:52.881, 2773794014741, testhost.dll, TcpClientExtensions.MessageLoopAsync: NotifyDataAvailable remoteEndPoint: [::ffff:127.0.0.1]:51766 localEndPoint: [::ffff:127.0.0.1]:51767
TpTrace Information: 0 : 8604, 1, 2024/02/22, 15:49:52.881, 2773794016571, testhost.dll, DefaultEngineInvoker.Invoke: Start Request Processing.
TpTrace Information: 0 : 8604, 12, 2024/02/22, 15:49:52.883, 2773794028151, testhost.dll, DefaultEngineInvoker.StartProcessingAsync: Connected to vstest.console, Starting process requests.
TpTrace Information: 0 : 8604, 4, 2024/02/22, 15:49:53.041, 2773795609509, testhost.dll, TestRequestHandler.ProcessRequests: received message: (ProtocolVersion) -> 7
TpTrace Verbose: 0 : 8604, 4, 2024/02/22, 15:49:53.078, 2773795979190, testhost.dll, TestRequestHandler.SendData:  sending data from testhost: {"Version":5,"MessageType":"TestSession.Message","Payload":{"MessageLevel":0,"Message":"Logging TestHost Diagnostics in file: C:\\Users\\mridulsharma01\\OneDrive - Nagarro\\Desktop\\Insurance app\\Inuranceappbackend\\Inuranceappbackend.Tests\\bin\\Debug\\net5.0\\fine-code-coverage\\coverage-tool-output\\diagnostics.host.24-02-22_15-49-52_36058_5.log"}}
TpTrace Verbose: 0 : 8604, 4, 2024/02/22, 15:49:53.078, 2773795983270, testhost.dll, TcpClientExtensions.MessageLoopAsync: Polling on remoteEndPoint: [::ffff:127.0.0.1]:51766 localEndPoint: [::ffff:127.0.0.1]:51767
TpTrace Verbose: 0 : 8604, 4, 2024/02/22, 15:49:53.078, 2773795984239, testhost.dll, TcpClientExtensions.MessageLoopAsync: NotifyDataAvailable remoteEndPoint: [::ffff:127.0.0.1]:51766 localEndPoint: [::ffff:127.0.0.1]:51767
TpTrace Information: 0 : 8604, 4, 2024/02/22, 15:49:53.083, 2773796034571, testhost.dll, TestRequestHandler.ProcessRequests: received message: (TestExecution.Initialize) -> [
  "C:\\Users\\mridulsharma01\\OneDrive - Nagarro\\Desktop\\Insurance app\\Inuranceappbackend\\Inuranceappbackend.Tests\\bin\\Debug\\net5.0\\fine-code-coverage\\build-output\\xunit.runner.visualstudio.dotnetcore.testadapter.dll"
]
TpTrace Information: 0 : 8604, 4, 2024/02/22, 15:49:53.083, 2773796036648, testhost.dll, Execution Session Initialize.
TpTrace Verbose: 0 : 8604, 4, 2024/02/22, 15:49:53.093, 2773796127492, testhost.dll, TcpClientExtensions.MessageLoopAsync: Polling on remoteEndPoint: [::ffff:127.0.0.1]:51766 localEndPoint: [::ffff:127.0.0.1]:51767
TpTrace Verbose: 0 : 8604, 4, 2024/02/22, 15:49:53.093, 2773796129060, testhost.dll, TcpClientExtensions.MessageLoopAsync: NotifyDataAvailable remoteEndPoint: [::ffff:127.0.0.1]:51766 localEndPoint: [::ffff:127.0.0.1]:51767
TpTrace Verbose: 0 : 8604, 5, 2024/02/22, 15:49:53.096, 2773796158827, testhost.dll, TestExecutorService: Loading the extensions
TpTrace Information: 0 : 8604, 4, 2024/02/22, 15:49:53.096, 2773796165788, testhost.dll, TestRequestHandler.ProcessRequests: received message: (TestExecution.StartWithSources) -> {
  "AdapterSourceMap": {
    "_none_": [
      "C:\\Users\\mridulsharma01\\OneDrive - Nagarro\\Desktop\\Insurance app\\Inuranceappbackend\\Inuranceappbackend.Tests\\bin\\Debug\\net5.0\\fine-code-coverage\\build-output\\Inuranceappbackend.Tests.dll"
    ]
  },
  "RunSettings": "<RunSettings>\r\n  <RunConfiguration>\r\n    <ResultsDirectory>C:\\Users\\mridulsharma01\\OneDrive - Nagarro\\Desktop\\Insurance app\\Inuranceappbackend\\Inuranceappbackend.Tests\\bin\\Debug\\net5.0\\fine-code-coverage\\coverage-tool-output</ResultsDirectory>\r\n    <TargetFrameworkVersion>.NETCoreApp,Version=v5.0</TargetFrameworkVersion>\r\n    <DesignMode>False</DesignMode>\r\n    <CollectSourceInformation>False</CollectSourceInformation>\r\n  </RunConfiguration>\r\n  <LoggerRunSettings>\r\n    <Loggers>\r\n      <Logger friendlyName=\"blame\" enabled=\"True\" />\r\n      <Logger friendlyName=\"Console\" uri=\"logger://microsoft/TestPlatform/ConsoleLogger/v1\" assemblyQualifiedName=\"Microsoft.VisualStudio.TestPlatform.CommandLine.Internal.ConsoleLogger, vstest.console, Version=15.0.0.0, Culture=neutral, PublicKeyToken=b03f5f7f11d50a3a\" codeBase=\"C:\\Program Files\\dotnet\\sdk\\8.0.200\\vstest.console.dll\" enabled=\"True\" />\r\n    </Loggers>\r\n  </LoggerRunSettings>\r\n  <DataCollectionRunSettings>\r\n    <DataCollectors>\r\n      <DataCollector friendlyName=\"blame\" enabled=\"True\">\r\n        <Configuration>\r\n          <ResultsDirectory>C:\\Users\\mridulsharma01\\OneDrive - Nagarro\\Desktop\\Insurance app\\Inuranceappbackend\\Inuranceappbackend.Tests\\bin\\Debug\\net5.0\\fine-code-coverage\\coverage-tool-output</ResultsDirectory>\r\n        </Configuration>\r\n      </DataCollector>\r\n    </DataCollectors>\r\n  </DataCollectionRunSettings>\r\n</RunSettings>",
  "TestExecutionContext": {
    "FrequencyOfRunStatsChangeEvent": 10,
    "RunStatsChangeEventTimeout": "00:00:01.5000000",
    "InIsolation": false,
    "KeepAlive": false,
    "AreTestCaseLevelEventsRequired": false,
    "IsDebug": false,
    "TestCaseFilter": null,
    "FilterOptions": null
  },
  "Package": null
}
TpTrace Information: 0 : 8604, 4, 2024/02/22, 15:49:53.097, 2773796167480, testhost.dll, Execution started.
TpTrace Verbose: 0 : 8604, 5, 2024/02/22, 15:49:53.098, 2773796182542, testhost.dll, TestPluginCache.DiscoverTestExtensions: finding test extensions in assemblies ends with: TestAdapter.dll TPluginInfo: Microsoft.VisualStudio.TestPlatform.Common.ExtensionFramework.Utilities.TestExecutorPluginInformation TExtension: Microsoft.VisualStudio.TestPlatform.ObjectModel.Adapter.ITestExecutor
TpTrace Verbose: 0 : 8604, 5, 2024/02/22, 15:49:53.099, 2773796196231, testhost.dll, TestPluginCache.GetExtensionPaths: Filtered extension paths: 
TpTrace Verbose: 0 : 8604, 5, 2024/02/22, 15:49:53.100, 2773796200361, testhost.dll, TestPluginCache.GetExtensionPaths: Added default extension paths: C:\Users\mridulsharma01\OneDrive - Nagarro\Desktop\Insurance app\Inuranceappbackend\Inuranceappbackend.Tests\bin\Debug\net5.0\fine-code-coverage\build-output\xunit.runner.visualstudio.dotnetcore.testadapter.dll
TpTrace Verbose: 0 : 8604, 5, 2024/02/22, 15:49:53.100, 2773796200909, testhost.dll, TestPluginCache.GetExtensionPaths: Added unfilterableExtensionPaths: 
TpTrace Information: 0 : 8604, 5, 2024/02/22, 15:49:53.104, 2773796236982, testhost.dll, AssemblyResolver.ctor: Creating AssemblyResolver with searchDirectories C:\Users\mridulsharma01\OneDrive - Nagarro\Desktop\Insurance app\Inuranceappbackend\Inuranceappbackend.Tests\bin\Debug\net5.0\fine-code-coverage\build-output
TpTrace Verbose: 0 : 8604, 5, 2024/02/22, 15:49:53.106, 2773796265705, testhost.dll, TestPluginCache.DiscoverTestExtensions: Discovering the extensions using extension path.
TpTrace Verbose: 0 : 8604, 5, 2024/02/22, 15:49:53.107, 2773796267902, testhost.dll, TestPluginCache.GetExtensionPaths: Filtered extension paths: 
TpTrace Verbose: 0 : 8604, 5, 2024/02/22, 15:49:53.107, 2773796268420, testhost.dll, TestPluginCache.GetExtensionPaths: Added default extension paths: C:\Users\mridulsharma01\OneDrive - Nagarro\Desktop\Insurance app\Inuranceappbackend\Inuranceappbackend.Tests\bin\Debug\net5.0\fine-code-coverage\build-output\xunit.runner.visualstudio.dotnetcore.testadapter.dll
TpTrace Verbose: 0 : 8604, 5, 2024/02/22, 15:49:53.107, 2773796268722, testhost.dll, TestPluginCache.GetExtensionPaths: Added unfilterableExtensionPaths: 
TpTrace Verbose: 0 : 8604, 5, 2024/02/22, 15:49:53.107, 2773796269427, testhost.dll, TestPluginCache.DiscoverTestExtensions: Discovering the extensions using allExtensionPaths: C:\Users\mridulsharma01\OneDrive - Nagarro\Desktop\Insurance app\Inuranceappbackend\Inuranceappbackend.Tests\bin\Debug\net5.0\fine-code-coverage\build-output\xunit.runner.visualstudio.dotnetcore.testadapter.dll
TpTrace Information: 0 : 8604, 5, 2024/02/22, 15:49:53.108, 2773796281715, testhost.dll, AssemblyResolver.AddSearchDirectories: Adding more searchDirectories C:\Users\mridulsharma01\OneDrive - Nagarro\Desktop\Insurance app\Inuranceappbackend\Inuranceappbackend.Tests\bin\Debug\net5.0\fine-code-coverage\build-output
TpTrace Information: 0 : 8604, 5, 2024/02/22, 15:49:53.114, 2773796346009, testhost.dll, AssemblyResolver.OnResolve: xunit.runner.visualstudio.dotnetcore.testadapter: Resolving assembly.
TpTrace Information: 0 : 8604, 5, 2024/02/22, 15:49:53.118, 2773796377275, testhost.dll, AssemblyResolver.OnResolve: Resolved assembly: xunit.runner.visualstudio.dotnetcore.testadapter, from path: C:\Users\mridulsharma01\OneDrive - Nagarro\Desktop\Insurance app\Inuranceappbackend\Inuranceappbackend.Tests\bin\Debug\net5.0\fine-code-coverage\build-output\xunit.runner.visualstudio.dotnetcore.testadapter.dll
TpTrace Information: 0 : 8604, 5, 2024/02/22, 15:49:53.124, 2773796438897, testhost.dll, AssemblyResolver.OnResolve: xunit.runner.utility.netcoreapp10: Resolving assembly.
TpTrace Information: 0 : 8604, 5, 2024/02/22, 15:49:53.125, 2773796456490, testhost.dll, AssemblyResolver.OnResolve: Resolved assembly: xunit.runner.utility.netcoreapp10, from path: C:\Users\mridulsharma01\OneDrive - Nagarro\Desktop\Insurance app\Inuranceappbackend\Inuranceappbackend.Tests\bin\Debug\net5.0\fine-code-coverage\build-output\xunit.runner.utility.netcoreapp10.dll
TpTrace Verbose: 0 : 8604, 5, 2024/02/22, 15:49:53.134, 2773796537547, testhost.dll, TestPluginCache: Discovered the extensions using extension path ''.
TpTrace Verbose: 0 : 8604, 5, 2024/02/22, 15:49:53.134, 2773796545249, testhost.dll, TestPluginCache: Discoverers are ''.
TpTrace Verbose: 0 : 8604, 5, 2024/02/22, 15:49:53.134, 2773796546771, testhost.dll, TestPluginCache: Executors are 'executor://xunit/VsTestRunner2/netcoreapp'.
TpTrace Verbose: 0 : 8604, 5, 2024/02/22, 15:49:53.135, 2773796547817, testhost.dll, TestPluginCache: Executors2 are ''.
TpTrace Verbose: 0 : 8604, 5, 2024/02/22, 15:49:53.135, 2773796548619, testhost.dll, TestPluginCache: Setting providers are ''.
TpTrace Verbose: 0 : 8604, 5, 2024/02/22, 15:49:53.135, 2773796549360, testhost.dll, TestPluginCache: Loggers are ''.
TpTrace Verbose: 0 : 8604, 4, 2024/02/22, 15:49:53.139, 2773796594706, testhost.dll, TcpClientExtensions.MessageLoopAsync: Polling on remoteEndPoint: [::ffff:127.0.0.1]:51766 localEndPoint: [::ffff:127.0.0.1]:51767
TpTrace Verbose: 0 : 8604, 5, 2024/02/22, 15:49:53.140, 2773796597391, testhost.dll, TestPluginCache.DiscoverTestExtensions: finding test extensions in assemblies ends with: TestAdapter.dll TPluginInfo: Microsoft.VisualStudio.TestPlatform.Common.ExtensionFramework.Utilities.TestExecutorPluginInformation2 TExtension: Microsoft.VisualStudio.TestPlatform.ObjectModel.Adapter.ITestExecutor2
TpTrace Verbose: 0 : 8604, 5, 2024/02/22, 15:49:53.140, 2773796602281, testhost.dll, TestPluginCache.GetExtensionPaths: Filtered extension paths: 
TpTrace Verbose: 0 : 8604, 5, 2024/02/22, 15:49:53.140, 2773796603255, testhost.dll, TestPluginCache.GetExtensionPaths: Added default extension paths: C:\Users\mridulsharma01\OneDrive - Nagarro\Desktop\Insurance app\Inuranceappbackend\Inuranceappbackend.Tests\bin\Debug\net5.0\fine-code-coverage\build-output\xunit.runner.visualstudio.dotnetcore.testadapter.dll
TpTrace Verbose: 0 : 8604, 5, 2024/02/22, 15:49:53.140, 2773796603768, testhost.dll, TestPluginCache.GetExtensionPaths: Added unfilterableExtensionPaths: 
TpTrace Information: 0 : 8604, 5, 2024/02/22, 15:49:53.140, 2773796606857, testhost.dll, AssemblyResolver.AddSearchDirectories: Adding more searchDirectories C:\Users\mridulsharma01\OneDrive - Nagarro\Desktop\Insurance app\Inuranceappbackend\Inuranceappbackend.Tests\bin\Debug\net5.0\fine-code-coverage\build-output
TpTrace Verbose: 0 : 8604, 5, 2024/02/22, 15:49:53.141, 2773796608080, testhost.dll, TestPluginCache.DiscoverTestExtensions: Discovering the extensions using extension path.
TpTrace Verbose: 0 : 8604, 5, 2024/02/22, 15:49:53.141, 2773796608552, testhost.dll, TestPluginCache.GetExtensionPaths: Filtered extension paths: 
TpTrace Verbose: 0 : 8604, 5, 2024/02/22, 15:49:53.141, 2773796609007, testhost.dll, TestPluginCache.GetExtensionPaths: Added default extension paths: C:\Users\mridulsharma01\OneDrive - Nagarro\Desktop\Insurance app\Inuranceappbackend\Inuranceappbackend.Tests\bin\Debug\net5.0\fine-code-coverage\build-output\xunit.runner.visualstudio.dotnetcore.testadapter.dll
TpTrace Verbose: 0 : 8604, 5, 2024/02/22, 15:49:53.141, 2773796609426, testhost.dll, TestPluginCache.GetExtensionPaths: Added unfilterableExtensionPaths: 
TpTrace Verbose: 0 : 8604, 5, 2024/02/22, 15:49:53.141, 2773796609773, testhost.dll, TestPluginCache.DiscoverTestExtensions: Discovering the extensions using allExtensionPaths: C:\Users\mridulsharma01\OneDrive - Nagarro\Desktop\Insurance app\Inuranceappbackend\Inuranceappbackend.Tests\bin\Debug\net5.0\fine-code-coverage\build-output\xunit.runner.visualstudio.dotnetcore.testadapter.dll
TpTrace Information: 0 : 8604, 5, 2024/02/22, 15:49:53.141, 2773796610424, testhost.dll, AssemblyResolver.AddSearchDirectories: Adding more searchDirectories C:\Users\mridulsharma01\OneDrive - Nagarro\Desktop\Insurance app\Inuranceappbackend\Inuranceappbackend.Tests\bin\Debug\net5.0\fine-code-coverage\build-output
TpTrace Verbose: 0 : 8604, 5, 2024/02/22, 15:49:53.142, 2773796617156, testhost.dll, TestPluginCache: Discovered the extensions using extension path ''.
TpTrace Verbose: 0 : 8604, 5, 2024/02/22, 15:49:53.142, 2773796618514, testhost.dll, TestPluginCache: Discoverers are ''.
TpTrace Verbose: 0 : 8604, 5, 2024/02/22, 15:49:53.142, 2773796619316, testhost.dll, TestPluginCache: Executors are 'executor://xunit/VsTestRunner2/netcoreapp'.
TpTrace Verbose: 0 : 8604, 5, 2024/02/22, 15:49:53.142, 2773796623909, testhost.dll, TestPluginCache: Executors2 are ''.
TpTrace Verbose: 0 : 8604, 5, 2024/02/22, 15:49:53.142, 2773796624907, testhost.dll, TestPluginCache: Setting providers are ''.
TpTrace Verbose: 0 : 8604, 5, 2024/02/22, 15:49:53.142, 2773796625400, testhost.dll, TestPluginCache: Loggers are ''.
TpTrace Information: 0 : 8604, 5, 2024/02/22, 15:49:53.150, 2773796697839, testhost.dll, TestPluginManager.CreateTestExtension: Attempting to load test extension: Xunit.Runner.VisualStudio.VsTestRunner
TpTrace Verbose: 0 : 8604, 5, 2024/02/22, 15:49:53.150, 2773796700392, testhost.dll, TestExecutorExtensionManager: Loading executor Xunit.Runner.VisualStudio.VsTestRunner
TpTrace Verbose: 0 : 8604, 5, 2024/02/22, 15:49:53.150, 2773796701162, testhost.dll, TestExecutorService: Loaded the executors
TpTrace Verbose: 0 : 8604, 5, 2024/02/22, 15:49:53.152, 2773796723879, testhost.dll, TestPluginCache.DiscoverTestExtensions: finding test extensions in assemblies ends with: TestAdapter.dll TPluginInfo: Microsoft.VisualStudio.TestPlatform.Common.ExtensionFramework.Utilities.TestSettingsProviderPluginInformation TExtension: Microsoft.VisualStudio.TestPlatform.ObjectModel.Adapter.ISettingsProvider
TpTrace Verbose: 0 : 8604, 5, 2024/02/22, 15:49:53.152, 2773796726191, testhost.dll, TestPluginCache.GetExtensionPaths: Filtered extension paths: 
TpTrace Verbose: 0 : 8604, 5, 2024/02/22, 15:49:53.153, 2773796726936, testhost.dll, TestPluginCache.GetExtensionPaths: Added default extension paths: C:\Users\mridulsharma01\OneDrive - Nagarro\Desktop\Insurance app\Inuranceappbackend\Inuranceappbackend.Tests\bin\Debug\net5.0\fine-code-coverage\build-output\xunit.runner.visualstudio.dotnetcore.testadapter.dll
TpTrace Verbose: 0 : 8604, 5, 2024/02/22, 15:49:53.153, 2773796727333, testhost.dll, TestPluginCache.GetExtensionPaths: Added unfilterableExtensionPaths: 
TpTrace Information: 0 : 8604, 5, 2024/02/22, 15:49:53.153, 2773796730227, testhost.dll, AssemblyResolver.AddSearchDirectories: Adding more searchDirectories C:\Users\mridulsharma01\OneDrive - Nagarro\Desktop\Insurance app\Inuranceappbackend\Inuranceappbackend.Tests\bin\Debug\net5.0\fine-code-coverage\build-output
TpTrace Verbose: 0 : 8604, 5, 2024/02/22, 15:49:53.153, 2773796731087, testhost.dll, TestPluginCache.DiscoverTestExtensions: Discovering the extensions using extension path.
TpTrace Verbose: 0 : 8604, 5, 2024/02/22, 15:49:53.153, 2773796731501, testhost.dll, TestPluginCache.GetExtensionPaths: Filtered extension paths: 
TpTrace Verbose: 0 : 8604, 5, 2024/02/22, 15:49:53.153, 2773796731995, testhost.dll, TestPluginCache.GetExtensionPaths: Added default extension paths: C:\Users\mridulsharma01\OneDrive - Nagarro\Desktop\Insurance app\Inuranceappbackend\Inuranceappbackend.Tests\bin\Debug\net5.0\fine-code-coverage\build-output\xunit.runner.visualstudio.dotnetcore.testadapter.dll
TpTrace Verbose: 0 : 8604, 5, 2024/02/22, 15:49:53.153, 2773796732284, testhost.dll, TestPluginCache.GetExtensionPaths: Added unfilterableExtensionPaths: 
TpTrace Verbose: 0 : 8604, 5, 2024/02/22, 15:49:53.153, 2773796732581, testhost.dll, TestPluginCache.DiscoverTestExtensions: Discovering the extensions using allExtensionPaths: C:\Users\mridulsharma01\OneDrive - Nagarro\Desktop\Insurance app\Inuranceappbackend\Inuranceappbackend.Tests\bin\Debug\net5.0\fine-code-coverage\build-output\xunit.runner.visualstudio.dotnetcore.testadapter.dll
TpTrace Information: 0 : 8604, 5, 2024/02/22, 15:49:53.153, 2773796733075, testhost.dll, AssemblyResolver.AddSearchDirectories: Adding more searchDirectories C:\Users\mridulsharma01\OneDrive - Nagarro\Desktop\Insurance app\Inuranceappbackend\Inuranceappbackend.Tests\bin\Debug\net5.0\fine-code-coverage\build-output
TpTrace Verbose: 0 : 8604, 5, 2024/02/22, 15:49:53.153, 2773796736796, testhost.dll, TestPluginCache: Discovered the extensions using extension path ''.
TpTrace Verbose: 0 : 8604, 5, 2024/02/22, 15:49:53.154, 2773796737544, testhost.dll, TestPluginCache: Discoverers are ''.
TpTrace Verbose: 0 : 8604, 5, 2024/02/22, 15:49:53.154, 2773796737904, testhost.dll, TestPluginCache: Executors are 'executor://xunit/VsTestRunner2/netcoreapp'.
TpTrace Verbose: 0 : 8604, 5, 2024/02/22, 15:49:53.154, 2773796738207, testhost.dll, TestPluginCache: Executors2 are ''.
TpTrace Verbose: 0 : 8604, 5, 2024/02/22, 15:49:53.154, 2773796738610, testhost.dll, TestPluginCache: Setting providers are ''.
TpTrace Verbose: 0 : 8604, 5, 2024/02/22, 15:49:53.154, 2773796738866, testhost.dll, TestPluginCache: Loggers are ''.
TpTrace Verbose: 0 : 8604, 5, 2024/02/22, 15:49:53.155, 2773796754720, testhost.dll, TestExecutorService: Loaded the settings providers
TpTrace Information: 0 : 8604, 5, 2024/02/22, 15:49:53.156, 2773796757380, testhost.dll, TestExecutorService: Loaded the extensions
TpTrace Information: 0 : 8604, 5, 2024/02/22, 15:49:53.309, 2773798295863, testhost.dll, TestDiscoveryManager: Discovering tests from sources C:\Users\mridulsharma01\OneDrive - Nagarro\Desktop\Insurance app\Inuranceappbackend\Inuranceappbackend.Tests\bin\Debug\net5.0\fine-code-coverage\build-output\Inuranceappbackend.Tests.dll
TpTrace Verbose: 0 : 8604, 5, 2024/02/22, 15:49:53.313, 2773798330421, testhost.dll, TestPluginCache.DiscoverTestExtensions: finding test extensions in assemblies ends with: TestAdapter.dll TPluginInfo: Microsoft.VisualStudio.TestPlatform.Common.ExtensionFramework.Utilities.TestDiscovererPluginInformation TExtension: Microsoft.VisualStudio.TestPlatform.ObjectModel.Adapter.ITestDiscoverer
TpTrace Verbose: 0 : 8604, 5, 2024/02/22, 15:49:53.313, 2773798332731, testhost.dll, TestPluginCache.GetExtensionPaths: Filtered extension paths: 
TpTrace Verbose: 0 : 8604, 5, 2024/02/22, 15:49:53.313, 2773798333468, testhost.dll, TestPluginCache.GetExtensionPaths: Added default extension paths: C:\Users\mridulsharma01\OneDrive - Nagarro\Desktop\Insurance app\Inuranceappbackend\Inuranceappbackend.Tests\bin\Debug\net5.0\fine-code-coverage\build-output\xunit.runner.visualstudio.dotnetcore.testadapter.dll
TpTrace Verbose: 0 : 8604, 5, 2024/02/22, 15:49:53.313, 2773798333851, testhost.dll, TestPluginCache.GetExtensionPaths: Added unfilterableExtensionPaths: 
TpTrace Information: 0 : 8604, 5, 2024/02/22, 15:49:53.313, 2773798335797, testhost.dll, AssemblyResolver.AddSearchDirectories: Adding more searchDirectories C:\Users\mridulsharma01\OneDrive - Nagarro\Desktop\Insurance app\Inuranceappbackend\Inuranceappbackend.Tests\bin\Debug\net5.0\fine-code-coverage\build-output
TpTrace Verbose: 0 : 8604, 5, 2024/02/22, 15:49:53.313, 2773798336494, testhost.dll, TestPluginCache.DiscoverTestExtensions: Discovering the extensions using extension path.
TpTrace Verbose: 0 : 8604, 5, 2024/02/22, 15:49:53.314, 2773798336896, testhost.dll, TestPluginCache.GetExtensionPaths: Filtered extension paths: 
TpTrace Verbose: 0 : 8604, 5, 2024/02/22, 15:49:53.314, 2773798337279, testhost.dll, TestPluginCache.GetExtensionPaths: Added default extension paths: C:\Users\mridulsharma01\OneDrive - Nagarro\Desktop\Insurance app\Inuranceappbackend\Inuranceappbackend.Tests\bin\Debug\net5.0\fine-code-coverage\build-output\xunit.runner.visualstudio.dotnetcore.testadapter.dll
TpTrace Verbose: 0 : 8604, 5, 2024/02/22, 15:49:53.314, 2773798337659, testhost.dll, TestPluginCache.GetExtensionPaths: Added unfilterableExtensionPaths: 
TpTrace Verbose: 0 : 8604, 5, 2024/02/22, 15:49:53.314, 2773798338206, testhost.dll, TestPluginCache.DiscoverTestExtensions: Discovering the extensions using allExtensionPaths: C:\Users\mridulsharma01\OneDrive - Nagarro\Desktop\Insurance app\Inuranceappbackend\Inuranceappbackend.Tests\bin\Debug\net5.0\fine-code-coverage\build-output\xunit.runner.visualstudio.dotnetcore.testadapter.dll
TpTrace Information: 0 : 8604, 5, 2024/02/22, 15:49:53.314, 2773798338799, testhost.dll, AssemblyResolver.AddSearchDirectories: Adding more searchDirectories C:\Users\mridulsharma01\OneDrive - Nagarro\Desktop\Insurance app\Inuranceappbackend\Inuranceappbackend.Tests\bin\Debug\net5.0\fine-code-coverage\build-output
TpTrace Verbose: 0 : 8604, 5, 2024/02/22, 15:49:53.318, 2773798379484, testhost.dll, TestPluginCache: Discovered the extensions using extension path ''.
TpTrace Verbose: 0 : 8604, 5, 2024/02/22, 15:49:53.318, 2773798381156, testhost.dll, TestPluginCache: Discoverers are 'Xunit.Runner.VisualStudio.VsTestRunner, xunit.runner.visualstudio.dotnetcore.testadapter, Version=2.4.0.0, Culture=neutral, PublicKeyToken=8d05b1bb7a6fdb6c'.
TpTrace Verbose: 0 : 8604, 5, 2024/02/22, 15:49:53.318, 2773798381668, testhost.dll, TestPluginCache: Executors are 'executor://xunit/VsTestRunner2/netcoreapp'.
TpTrace Verbose: 0 : 8604, 5, 2024/02/22, 15:49:53.318, 2773798382036, testhost.dll, TestPluginCache: Executors2 are ''.
TpTrace Verbose: 0 : 8604, 5, 2024/02/22, 15:49:53.318, 2773798382343, testhost.dll, TestPluginCache: Setting providers are ''.
TpTrace Verbose: 0 : 8604, 5, 2024/02/22, 15:49:53.318, 2773798382644, testhost.dll, TestPluginCache: Loggers are ''.
TpTrace Information: 0 : 8604, 5, 2024/02/22, 15:49:53.332, 2773798519365, testhost.dll, PEReaderHelper.GetAssemblyType: Determined assemblyType:'Managed' for source: 'C:\Users\mridulsharma01\OneDrive - Nagarro\Desktop\Insurance app\Inuranceappbackend\Inuranceappbackend.Tests\bin\Debug\net5.0\fine-code-coverage\build-output\Inuranceappbackend.Tests.dll'
TpTrace Verbose: 0 : 8604, 5, 2024/02/22, 15:49:53.341, 2773798612538, testhost.dll, BaseRunTests.RunTestInternalWithExecutors: Running tests for executor://xunit/VsTestRunner2/netcoreapp
TpTrace Information: 0 : 8604, 5, 2024/02/22, 15:49:53.359, 2773798794754, testhost.dll, [xUnit.net 00:00:00.00] xUnit.net VSTest Adapter v2.4.3+1b45f5407b (64-bit .NET 5.0.17)
TpTrace Verbose: 0 : 8604, 5, 2024/02/22, 15:49:53.359, 2773798796628, testhost.dll, TestRequestHandler.SendData:  sending data from testhost: {"Version":5,"MessageType":"TestSession.Message","Payload":{"MessageLevel":0,"Message":"[xUnit.net 00:00:00.00] xUnit.net VSTest Adapter v2.4.3+1b45f5407b (64-bit .NET 5.0.17)"}}
TpTrace Verbose: 0 : 8604, 4, 2024/02/22, 15:49:54.148, 2773806680231, testhost.dll, TcpClientExtensions.MessageLoopAsync: Polling on remoteEndPoint: [::ffff:127.0.0.1]:51766 localEndPoint: [::ffff:127.0.0.1]:51767
TpTrace Information: 0 : 8604, 5, 2024/02/22, 15:49:54.612, 2773811322808, testhost.dll, AssemblyResolver.OnResolve: xunit.runner.reporters.netcoreapp10: Resolving assembly.
TpTrace Information: 0 : 8604, 5, 2024/02/22, 15:49:54.615, 2773811349089, testhost.dll, AssemblyResolver.OnResolve: Resolved assembly: xunit.runner.reporters.netcoreapp10, from path: C:\Users\mridulsharma01\OneDrive - Nagarro\Desktop\Insurance app\Inuranceappbackend\Inuranceappbackend.Tests\bin\Debug\net5.0\fine-code-coverage\build-output\xunit.runner.reporters.netcoreapp10.dll
TpTrace Information: 0 : 8604, 5, 2024/02/22, 15:49:55.092, 2773816117681, testhost.dll, [xUnit.net 00:00:01.74]   Discovering: Inuranceappbackend.Tests
TpTrace Verbose: 0 : 8604, 5, 2024/02/22, 15:49:55.092, 2773816120100, testhost.dll, TestRequestHandler.SendData:  sending data from testhost: {"Version":5,"MessageType":"TestSession.Message","Payload":{"MessageLevel":0,"Message":"[xUnit.net 00:00:01.74]   Discovering: Inuranceappbackend.Tests"}}
TpTrace Verbose: 0 : 8604, 4, 2024/02/22, 15:49:55.163, 2773816829475, testhost.dll, TcpClientExtensions.MessageLoopAsync: Polling on remoteEndPoint: [::ffff:127.0.0.1]:51766 localEndPoint: [::ffff:127.0.0.1]:51767
TpTrace Information: 0 : 8604, 5, 2024/02/22, 15:49:55.196, 2773817159550, testhost.dll, [xUnit.net 00:00:01.85]   Discovered:  Inuranceappbackend.Tests
TpTrace Verbose: 0 : 8604, 5, 2024/02/22, 15:49:55.196, 2773817161047, testhost.dll, TestRequestHandler.SendData:  sending data from testhost: {"Version":5,"MessageType":"TestSession.Message","Payload":{"MessageLevel":0,"Message":"[xUnit.net 00:00:01.85]   Discovered:  Inuranceappbackend.Tests"}}
TpTrace Information: 0 : 8604, 5, 2024/02/22, 15:49:55.198, 2773817179310, testhost.dll, [xUnit.net 00:00:01.85]   Starting:    Inuranceappbackend.Tests
TpTrace Verbose: 0 : 8604, 5, 2024/02/22, 15:49:55.198, 2773817180508, testhost.dll, TestRequestHandler.SendData:  sending data from testhost: {"Version":5,"MessageType":"TestSession.Message","Payload":{"MessageLevel":0,"Message":"[xUnit.net 00:00:01.85]   Starting:    Inuranceappbackend.Tests"}}
TpTrace Verbose: 0 : 8604, 15, 2024/02/22, 15:49:55.291, 2773818112381, testhost.dll, TestExecutionRecorder.RecordStart: Starting test: Inuranceappbackend.Tests.Helper.PasswordHasherTest.VerifyPassword_IncorrectPassword_ReturnsFalse.
TpTrace Information: 0 : 8604, 15, 2024/02/22, 15:49:55.294, 2773818140461, testhost.dll, Sending test run statistics
TpTrace Verbose: 0 : 8604, 15, 2024/02/22, 15:49:55.322, 2773818425369, testhost.dll, TestRequestHandler.SendData:  sending data from testhost: {"Version":5,"MessageType":"TestExecution.StatsChange","Payload":{"NewTestResults":[],"TestRunStatistics":{"ExecutedTests":0,"Stats":{}},"ActiveTests":[{"Id":"572f0cf1-1982-bb2f-2442-fab9bcf722fe","FullyQualifiedName":"Inuranceappbackend.Tests.Helper.PasswordHasherTest.VerifyPassword_IncorrectPassword_ReturnsFalse","DisplayName":"Inuranceappbackend.Tests.Helper.PasswordHasherTest.VerifyPassword_IncorrectPassword_ReturnsFalse","ExecutorUri":"executor://xunit/VsTestRunner2/netcoreapp","Source":"C:\\Users\\mridulsharma01\\OneDrive - Nagarro\\Desktop\\Insurance app\\Inuranceappbackend\\Inuranceappbackend.Tests\\bin\\Debug\\net5.0\\fine-code-coverage\\build-output\\Inuranceappbackend.Tests.dll","CodeFilePath":null,"LineNumber":0,"Properties":[]}]}}
TpTrace Verbose: 0 : 8604, 15, 2024/02/22, 15:49:55.323, 2773818429002, testhost.dll, TestRunCache: OnNewTestResult: Notified the onCacheHit callback.
TpTrace Verbose: 0 : 8604, 15, 2024/02/22, 15:49:55.421, 2773819409207, testhost.dll, TestExecutionRecorder.RecordStart: Starting test: Inuranceappbackend.Tests.Controllers.UserControllerTest.CreateUser_ReturnsOkResult.
TpTrace Verbose: 0 : 8604, 15, 2024/02/22, 15:49:55.426, 2773819462987, testhost.dll, TestExecutionRecorder.RecordStart: Starting test: Inuranceappbackend.Tests.Repositories.AccountRepositoryTest.Login_UserNotFound.
TpTrace Verbose: 0 : 8604, 15, 2024/02/22, 15:49:55.434, 2773819538984, testhost.dll, TestExecutionRecorder.RecordResult: Received result for test: Inuranceappbackend.Tests.Helper.PasswordHasherTest.VerifyPassword_IncorrectPassword_ReturnsFalse.
TpTrace Warning: 0 : 8604, 15, 2024/02/22, 15:49:55.535, 2773820552548, testhost.dll, TestRunCache: No test found corresponding to testResult 'Inuranceappbackend.Tests.Helper.PasswordHasherTest.VerifyPassword_IncorrectPassword_ReturnsFalse' in inProgress list.
TpTrace Verbose: 0 : 8604, 15, 2024/02/22, 15:49:55.537, 2773820570469, testhost.dll, TestExecutionRecorder.RecordEnd: test: Inuranceappbackend.Tests.Helper.PasswordHasherTest.VerifyPassword_IncorrectPassword_ReturnsFalse execution completed.
TpTrace Verbose: 0 : 8604, 15, 2024/02/22, 15:49:55.537, 2773820574686, testhost.dll, TestExecutionRecorder.RecordStart: Starting test: Inuranceappbackend.Tests.Helper.PasswordHasherTest.HashPassword_ReturnsDifferentHashesForSamePassword.
TpTrace Verbose: 0 : 8604, 15, 2024/02/22, 15:49:55.541, 2773820614054, testhost.dll, TestExecutionRecorder.RecordResult: Received result for test: Inuranceappbackend.Tests.Helper.PasswordHasherTest.HashPassword_ReturnsDifferentHashesForSamePassword.
TpTrace Verbose: 0 : 8604, 15, 2024/02/22, 15:49:55.545, 2773820655302, testhost.dll, TestExecutionRecorder.RecordEnd: test: Inuranceappbackend.Tests.Helper.PasswordHasherTest.HashPassword_ReturnsDifferentHashesForSamePassword execution completed.
TpTrace Verbose: 0 : 8604, 15, 2024/02/22, 15:49:55.546, 2773820657377, testhost.dll, TestExecutionRecorder.RecordStart: Starting test: Inuranceappbackend.Tests.Helper.PasswordHasherTest.VerifyPassword_CorrectPassword_ReturnsTrue.
TpTrace Verbose: 0 : 8604, 15, 2024/02/22, 15:49:55.548, 2773820678029, testhost.dll, TestExecutionRecorder.RecordResult: Received result for test: Inuranceappbackend.Tests.Helper.PasswordHasherTest.VerifyPassword_CorrectPassword_ReturnsTrue.
TpTrace Verbose: 0 : 8604, 15, 2024/02/22, 15:49:55.550, 2773820703072, testhost.dll, TestExecutionRecorder.RecordEnd: test: Inuranceappbackend.Tests.Helper.PasswordHasherTest.VerifyPassword_CorrectPassword_ReturnsTrue execution completed.
TpTrace Verbose: 0 : 8604, 15, 2024/02/22, 15:49:55.639, 2773821595329, testhost.dll, TestExecutionRecorder.RecordResult: Received result for test: Inuranceappbackend.Tests.Controllers.UserControllerTest.CreateUser_ReturnsOkResult.
TpTrace Verbose: 0 : 8604, 15, 2024/02/22, 15:49:55.641, 2773821613702, testhost.dll, TestExecutionRecorder.RecordEnd: test: Inuranceappbackend.Tests.Controllers.UserControllerTest.CreateUser_ReturnsOkResult execution completed.
TpTrace Verbose: 0 : 8604, 15, 2024/02/22, 15:49:55.641, 2773821615101, testhost.dll, TestExecutionRecorder.RecordStart: Starting test: Inuranceappbackend.Tests.Controllers.UserControllerTest.LoginUser_Returns_Ok_When_User_Found.
TpTrace Verbose: 0 : 8604, 15, 2024/02/22, 15:49:55.717, 2773822367551, testhost.dll, TestExecutionRecorder.RecordResult: Received result for test: Inuranceappbackend.Tests.Controllers.UserControllerTest.LoginUser_Returns_Ok_When_User_Found.
TpTrace Verbose: 0 : 8604, 15, 2024/02/22, 15:49:55.719, 2773822391419, testhost.dll, TestExecutionRecorder.RecordEnd: test: Inuranceappbackend.Tests.Controllers.UserControllerTest.LoginUser_Returns_Ok_When_User_Found execution completed.
TpTrace Verbose: 0 : 8604, 15, 2024/02/22, 15:49:55.719, 2773822393819, testhost.dll, TestExecutionRecorder.RecordStart: Starting test: Inuranceappbackend.Tests.Controllers.UserControllerTest.LoginUser_Returns_InternalServerError_When_DecryptionFails.
TpTrace Verbose: 0 : 8604, 15, 2024/02/22, 15:49:55.722, 2773822416699, testhost.dll, TestExecutionRecorder.RecordResult: Received result for test: Inuranceappbackend.Tests.Controllers.UserControllerTest.LoginUser_Returns_InternalServerError_When_DecryptionFails.
TpTrace Verbose: 0 : 8604, 15, 2024/02/22, 15:49:55.723, 2773822433202, testhost.dll, TestExecutionRecorder.RecordEnd: test: Inuranceappbackend.Tests.Controllers.UserControllerTest.LoginUser_Returns_InternalServerError_When_DecryptionFails execution completed.
TpTrace Verbose: 0 : 8604, 15, 2024/02/22, 15:49:55.723, 2773822434506, testhost.dll, TestExecutionRecorder.RecordStart: Starting test: Inuranceappbackend.Tests.Controllers.UserControllerTest.LoginUser_Returns_Unauthorized_When_User_Not_Found.
TpTrace Error: 0 : 8604, 15, 2024/02/22, 15:49:55.749, 2773822695916, testhost.dll, [xUnit.net 00:00:02.40]     Inuranceappbackend.Tests.Controllers.UserControllerTest.LoginUser_Returns_Unauthorized_When_User_Not_Found [FAIL]
TpTrace Verbose: 0 : 8604, 15, 2024/02/22, 15:49:55.750, 2773822698002, testhost.dll, TestRequestHandler.SendData:  sending data from testhost: {"Version":5,"MessageType":"TestSession.Message","Payload":{"MessageLevel":2,"Message":"[xUnit.net 00:00:02.40]     Inuranceappbackend.Tests.Controllers.UserControllerTest.LoginUser_Returns_Unauthorized_When_User_Not_Found [FAIL]"}}
TpTrace Information: 0 : 8604, 15, 2024/02/22, 15:49:55.751, 2773822708341, testhost.dll, [xUnit.net 00:00:02.40]       Assert.IsType() Failure
TpTrace Verbose: 0 : 8604, 15, 2024/02/22, 15:49:55.751, 2773822709725, testhost.dll, TestRequestHandler.SendData:  sending data from testhost: {"Version":5,"MessageType":"TestSession.Message","Payload":{"MessageLevel":0,"Message":"[xUnit.net 00:00:02.40]       Assert.IsType() Failure"}}
TpTrace Information: 0 : 8604, 15, 2024/02/22, 15:49:55.751, 2773822711802, testhost.dll, [xUnit.net 00:00:02.40]       Expected: Microsoft.AspNetCore.Mvc.NotFoundResult
TpTrace Verbose: 0 : 8604, 15, 2024/02/22, 15:49:55.751, 2773822712319, testhost.dll, TestRequestHandler.SendData:  sending data from testhost: {"Version":5,"MessageType":"TestSession.Message","Payload":{"MessageLevel":0,"Message":"[xUnit.net 00:00:02.40]       Expected: Microsoft.AspNetCore.Mvc.NotFoundResult"}}
TpTrace Information: 0 : 8604, 15, 2024/02/22, 15:49:55.751, 2773822713128, testhost.dll, [xUnit.net 00:00:02.40]       Actual:   Microsoft.AspNetCore.Mvc.OkObjectResult
TpTrace Verbose: 0 : 8604, 15, 2024/02/22, 15:49:55.751, 2773822714146, testhost.dll, TestRequestHandler.SendData:  sending data from testhost: {"Version":5,"MessageType":"TestSession.Message","Payload":{"MessageLevel":0,"Message":"[xUnit.net 00:00:02.40]       Actual:   Microsoft.AspNetCore.Mvc.OkObjectResult"}}
TpTrace Information: 0 : 8604, 15, 2024/02/22, 15:49:55.752, 2773822721177, testhost.dll, [xUnit.net 00:00:02.40]       Stack Trace:
TpTrace Verbose: 0 : 8604, 15, 2024/02/22, 15:49:55.752, 2773822722548, testhost.dll, TestRequestHandler.SendData:  sending data from testhost: {"Version":5,"MessageType":"TestSession.Message","Payload":{"MessageLevel":0,"Message":"[xUnit.net 00:00:02.40]       Stack Trace:"}}
TpTrace Information: 0 : 8604, 15, 2024/02/22, 15:49:55.754, 2773822745596, testhost.dll, [xUnit.net 00:00:02.41]         C:\Users\mridulsharma01\OneDrive - Nagarro\Desktop\Insurance app\Inuranceappbackend\Inuranceappbackend.Tests\Controllers\UserControllerTest.cs(48,0): at Inuranceappbackend.Tests.Controllers.UserControllerTest.LoginUser_Returns_Unauthorized_When_User_Not_Found()
TpTrace Verbose: 0 : 8604, 15, 2024/02/22, 15:49:55.755, 2773822747319, testhost.dll, TestRequestHandler.SendData:  sending data from testhost: {"Version":5,"MessageType":"TestSession.Message","Payload":{"MessageLevel":0,"Message":"[xUnit.net 00:00:02.41]         C:\\Users\\mridulsharma01\\OneDrive - Nagarro\\Desktop\\Insurance app\\Inuranceappbackend\\Inuranceappbackend.Tests\\Controllers\\UserControllerTest.cs(48,0): at Inuranceappbackend.Tests.Controllers.UserControllerTest.LoginUser_Returns_Unauthorized_When_User_Not_Found()"}}
TpTrace Verbose: 0 : 8604, 15, 2024/02/22, 15:49:55.756, 2773822757273, testhost.dll, TestExecutionRecorder.RecordResult: Received result for test: Inuranceappbackend.Tests.Controllers.UserControllerTest.LoginUser_Returns_Unauthorized_When_User_Not_Found.
TpTrace Verbose: 0 : 8604, 15, 2024/02/22, 15:49:55.757, 2773822774276, testhost.dll, TestExecutionRecorder.RecordEnd: test: Inuranceappbackend.Tests.Controllers.UserControllerTest.LoginUser_Returns_Unauthorized_When_User_Not_Found execution completed.
TpTrace Verbose: 0 : 8604, 15, 2024/02/22, 15:49:55.757, 2773822775208, testhost.dll, TestExecutionRecorder.RecordStart: Starting test: Inuranceappbackend.Tests.Controllers.UserControllerTest.LoginUser_Returns_Ok_And_Token_When_Credentials_Are_Valid.
TpTrace Verbose: 0 : 8604, 15, 2024/02/22, 15:49:55.817, 2773823374265, testhost.dll, TestExecutionRecorder.RecordResult: Received result for test: Inuranceappbackend.Tests.Controllers.UserControllerTest.LoginUser_Returns_Ok_And_Token_When_Credentials_Are_Valid.
TpTrace Verbose: 0 : 8604, 15, 2024/02/22, 15:49:55.819, 2773823391610, testhost.dll, TestExecutionRecorder.RecordEnd: test: Inuranceappbackend.Tests.Controllers.UserControllerTest.LoginUser_Returns_Ok_And_Token_When_Credentials_Are_Valid execution completed.
TpTrace Verbose: 0 : 8604, 15, 2024/02/22, 15:49:55.819, 2773823392801, testhost.dll, TestExecutionRecorder.RecordStart: Starting test: Inuranceappbackend.Tests.Controllers.UserControllerTest.CreateUser_Returns_InternalServerError_When_ExceptionThrown.
TpTrace Information: 0 : 8604, 15, 2024/02/22, 15:49:55.819, 2773823393621, testhost.dll, Sending test run statistics
TpTrace Verbose: 0 : 8604, 15, 2024/02/22, 15:49:55.829, 2773823492952, testhost.dll, TestRequestHandler.SendData:  sending data from testhost: {"Version":5,"MessageType":"TestExecution.StatsChange","Payload":{"NewTestResults":[{"TestCase":{"Id":"572f0cf1-1982-bb2f-2442-fab9bcf722fe","FullyQualifiedName":"Inuranceappbackend.Tests.Helper.PasswordHasherTest.VerifyPassword_IncorrectPassword_ReturnsFalse","DisplayName":"Inuranceappbackend.Tests.Helper.PasswordHasherTest.VerifyPassword_IncorrectPassword_ReturnsFalse","ExecutorUri":"executor://xunit/VsTestRunner2/netcoreapp","Source":"C:\\Users\\mridulsharma01\\OneDrive - Nagarro\\Desktop\\Insurance app\\Inuranceappbackend\\Inuranceappbackend.Tests\\bin\\Debug\\net5.0\\fine-code-coverage\\build-output\\Inuranceappbackend.Tests.dll","CodeFilePath":null,"LineNumber":0,"Properties":[]},"Attachments":[],"Outcome":1,"ErrorMessage":null,"ErrorStackTrace":null,"DisplayName":"Inuranceappbackend.Tests.Helper.PasswordHasherTest.VerifyPassword_IncorrectPassword_ReturnsFalse","Messages":[],"ComputerName":"IN-320D5S3","Duration":"00:00:00.0501838","StartTime":"2024-02-22T10:19:55.4331307+00:00","EndTime":"2024-02-22T10:19:55.4333104+00:00","Properties":[]},{"TestCase":{"Id":"0a4a89df-4b36-e87e-df5f-7d0a4605c19d","FullyQualifiedName":"Inuranceappbackend.Tests.Helper.PasswordHasherTest.HashPassword_ReturnsDifferentHashesForSamePassword","DisplayName":"Inuranceappbackend.Tests.Helper.PasswordHasherTest.HashPassword_ReturnsDifferentHashesForSamePassword","ExecutorUri":"executor://xunit/VsTestRunner2/netcoreapp","Source":"C:\\Users\\mridulsharma01\\OneDrive - Nagarro\\Desktop\\Insurance app\\Inuranceappbackend\\Inuranceappbackend.Tests\\bin\\Debug\\net5.0\\fine-code-coverage\\build-output\\Inuranceappbackend.Tests.dll","CodeFilePath":null,"LineNumber":0,"Properties":[]},"Attachments":[],"Outcome":1,"ErrorMessage":null,"ErrorStackTrace":null,"DisplayName":"Inuranceappbackend.Tests.Helper.PasswordHasherTest.HashPassword_ReturnsDifferentHashesForSamePassword","Messages":[],"ComputerName":"IN-320D5S3","Duration":"00:00:00.0874115","StartTime":"2024-02-22T10:19:55.5417038+00:00","EndTime":"2024-02-22T10:19:55.5417079+00:00","Properties":[]},{"TestCase":{"Id":"d0f6e9b7-b7bd-a57d-0d81-ac2453abc6dc","FullyQualifiedName":"Inuranceappbackend.Tests.Helper.PasswordHasherTest.VerifyPassword_CorrectPassword_ReturnsTrue","DisplayName":"Inuranceappbackend.Tests.Helper.PasswordHasherTest.VerifyPassword_CorrectPassword_ReturnsTrue","ExecutorUri":"executor://xunit/VsTestRunner2/netcoreapp","Source":"C:\\Users\\mridulsharma01\\OneDrive - Nagarro\\Desktop\\Insurance app\\Inuranceappbackend\\Inuranceappbackend.Tests\\bin\\Debug\\net5.0\\fine-code-coverage\\build-output\\Inuranceappbackend.Tests.dll","CodeFilePath":null,"LineNumber":0,"Properties":[]},"Attachments":[],"Outcome":1,"ErrorMessage":null,"ErrorStackTrace":null,"DisplayName":"Inuranceappbackend.Tests.Helper.PasswordHasherTest.VerifyPassword_CorrectPassword_ReturnsTrue","Messages":[],"ComputerName":"IN-320D5S3","Duration":"00:00:00.0380063","StartTime":"2024-02-22T10:19:55.5481364+00:00","EndTime":"2024-02-22T10:19:55.54814+00:00","Properties":[]},{"TestCase":{"Id":"83baf989-2f25-c335-81a1-70f057e93ecf","FullyQualifiedName":"Inuranceappbackend.Tests.Controllers.UserControllerTest.CreateUser_ReturnsOkResult","DisplayName":"Inuranceappbackend.Tests.Controllers.UserControllerTest.CreateUser_ReturnsOkResult","ExecutorUri":"executor://xunit/VsTestRunner2/netcoreapp","Source":"C:\\Users\\mridulsharma01\\OneDrive - Nagarro\\Desktop\\Insurance app\\Inuranceappbackend\\Inuranceappbackend.Tests\\bin\\Debug\\net5.0\\fine-code-coverage\\build-output\\Inuranceappbackend.Tests.dll","CodeFilePath":null,"LineNumber":0,"Properties":[]},"Attachments":[],"Outcome":1,"ErrorMessage":null,"ErrorStackTrace":null,"DisplayName":"Inuranceappbackend.Tests.Controllers.UserControllerTest.CreateUser_ReturnsOkResult","Messages":[],"ComputerName":"IN-320D5S3","Duration":"00:00:00.3889120","StartTime":"2024-02-22T10:19:55.6398713+00:00","EndTime":"2024-02-22T10:19:55.6398744+00:00","Properties":[]},{"TestCase":{"Id":"fa3392d6-cdfb-0f84-38da-a8562e718f1f","FullyQualifiedName":"Inuranceappbackend.Tests.Controllers.UserControllerTest.LoginUser_Returns_Ok_When_User_Found","DisplayName":"Inuranceappbackend.Tests.Controllers.UserControllerTest.LoginUser_Returns_Ok_When_User_Found","ExecutorUri":"executor://xunit/VsTestRunner2/netcoreapp","Source":"C:\\Users\\mridulsharma01\\OneDrive - Nagarro\\Desktop\\Insurance app\\Inuranceappbackend\\Inuranceappbackend.Tests\\bin\\Debug\\net5.0\\fine-code-coverage\\build-output\\Inuranceappbackend.Tests.dll","CodeFilePath":null,"LineNumber":0,"Properties":[]},"Attachments":[],"Outcome":1,"ErrorMessage":null,"ErrorStackTrace":null,"DisplayName":"Inuranceappbackend.Tests.Controllers.UserControllerTest.LoginUser_Returns_Ok_When_User_Found","Messages":[],"ComputerName":"IN-320D5S3","Duration":"00:00:00.0770511","StartTime":"2024-02-22T10:19:55.7170823+00:00","EndTime":"2024-02-22T10:19:55.7170863+00:00","Properties":[]},{"TestCase":{"Id":"ff088853-9d2b-a93c-e49d-6a4112552df8","FullyQualifiedName":"Inuranceappbackend.Tests.Controllers.UserControllerTest.LoginUser_Returns_InternalServerError_When_DecryptionFails","DisplayName":"Inuranceappbackend.Tests.Controllers.UserControllerTest.LoginUser_Returns_InternalServerError_When_DecryptionFails","ExecutorUri":"executor://xunit/VsTestRunner2/netcoreapp","Source":"C:\\Users\\mridulsharma01\\OneDrive - Nagarro\\Desktop\\Insurance app\\Inuranceappbackend\\Inuranceappbackend.Tests\\bin\\Debug\\net5.0\\fine-code-coverage\\build-output\\Inuranceappbackend.Tests.dll","CodeFilePath":null,"LineNumber":0,"Properties":[]},"Attachments":[],"Outcome":1,"ErrorMessage":null,"ErrorStackTrace":null,"DisplayName":"Inuranceappbackend.Tests.Controllers.UserControllerTest.LoginUser_Returns_InternalServerError_When_DecryptionFails","Messages":[],"ComputerName":"IN-320D5S3","Duration":"00:00:00.0038987","StartTime":"2024-02-22T10:19:55.7220128+00:00","EndTime":"2024-02-22T10:19:55.7220154+00:00","Properties":[]},{"TestCase":{"Id":"f61f6f21-911b-62ef-644b-d93698026bf0","FullyQualifiedName":"Inuranceappbackend.Tests.Controllers.UserControllerTest.LoginUser_Returns_Unauthorized_When_User_Not_Found","DisplayName":"Inuranceappbackend.Tests.Controllers.UserControllerTest.LoginUser_Returns_Unauthorized_When_User_Not_Found","ExecutorUri":"executor://xunit/VsTestRunner2/netcoreapp","Source":"C:\\Users\\mridulsharma01\\OneDrive - Nagarro\\Desktop\\Insurance app\\Inuranceappbackend\\Inuranceappbackend.Tests\\bin\\Debug\\net5.0\\fine-code-coverage\\build-output\\Inuranceappbackend.Tests.dll","CodeFilePath":null,"LineNumber":0,"Properties":[]},"Attachments":[],"Outcome":2,"ErrorMessage":"Assert.IsType() Failure\r\nExpected: Microsoft.AspNetCore.Mvc.NotFoundResult\r\nActual:   Microsoft.AspNetCore.Mvc.OkObjectResult","ErrorStackTrace":"   at Inuranceappbackend.Tests.Controllers.UserControllerTest.LoginUser_Returns_Unauthorized_When_User_Not_Found() in C:\\Users\\mridulsharma01\\OneDrive - Nagarro\\Desktop\\Insurance app\\Inuranceappbackend\\Inuranceappbackend.Tests\\Controllers\\UserControllerTest.cs:line 48","DisplayName":"Inuranceappbackend.Tests.Controllers.UserControllerTest.LoginUser_Returns_Unauthorized_When_User_Not_Found","Messages":[],"ComputerName":"IN-320D5S3","Duration":"00:00:00.0046505","StartTime":"2024-02-22T10:19:55.755951+00:00","EndTime":"2024-02-22T10:19:55.7559531+00:00","Properties":[]},{"TestCase":{"Id":"20e78241-33e5-77b2-ee0b-601bb7cee3c7","FullyQualifiedName":"Inuranceappbackend.Tests.Controllers.UserControllerTest.LoginUser_Returns_Ok_And_Token_When_Credentials_Are_Valid","DisplayName":"Inuranceappbackend.Tests.Controllers.UserControllerTest.LoginUser_Returns_Ok_And_Token_When_Credentials_Are_Valid","ExecutorUri":"executor://xunit/VsTestRunner2/netcoreapp","Source":"C:\\Users\\mridulsharma01\\OneDrive - Nagarro\\Desktop\\Insurance app\\Inuranceappbackend\\Inuranceappbackend.Tests\\bin\\Debug\\net5.0\\fine-code-coverage\\build-output\\Inuranceappbackend.Tests.dll","CodeFilePath":null,"LineNumber":0,"Properties":[]},"Attachments":[],"Outcome":1,"ErrorMessage":null,"ErrorStackTrace":null,"DisplayName":"Inuranceappbackend.Tests.Controllers.UserControllerTest.LoginUser_Returns_Ok_And_Token_When_Credentials_Are_Valid","Messages":[],"ComputerName":"IN-320D5S3","Duration":"00:00:00.0011164","StartTime":"2024-02-22T10:19:55.8177644+00:00","EndTime":"2024-02-22T10:19:55.8177675+00:00","Properties":[]}],"TestRunStatistics":{"ExecutedTests":8,"Stats":{"Passed":7,"Failed":1}},"ActiveTests":[{"Id":"a945da4a-0301-f031-5ea3-ce248dc2694a","FullyQualifiedName":"Inuranceappbackend.Tests.Repositories.AccountRepositoryTest.Login_UserNotFound","DisplayName":"Inuranceappbackend.Tests.Repositories.AccountRepositoryTest.Login_UserNotFound","ExecutorUri":"executor://xunit/VsTestRunner2/netcoreapp","Source":"C:\\Users\\mridulsharma01\\OneDrive - Nagarro\\Desktop\\Insurance app\\Inuranceappbackend\\Inuranceappbackend.Tests\\bin\\Debug\\net5.0\\fine-code-coverage\\build-output\\Inuranceappbackend.Tests.dll","CodeFilePath":null,"LineNumber":0,"Properties":[]},{"Id":"368ca582-6fc3-9b72-2fb5-353c7fb46dff","FullyQualifiedName":"Inuranceappbackend.Tests.Controllers.UserControllerTest.CreateUser_Returns_InternalServerError_When_ExceptionThrown","DisplayName":"Inuranceappbackend.Tests.Controllers.UserControllerTest.CreateUser_Returns_InternalServerError_When_ExceptionThrown","ExecutorUri":"executor://xunit/VsTestRunner2/netcoreapp","Source":"C:\\Users\\mridulsharma01\\OneDrive - Nagarro\\Desktop\\Insurance app\\Inuranceappbackend\\Inuranceappbackend.Tests\\bin\\Debug\\net5.0\\fine-code-coverage\\build-output\\Inuranceappbackend.Tests.dll","CodeFilePath":null,"LineNumber":0,"Properties":[]}]}}
TpTrace Verbose: 0 : 8604, 15, 2024/02/22, 15:49:55.830, 2773823497068, testhost.dll, TestRunCache: OnNewTestResult: Notified the onCacheHit callback.
TpTrace Verbose: 0 : 8604, 15, 2024/02/22, 15:49:55.831, 2773823514479, testhost.dll, TestExecutionRecorder.RecordResult: Received result for test: Inuranceappbackend.Tests.Controllers.UserControllerTest.CreateUser_Returns_InternalServerError_When_ExceptionThrown.
TpTrace Warning: 0 : 8604, 15, 2024/02/22, 15:49:55.833, 2773823529005, testhost.dll, TestRunCache: InProgressTests is null
TpTrace Warning: 0 : 8604, 15, 2024/02/22, 15:49:55.833, 2773823530128, testhost.dll, TestRunCache: No test found corresponding to testResult 'Inuranceappbackend.Tests.Controllers.UserControllerTest.CreateUser_Returns_InternalServerError_When_ExceptionThrown' in inProgress list.
TpTrace Verbose: 0 : 8604, 15, 2024/02/22, 15:49:55.833, 2773823531202, testhost.dll, TestExecutionRecorder.RecordEnd: test: Inuranceappbackend.Tests.Controllers.UserControllerTest.CreateUser_Returns_InternalServerError_When_ExceptionThrown execution completed.
TpTrace Warning: 0 : 8604, 15, 2024/02/22, 15:49:55.833, 2773823531611, testhost.dll, TestRunCache: InProgressTests is null
TpTrace Verbose: 0 : 8604, 4, 2024/02/22, 15:49:56.163, 2773826830693, testhost.dll, TcpClientExtensions.MessageLoopAsync: Polling on remoteEndPoint: [::ffff:127.0.0.1]:51766 localEndPoint: [::ffff:127.0.0.1]:51767
TpTrace Error: 0 : 8604, 15, 2024/02/22, 15:49:56.514, 2773830345397, testhost.dll, [xUnit.net 00:00:03.17]     Inuranceappbackend.Tests.Repositories.AccountRepositoryTest.Login_UserNotFound [FAIL]
TpTrace Verbose: 0 : 8604, 15, 2024/02/22, 15:49:56.515, 2773830347925, testhost.dll, TestRequestHandler.SendData:  sending data from testhost: {"Version":5,"MessageType":"TestSession.Message","Payload":{"MessageLevel":2,"Message":"[xUnit.net 00:00:03.17]     Inuranceappbackend.Tests.Repositories.AccountRepositoryTest.Login_UserNotFound [FAIL]"}}
TpTrace Information: 0 : 8604, 15, 2024/02/22, 15:49:56.515, 2773830350907, testhost.dll, [xUnit.net 00:00:03.17]       Assert.Throws() Failure
TpTrace Verbose: 0 : 8604, 15, 2024/02/22, 15:49:56.515, 2773830352369, testhost.dll, TestRequestHandler.SendData:  sending data from testhost: {"Version":5,"MessageType":"TestSession.Message","Payload":{"MessageLevel":0,"Message":"[xUnit.net 00:00:03.17]       Assert.Throws() Failure"}}
TpTrace Information: 0 : 8604, 15, 2024/02/22, 15:49:56.515, 2773830353771, testhost.dll, [xUnit.net 00:00:03.17]       Expected: typeof(System.Exception)
TpTrace Verbose: 0 : 8604, 15, 2024/02/22, 15:49:56.515, 2773830354893, testhost.dll, TestRequestHandler.SendData:  sending data from testhost: {"Version":5,"MessageType":"TestSession.Message","Payload":{"MessageLevel":0,"Message":"[xUnit.net 00:00:03.17]       Expected: typeof(System.Exception)"}}
TpTrace Information: 0 : 8604, 15, 2024/02/22, 15:49:56.515, 2773830356233, testhost.dll, [xUnit.net 00:00:03.17]       Actual:   (No exception was thrown)
TpTrace Verbose: 0 : 8604, 15, 2024/02/22, 15:49:56.516, 2773830359468, testhost.dll, TestRequestHandler.SendData:  sending data from testhost: {"Version":5,"MessageType":"TestSession.Message","Payload":{"MessageLevel":0,"Message":"[xUnit.net 00:00:03.17]       Actual:   (No exception was thrown)"}}
TpTrace Information: 0 : 8604, 15, 2024/02/22, 15:49:56.516, 2773830362153, testhost.dll, [xUnit.net 00:00:03.17]       Stack Trace:
TpTrace Verbose: 0 : 8604, 15, 2024/02/22, 15:49:56.516, 2773830363509, testhost.dll, TestRequestHandler.SendData:  sending data from testhost: {"Version":5,"MessageType":"TestSession.Message","Payload":{"MessageLevel":0,"Message":"[xUnit.net 00:00:03.17]       Stack Trace:"}}
TpTrace Information: 0 : 8604, 15, 2024/02/22, 15:49:56.516, 2773830365736, testhost.dll, [xUnit.net 00:00:03.17]         C:\Users\mridulsharma01\OneDrive - Nagarro\Desktop\Insurance app\Inuranceappbackend\Inuranceappbackend.Tests\Repositories\AccountRepositoryTest.cs(81,0): at Inuranceappbackend.Tests.Repositories.AccountRepositoryTest.Login_UserNotFound()
TpTrace Verbose: 0 : 8604, 15, 2024/02/22, 15:49:56.517, 2773830366750, testhost.dll, TestRequestHandler.SendData:  sending data from testhost: {"Version":5,"MessageType":"TestSession.Message","Payload":{"MessageLevel":0,"Message":"[xUnit.net 00:00:03.17]         C:\\Users\\mridulsharma01\\OneDrive - Nagarro\\Desktop\\Insurance app\\Inuranceappbackend\\Inuranceappbackend.Tests\\Repositories\\AccountRepositoryTest.cs(81,0): at Inuranceappbackend.Tests.Repositories.AccountRepositoryTest.Login_UserNotFound()"}}
TpTrace Verbose: 0 : 8604, 15, 2024/02/22, 15:49:56.517, 2773830369038, testhost.dll, TestExecutionRecorder.RecordResult: Received result for test: Inuranceappbackend.Tests.Repositories.AccountRepositoryTest.Login_UserNotFound.
TpTrace Warning: 0 : 8604, 15, 2024/02/22, 15:49:56.519, 2773830392080, testhost.dll, TestRunCache: InProgressTests is null
TpTrace Warning: 0 : 8604, 15, 2024/02/22, 15:49:56.519, 2773830393251, testhost.dll, TestRunCache: No test found corresponding to testResult 'Inuranceappbackend.Tests.Repositories.AccountRepositoryTest.Login_UserNotFound' in inProgress list.
TpTrace Verbose: 0 : 8604, 15, 2024/02/22, 15:49:56.519, 2773830394236, testhost.dll, TestExecutionRecorder.RecordEnd: test: Inuranceappbackend.Tests.Repositories.AccountRepositoryTest.Login_UserNotFound execution completed.
TpTrace Warning: 0 : 8604, 15, 2024/02/22, 15:49:56.519, 2773830394632, testhost.dll, TestRunCache: InProgressTests is null
TpTrace Verbose: 0 : 8604, 15, 2024/02/22, 15:49:56.519, 2773830395184, testhost.dll, TestExecutionRecorder.RecordStart: Starting test: Inuranceappbackend.Tests.Repositories.AccountRepositoryTest.Login_Successful.
TpTrace Verbose: 0 : 8604, 15, 2024/02/22, 15:49:56.663, 2773831832636, testhost.dll, TestExecutionRecorder.RecordResult: Received result for test: Inuranceappbackend.Tests.Repositories.AccountRepositoryTest.Login_Successful.
TpTrace Verbose: 0 : 8604, 15, 2024/02/22, 15:49:56.665, 2773831849625, testhost.dll, TestExecutionRecorder.RecordEnd: test: Inuranceappbackend.Tests.Repositories.AccountRepositoryTest.Login_Successful execution completed.
TpTrace Warning: 0 : 8604, 15, 2024/02/22, 15:49:56.665, 2773831850743, testhost.dll, TestRunCache: InProgressTests is null
TpTrace Verbose: 0 : 8604, 15, 2024/02/22, 15:49:56.665, 2773831851421, testhost.dll, TestExecutionRecorder.RecordStart: Starting test: Inuranceappbackend.Tests.Repositories.AccountRepositoryTest.CreateUser_Successfully.
TpTrace Error: 0 : 8604, 15, 2024/02/22, 15:49:56.691, 2773832109765, testhost.dll, [xUnit.net 00:00:03.34]     Inuranceappbackend.Tests.Repositories.AccountRepositoryTest.CreateUser_Successfully [FAIL]
TpTrace Verbose: 0 : 8604, 15, 2024/02/22, 15:49:56.691, 2773832111949, testhost.dll, TestRequestHandler.SendData:  sending data from testhost: {"Version":5,"MessageType":"TestSession.Message","Payload":{"MessageLevel":2,"Message":"[xUnit.net 00:00:03.34]     Inuranceappbackend.Tests.Repositories.AccountRepositoryTest.CreateUser_Successfully [FAIL]"}}
TpTrace Information: 0 : 8604, 15, 2024/02/22, 15:49:56.691, 2773832114527, testhost.dll, [xUnit.net 00:00:03.34]       Assert.Equal() Failure
TpTrace Verbose: 0 : 8604, 15, 2024/02/22, 15:49:56.691, 2773832116086, testhost.dll, TestRequestHandler.SendData:  sending data from testhost: {"Version":5,"MessageType":"TestSession.Message","Payload":{"MessageLevel":0,"Message":"[xUnit.net 00:00:03.34]       Assert.Equal() Failure"}}
TpTrace Information: 0 : 8604, 15, 2024/02/22, 15:49:56.692, 2773832117518, testhost.dll, [xUnit.net 00:00:03.34]                  (pos 0)
TpTrace Verbose: 0 : 8604, 15, 2024/02/22, 15:49:56.692, 2773832118471, testhost.dll, TestRequestHandler.SendData:  sending data from testhost: {"Version":5,"MessageType":"TestSession.Message","Payload":{"MessageLevel":0,"Message":"[xUnit.net 00:00:03.34]                  (pos 0)"}}
TpTrace Information: 0 : 8604, 15, 2024/02/22, 15:49:56.692, 2773832119724, testhost.dll, [xUnit.net 00:00:03.34]       Expected: Success
TpTrace Verbose: 0 : 8604, 15, 2024/02/22, 15:49:56.692, 2773832122238, testhost.dll, TestRequestHandler.SendData:  sending data from testhost: {"Version":5,"MessageType":"TestSession.Message","Payload":{"MessageLevel":0,"Message":"[xUnit.net 00:00:03.34]       Expected: Success"}}
TpTrace Information: 0 : 8604, 15, 2024/02/22, 15:49:56.692, 2773832124180, testhost.dll, [xUnit.net 00:00:03.34]       Actual:   FAILURE
TpTrace Verbose: 0 : 8604, 15, 2024/02/22, 15:49:56.692, 2773832125073, testhost.dll, TestRequestHandler.SendData:  sending data from testhost: {"Version":5,"MessageType":"TestSession.Message","Payload":{"MessageLevel":0,"Message":"[xUnit.net 00:00:03.34]       Actual:   FAILURE"}}
TpTrace Information: 0 : 8604, 15, 2024/02/22, 15:49:56.693, 2773832126564, testhost.dll, [xUnit.net 00:00:03.34]                  (pos 0)
TpTrace Verbose: 0 : 8604, 15, 2024/02/22, 15:49:56.693, 2773832127399, testhost.dll, TestRequestHandler.SendData:  sending data from testhost: {"Version":5,"MessageType":"TestSession.Message","Payload":{"MessageLevel":0,"Message":"[xUnit.net 00:00:03.34]                  (pos 0)"}}
TpTrace Information: 0 : 8604, 15, 2024/02/22, 15:49:56.693, 2773832128731, testhost.dll, [xUnit.net 00:00:03.35]       Stack Trace:
TpTrace Verbose: 0 : 8604, 15, 2024/02/22, 15:49:56.693, 2773832129506, testhost.dll, TestRequestHandler.SendData:  sending data from testhost: {"Version":5,"MessageType":"TestSession.Message","Payload":{"MessageLevel":0,"Message":"[xUnit.net 00:00:03.35]       Stack Trace:"}}
TpTrace Information: 0 : 8604, 15, 2024/02/22, 15:49:56.693, 2773832132792, testhost.dll, [xUnit.net 00:00:03.35]         C:\Users\mridulsharma01\OneDrive - Nagarro\Desktop\Insurance app\Inuranceappbackend\Inuranceappbackend.Tests\Repositories\AccountRepositoryTest.cs(27,0): at Inuranceappbackend.Tests.Repositories.AccountRepositoryTest.CreateUser_Successfully()
TpTrace Verbose: 0 : 8604, 15, 2024/02/22, 15:49:56.693, 2773832134168, testhost.dll, TestRequestHandler.SendData:  sending data from testhost: {"Version":5,"MessageType":"TestSession.Message","Payload":{"MessageLevel":0,"Message":"[xUnit.net 00:00:03.35]         C:\\Users\\mridulsharma01\\OneDrive - Nagarro\\Desktop\\Insurance app\\Inuranceappbackend\\Inuranceappbackend.Tests\\Repositories\\AccountRepositoryTest.cs(27,0): at Inuranceappbackend.Tests.Repositories.AccountRepositoryTest.CreateUser_Successfully()"}}
TpTrace Verbose: 0 : 8604, 15, 2024/02/22, 15:49:56.693, 2773832136152, testhost.dll, TestExecutionRecorder.RecordResult: Received result for test: Inuranceappbackend.Tests.Repositories.AccountRepositoryTest.CreateUser_Successfully.
TpTrace Verbose: 0 : 8604, 15, 2024/02/22, 15:49:56.695, 2773832155707, testhost.dll, TestExecutionRecorder.RecordEnd: test: Inuranceappbackend.Tests.Repositories.AccountRepositoryTest.CreateUser_Successfully execution completed.
TpTrace Warning: 0 : 8604, 15, 2024/02/22, 15:49:56.696, 2773832156716, testhost.dll, TestRunCache: InProgressTests is null
TpTrace Verbose: 0 : 8604, 15, 2024/02/22, 15:49:56.696, 2773832157382, testhost.dll, TestExecutionRecorder.RecordStart: Starting test: Inuranceappbackend.Tests.Repositories.AccountRepositoryTest.CreateUser_Failure_UserAlreadyExists.
TpTrace Error: 0 : 8604, 15, 2024/02/22, 15:49:56.708, 2773832283721, testhost.dll, [xUnit.net 00:00:03.36]     Inuranceappbackend.Tests.Repositories.AccountRepositoryTest.CreateUser_Failure_UserAlreadyExists [FAIL]
TpTrace Verbose: 0 : 8604, 15, 2024/02/22, 15:49:56.708, 2773832285895, testhost.dll, TestRequestHandler.SendData:  sending data from testhost: {"Version":5,"MessageType":"TestSession.Message","Payload":{"MessageLevel":2,"Message":"[xUnit.net 00:00:03.36]     Inuranceappbackend.Tests.Repositories.AccountRepositoryTest.CreateUser_Failure_UserAlreadyExists [FAIL]"}}
TpTrace Information: 0 : 8604, 15, 2024/02/22, 15:49:56.709, 2773832289089, testhost.dll, [xUnit.net 00:00:03.36]       Assert.Equal() Failure
TpTrace Verbose: 0 : 8604, 15, 2024/02/22, 15:49:56.709, 2773832290368, testhost.dll, TestRequestHandler.SendData:  sending data from testhost: {"Version":5,"MessageType":"TestSession.Message","Payload":{"MessageLevel":0,"Message":"[xUnit.net 00:00:03.36]       Assert.Equal() Failure"}}
TpTrace Information: 0 : 8604, 15, 2024/02/22, 15:49:56.709, 2773832292343, testhost.dll, [xUnit.net 00:00:03.36]       Expected: 1
TpTrace Verbose: 0 : 8604, 15, 2024/02/22, 15:49:56.709, 2773832293303, testhost.dll, TestRequestHandler.SendData:  sending data from testhost: {"Version":5,"MessageType":"TestSession.Message","Payload":{"MessageLevel":0,"Message":"[xUnit.net 00:00:03.36]       Expected: 1"}}
TpTrace Information: 0 : 8604, 15, 2024/02/22, 15:49:56.709, 2773832294765, testhost.dll, [xUnit.net 00:00:03.36]       Actual:   2
TpTrace Verbose: 0 : 8604, 15, 2024/02/22, 15:49:56.710, 2773832296523, testhost.dll, TestRequestHandler.SendData:  sending data from testhost: {"Version":5,"MessageType":"TestSession.Message","Payload":{"MessageLevel":0,"Message":"[xUnit.net 00:00:03.36]       Actual:   2"}}
TpTrace Information: 0 : 8604, 15, 2024/02/22, 15:49:56.710, 2773832298917, testhost.dll, [xUnit.net 00:00:03.36]       Stack Trace:
TpTrace Verbose: 0 : 8604, 15, 2024/02/22, 15:49:56.710, 2773832300020, testhost.dll, TestRequestHandler.SendData:  sending data from testhost: {"Version":5,"MessageType":"TestSession.Message","Payload":{"MessageLevel":0,"Message":"[xUnit.net 00:00:03.36]       Stack Trace:"}}
TpTrace Information: 0 : 8604, 15, 2024/02/22, 15:49:56.710, 2773832301908, testhost.dll, [xUnit.net 00:00:03.36]         C:\Users\mridulsharma01\OneDrive - Nagarro\Desktop\Insurance app\Inuranceappbackend\Inuranceappbackend.Tests\Repositories\AccountRepositoryTest.cs(48,0): at Inuranceappbackend.Tests.Repositories.AccountRepositoryTest.CreateUser_Failure_UserAlreadyExists()
TpTrace Verbose: 0 : 8604, 15, 2024/02/22, 15:49:56.710, 2773832302923, testhost.dll, TestRequestHandler.SendData:  sending data from testhost: {"Version":5,"MessageType":"TestSession.Message","Payload":{"MessageLevel":0,"Message":"[xUnit.net 00:00:03.36]         C:\\Users\\mridulsharma01\\OneDrive - Nagarro\\Desktop\\Insurance app\\Inuranceappbackend\\Inuranceappbackend.Tests\\Repositories\\AccountRepositoryTest.cs(48,0): at Inuranceappbackend.Tests.Repositories.AccountRepositoryTest.CreateUser_Failure_UserAlreadyExists()"}}
TpTrace Verbose: 0 : 8604, 15, 2024/02/22, 15:49:56.710, 2773832304853, testhost.dll, TestExecutionRecorder.RecordResult: Received result for test: Inuranceappbackend.Tests.Repositories.AccountRepositoryTest.CreateUser_Failure_UserAlreadyExists.
TpTrace Verbose: 0 : 8604, 15, 2024/02/22, 15:49:56.712, 2773832324990, testhost.dll, TestExecutionRecorder.RecordEnd: test: Inuranceappbackend.Tests.Repositories.AccountRepositoryTest.CreateUser_Failure_UserAlreadyExists execution completed.
TpTrace Warning: 0 : 8604, 15, 2024/02/22, 15:49:56.713, 2773832326400, testhost.dll, TestRunCache: InProgressTests is null
TpTrace Information: 0 : 8604, 5, 2024/02/22, 15:49:56.714, 2773832340974, testhost.dll, [xUnit.net 00:00:03.37]   Finished:    Inuranceappbackend.Tests
TpTrace Verbose: 0 : 8604, 5, 2024/02/22, 15:49:56.714, 2773832342680, testhost.dll, TestRequestHandler.SendData:  sending data from testhost: {"Version":5,"MessageType":"TestSession.Message","Payload":{"MessageLevel":0,"Message":"[xUnit.net 00:00:03.37]   Finished:    Inuranceappbackend.Tests"}}
TpTrace Verbose: 0 : 8604, 5, 2024/02/22, 15:49:56.720, 2773832397240, testhost.dll, BaseRunTests.RunTestInternalWithExecutors: Completed running tests for executor://xunit/VsTestRunner2/netcoreapp
TpTrace Information: 0 : 8604, 5, 2024/02/22, 15:49:56.723, 2773832431319, testhost.dll, Sending test run complete
TpTrace Verbose: 0 : 8604, 5, 2024/02/22, 15:49:56.736, 2773832560580, testhost.dll, TestRequestHandler.SendData:  sending data from testhost: {"Version":5,"MessageType":"TestExecution.Completed","Payload":{"TestRunCompleteArgs":{"TestRunStatistics":{"ExecutedTests":13,"Stats":{"Passed":9,"Failed":4}},"IsCanceled":false,"IsAborted":false,"Error":null,"AttachmentSets":[],"ElapsedTimeInRunningTests":"00:00:03.3851326","Metrics":{}},"LastRunTests":{"NewTestResults":[{"TestCase":{"Id":"368ca582-6fc3-9b72-2fb5-353c7fb46dff","FullyQualifiedName":"Inuranceappbackend.Tests.Controllers.UserControllerTest.CreateUser_Returns_InternalServerError_When_ExceptionThrown","DisplayName":"Inuranceappbackend.Tests.Controllers.UserControllerTest.CreateUser_Returns_InternalServerError_When_ExceptionThrown","ExecutorUri":"executor://xunit/VsTestRunner2/netcoreapp","Source":"C:\\Users\\mridulsharma01\\OneDrive - Nagarro\\Desktop\\Insurance app\\Inuranceappbackend\\Inuranceappbackend.Tests\\bin\\Debug\\net5.0\\fine-code-coverage\\build-output\\Inuranceappbackend.Tests.dll","CodeFilePath":null,"LineNumber":0,"Properties":[]},"Attachments":[],"Outcome":1,"ErrorMessage":null,"ErrorStackTrace":null,"DisplayName":"Inuranceappbackend.Tests.Controllers.UserControllerTest.CreateUser_Returns_InternalServerError_When_ExceptionThrown","Messages":[],"ComputerName":"IN-320D5S3","Duration":"00:00:00.0665697","StartTime":"2024-02-22T10:19:55.8317887+00:00","EndTime":"2024-02-22T10:19:55.8317912+00:00","Properties":[]},{"TestCase":{"Id":"a945da4a-0301-f031-5ea3-ce248dc2694a","FullyQualifiedName":"Inuranceappbackend.Tests.Repositories.AccountRepositoryTest.Login_UserNotFound","DisplayName":"Inuranceappbackend.Tests.Repositories.AccountRepositoryTest.Login_UserNotFound","ExecutorUri":"executor://xunit/VsTestRunner2/netcoreapp","Source":"C:\\Users\\mridulsharma01\\OneDrive - Nagarro\\Desktop\\Insurance app\\Inuranceappbackend\\Inuranceappbackend.Tests\\bin\\Debug\\net5.0\\fine-code-coverage\\build-output\\Inuranceappbackend.Tests.dll","CodeFilePath":null,"LineNumber":0,"Properties":[]},"Attachments":[],"Outcome":2,"ErrorMessage":"Assert.Throws() Failure\r\nExpected: typeof(System.Exception)\r\nActual:   (No exception was thrown)","ErrorStackTrace":"   at Inuranceappbackend.Tests.Repositories.AccountRepositoryTest.Login_UserNotFound() in C:\\Users\\mridulsharma01\\OneDrive - Nagarro\\Desktop\\Insurance app\\Inuranceappbackend\\Inuranceappbackend.Tests\\Repositories\\AccountRepositoryTest.cs:line 81","DisplayName":"Inuranceappbackend.Tests.Repositories.AccountRepositoryTest.Login_UserNotFound","Messages":[],"ComputerName":"IN-320D5S3","Duration":"00:00:01.2603956","StartTime":"2024-02-22T10:19:56.5172564+00:00","EndTime":"2024-02-22T10:19:56.5172575+00:00","Properties":[]},{"TestCase":{"Id":"ea1eba3d-638b-fdff-c472-7a4ff2639966","FullyQualifiedName":"Inuranceappbackend.Tests.Repositories.AccountRepositoryTest.Login_Successful","DisplayName":"Inuranceappbackend.Tests.Repositories.AccountRepositoryTest.Login_Successful","ExecutorUri":"executor://xunit/VsTestRunner2/netcoreapp","Source":"C:\\Users\\mridulsharma01\\OneDrive - Nagarro\\Desktop\\Insurance app\\Inuranceappbackend\\Inuranceappbackend.Tests\\bin\\Debug\\net5.0\\fine-code-coverage\\build-output\\Inuranceappbackend.Tests.dll","CodeFilePath":null,"LineNumber":0,"Properties":[]},"Attachments":[],"Outcome":1,"ErrorMessage":null,"ErrorStackTrace":null,"DisplayName":"Inuranceappbackend.Tests.Repositories.AccountRepositoryTest.Login_Successful","Messages":[],"ComputerName":"IN-320D5S3","Duration":"00:00:00.1487550","StartTime":"2024-02-22T10:19:56.6636214+00:00","EndTime":"2024-02-22T10:19:56.6636243+00:00","Properties":[]},{"TestCase":{"Id":"91d90539-7658-467c-676c-df8f9db97526","FullyQualifiedName":"Inuranceappbackend.Tests.Repositories.AccountRepositoryTest.CreateUser_Successfully","DisplayName":"Inuranceappbackend.Tests.Repositories.AccountRepositoryTest.CreateUser_Successfully","ExecutorUri":"executor://xunit/VsTestRunner2/netcoreapp","Source":"C:\\Users\\mridulsharma01\\OneDrive - Nagarro\\Desktop\\Insurance app\\Inuranceappbackend\\Inuranceappbackend.Tests\\bin\\Debug\\net5.0\\fine-code-coverage\\build-output\\Inuranceappbackend.Tests.dll","CodeFilePath":null,"LineNumber":0,"Properties":[]},"Attachments":[],"Outcome":2,"ErrorMessage":"Assert.Equal() Failure\r\n           (pos 0)\r\nExpected: Success\r\nActual:   FAILURE\r\n           (pos 0)","ErrorStackTrace":"   at Inuranceappbackend.Tests.Repositories.AccountRepositoryTest.CreateUser_Successfully() in C:\\Users\\mridulsharma01\\OneDrive - Nagarro\\Desktop\\Insurance app\\Inuranceappbackend\\Inuranceappbackend.Tests\\Repositories\\AccountRepositoryTest.cs:line 27","DisplayName":"Inuranceappbackend.Tests.Repositories.AccountRepositoryTest.CreateUser_Successfully","Messages":[],"ComputerName":"IN-320D5S3","Duration":"00:00:00.0209425","StartTime":"2024-02-22T10:19:56.6939733+00:00","EndTime":"2024-02-22T10:19:56.6939745+00:00","Properties":[]},{"TestCase":{"Id":"38f61e86-c785-91ad-2271-eb50f3dfe4d2","FullyQualifiedName":"Inuranceappbackend.Tests.Repositories.AccountRepositoryTest.CreateUser_Failure_UserAlreadyExists","DisplayName":"Inuranceappbackend.Tests.Repositories.AccountRepositoryTest.CreateUser_Failure_UserAlreadyExists","ExecutorUri":"executor://xunit/VsTestRunner2/netcoreapp","Source":"C:\\Users\\mridulsharma01\\OneDrive - Nagarro\\Desktop\\Insurance app\\Inuranceappbackend\\Inuranceappbackend.Tests\\bin\\Debug\\net5.0\\fine-code-coverage\\build-output\\Inuranceappbackend.Tests.dll","CodeFilePath":null,"LineNumber":0,"Properties":[]},"Attachments":[],"Outcome":2,"ErrorMessage":"Assert.Equal() Failure\r\nExpected: 1\r\nActual:   2","ErrorStackTrace":"   at Inuranceappbackend.Tests.Repositories.AccountRepositoryTest.CreateUser_Failure_UserAlreadyExists() in C:\\Users\\mridulsharma01\\OneDrive - Nagarro\\Desktop\\Insurance app\\Inuranceappbackend\\Inuranceappbackend.Tests\\Repositories\\AccountRepositoryTest.cs:line 48","DisplayName":"Inuranceappbackend.Tests.Repositories.AccountRepositoryTest.CreateUser_Failure_UserAlreadyExists","Messages":[],"ComputerName":"IN-320D5S3","Duration":"00:00:00.0169312","StartTime":"2024-02-22T10:19:56.7108444+00:00","EndTime":"2024-02-22T10:19:56.7108458+00:00","Properties":[]}],"TestRunStatistics":{"ExecutedTests":13,"Stats":{"Passed":9,"Failed":4}},"ActiveTests":[]},"RunAttachments":[],"ExecutorUris":["executor://xunit/VsTestRunner2/netcoreapp"]}}
TpTrace Verbose: 0 : 8604, 5, 2024/02/22, 15:49:56.738, 2773832576328, testhost.dll, BaseRunTests.RunTests: Run is complete.
TpTrace Verbose: 0 : 8604, 4, 2024/02/22, 15:49:56.738, 2773832581892, testhost.dll, TcpClientExtensions.MessageLoopAsync: NotifyDataAvailable remoteEndPoint: [::ffff:127.0.0.1]:51766 localEndPoint: [::ffff:127.0.0.1]:51767
TpTrace Information: 0 : 8604, 4, 2024/02/22, 15:49:56.738, 2773832583968, testhost.dll, TestRequestHandler.ProcessRequests: received message: (TestSession.Terminate) -> null
TpTrace Information: 0 : 8604, 4, 2024/02/22, 15:49:56.738, 2773832584602, testhost.dll, Session End message received from server. Closing the connection.
TpTrace Information: 0 : 8604, 4, 2024/02/22, 15:49:56.739, 2773832588586, testhost.dll, SocketClient.Stop: Stop communication from server endpoint: 127.0.0.1:051766
TpTrace Information: 0 : 8604, 4, 2024/02/22, 15:49:56.739, 2773832589347, testhost.dll, SocketClient: Stop: Cancellation requested. Stopping message loop.
TpTrace Verbose: 0 : 8604, 4, 2024/02/22, 15:49:56.739, 2773832590796, testhost.dll, LengthPrefixCommunicationChannel.Dispose: Dispose reader and writer.
TpTrace Information: 0 : 8604, 4, 2024/02/22, 15:49:56.739, 2773832591559, testhost.dll, Closing the connection !
TpTrace Information: 0 : 8604, 4, 2024/02/22, 15:49:56.739, 2773832594206, testhost.dll, SocketClient.PrivateStop: Stop communication from server endpoint: 127.0.0.1:051766, error:
TpTrace Information: 0 : 8604, 1, 2024/02/22, 15:49:56.740, 2773832601475, testhost.dll, Closing the connection !
TpTrace Verbose: 0 : 8604, 4, 2024/02/22, 15:49:56.740, 2773832601609, testhost.dll, LengthPrefixCommunicationChannel.Dispose: Dispose reader and writer.
TpTrace Information: 0 : 8604, 1, 2024/02/22, 15:49:56.740, 2773832602861, testhost.dll, SocketClient.Stop: Stop communication from server endpoint: 127.0.0.1:051766
TpTrace Verbose: 0 : 8604, 4, 2024/02/22, 15:49:56.740, 2773832603778, testhost.dll, TcpClientExtensions.MessageLoopAsync: exiting MessageLoopAsync remoteEndPoint: [::ffff:127.0.0.1]:51766 localEndPoint: [::ffff:127.0.0.1]:51767
TpTrace Verbose: 0 : 8604, 1, 2024/02/22, 15:49:56.740, 2773832604711, testhost.dll, LengthPrefixCommunicationChannel.Dispose: Dispose reader and writer.
TpTrace Information: 0 : 8604, 1, 2024/02/22, 15:49:56.740, 2773832605981, testhost.dll, Testhost process exiting.
