TpTrace Verbose: 0 : 27056, 1, 2024/02/22, 15:49:51.332, 2773778524553, vstest.console.dll, Version: 17.9.0-release-23627-01 Current process architecture: X64
TpTrace Verbose: 0 : 27056, 1, 2024/02/22, 15:49:51.337, 2773778568822, vstest.console.dll, Runtime location: C:\Program Files\dotnet\shared\Microsoft.NETCore.App\8.0.2
TpTrace Verbose: 0 : 27056, 1, 2024/02/22, 15:49:51.343, 2773778633239, vstest.console.dll, ArtifactProcessingPostProcessModeProcessorExecutor.Initialize: ArtifactProcessingMode.Collect
TpTrace Verbose: 0 : 27056, 1, 2024/02/22, 15:49:51.344, 2773778637548, vstest.console.dll, TestSessionCorrelationIdProcessorModeProcessorExecutor.Initialize: TestSessionCorrelationId '17776_76f177d7-c67a-41a6-b83f-e7289ed16db8'
TpTrace Information: 0 : 27056, 1, 2024/02/22, 15:49:51.353, 2773778736160, vstest.console.dll, FilePatternParser: The given file C:\Users\mridulsharma01\OneDrive - Nagarro\Desktop\Insurance app\Inuranceappbackend\Inuranceappbackend.Tests\bin\Debug\net5.0\fine-code-coverage\build-output\Inuranceappbackend.Tests.dll is a full path.
TpTrace Verbose: 0 : 27056, 1, 2024/02/22, 15:49:51.365, 2773778853069, vstest.console.dll, TestPluginCache.DiscoverTestExtensions: finding test extensions in assemblies ends with: RuntimeProvider.dll TPluginInfo: Microsoft.VisualStudio.TestPlatform.Common.ExtensionFramework.Utilities.TestRuntimePluginInformation TExtension: Microsoft.VisualStudio.TestPlatform.ObjectModel.Host.ITestRuntimeProvider
TpTrace Verbose: 0 : 27056, 1, 2024/02/22, 15:49:51.365, 2773778856812, vstest.console.dll, TestPluginCache.GetExtensionPaths: Filtered extension paths: 
TpTrace Verbose: 0 : 27056, 1, 2024/02/22, 15:49:51.366, 2773778857628, vstest.console.dll, TestPluginCache.GetExtensionPaths: Added default extension paths: C:\Program Files\dotnet\sdk\8.0.200\Extensions\Microsoft.Diagnostics.NETCore.Client.dll
C:\Program Files\dotnet\sdk\8.0.200\Extensions\Microsoft.TestPlatform.Extensions.BlameDataCollector.dll
C:\Program Files\dotnet\sdk\8.0.200\Extensions\Microsoft.TestPlatform.Extensions.EventLogCollector.dll
C:\Program Files\dotnet\sdk\8.0.200\Extensions\Microsoft.TestPlatform.TestHostRuntimeProvider.dll
C:\Program Files\dotnet\sdk\8.0.200\Extensions\Microsoft.VisualStudio.TestPlatform.Extensions.Html.TestLogger.dll
C:\Program Files\dotnet\sdk\8.0.200\Extensions\Microsoft.VisualStudio.TestPlatform.Extensions.Trx.TestLogger.dll
TpTrace Verbose: 0 : 27056, 1, 2024/02/22, 15:49:51.366, 2773778857893, vstest.console.dll, TestPluginCache.GetExtensionPaths: Added unfilterableExtensionPaths: 
TpTrace Information: 0 : 27056, 1, 2024/02/22, 15:49:51.366, 2773778866149, vstest.console.dll, AssemblyResolver.ctor: Creating AssemblyResolver with searchDirectories C:\Program Files\dotnet\sdk\8.0.200\Extensions,C:\Program Files\dotnet\sdk\8.0.200
TpTrace Verbose: 0 : 27056, 1, 2024/02/22, 15:49:51.369, 2773778887710, vstest.console.dll, TestPluginCache.DiscoverTestExtensions: Discovering the extensions using extension path.
TpTrace Verbose: 0 : 27056, 1, 2024/02/22, 15:49:51.369, 2773778889371, vstest.console.dll, TestPluginCache.GetExtensionPaths: Filtered extension paths: 
TpTrace Verbose: 0 : 27056, 1, 2024/02/22, 15:49:51.369, 2773778889824, vstest.console.dll, TestPluginCache.GetExtensionPaths: Added default extension paths: C:\Program Files\dotnet\sdk\8.0.200\Extensions\Microsoft.Diagnostics.NETCore.Client.dll
C:\Program Files\dotnet\sdk\8.0.200\Extensions\Microsoft.TestPlatform.Extensions.BlameDataCollector.dll
C:\Program Files\dotnet\sdk\8.0.200\Extensions\Microsoft.TestPlatform.Extensions.EventLogCollector.dll
C:\Program Files\dotnet\sdk\8.0.200\Extensions\Microsoft.TestPlatform.TestHostRuntimeProvider.dll
C:\Program Files\dotnet\sdk\8.0.200\Extensions\Microsoft.VisualStudio.TestPlatform.Extensions.Html.TestLogger.dll
C:\Program Files\dotnet\sdk\8.0.200\Extensions\Microsoft.VisualStudio.TestPlatform.Extensions.Trx.TestLogger.dll
TpTrace Verbose: 0 : 27056, 1, 2024/02/22, 15:49:51.369, 2773778890063, vstest.console.dll, TestPluginCache.GetExtensionPaths: Added unfilterableExtensionPaths: 
TpTrace Verbose: 0 : 27056, 1, 2024/02/22, 15:49:51.369, 2773778891149, vstest.console.dll, TestPluginCache.DiscoverTestExtensions: Discovering the extensions using allExtensionPaths: C:\Program Files\dotnet\sdk\8.0.200\Extensions\Microsoft.Diagnostics.NETCore.Client.dll
C:\Program Files\dotnet\sdk\8.0.200\Extensions\Microsoft.TestPlatform.Extensions.BlameDataCollector.dll
C:\Program Files\dotnet\sdk\8.0.200\Extensions\Microsoft.TestPlatform.Extensions.EventLogCollector.dll
C:\Program Files\dotnet\sdk\8.0.200\Extensions\Microsoft.TestPlatform.TestHostRuntimeProvider.dll
C:\Program Files\dotnet\sdk\8.0.200\Extensions\Microsoft.VisualStudio.TestPlatform.Extensions.Html.TestLogger.dll
C:\Program Files\dotnet\sdk\8.0.200\Extensions\Microsoft.VisualStudio.TestPlatform.Extensions.Trx.TestLogger.dll
TpTrace Information: 0 : 27056, 1, 2024/02/22, 15:49:51.369, 2773778892252, vstest.console.dll, AssemblyResolver.AddSearchDirectories: Adding more searchDirectories C:\Program Files\dotnet\sdk\8.0.200\Extensions,C:\Program Files\dotnet\sdk\8.0.200
TpTrace Information: 0 : 27056, 1, 2024/02/22, 15:49:51.369, 2773778892744, vstest.console.dll, AssemblyResolver.AddSearchDirectories: Adding more searchDirectories C:\Program Files\dotnet\sdk\8.0.200\Extensions,C:\Program Files\dotnet\sdk\8.0.200
TpTrace Information: 0 : 27056, 1, 2024/02/22, 15:49:51.369, 2773778893004, vstest.console.dll, AssemblyResolver.AddSearchDirectories: Adding more searchDirectories C:\Program Files\dotnet\sdk\8.0.200\Extensions,C:\Program Files\dotnet\sdk\8.0.200
TpTrace Information: 0 : 27056, 1, 2024/02/22, 15:49:51.369, 2773778893226, vstest.console.dll, AssemblyResolver.AddSearchDirectories: Adding more searchDirectories C:\Program Files\dotnet\sdk\8.0.200\Extensions,C:\Program Files\dotnet\sdk\8.0.200
TpTrace Information: 0 : 27056, 1, 2024/02/22, 15:49:51.369, 2773778893444, vstest.console.dll, AssemblyResolver.AddSearchDirectories: Adding more searchDirectories C:\Program Files\dotnet\sdk\8.0.200\Extensions,C:\Program Files\dotnet\sdk\8.0.200
TpTrace Information: 0 : 27056, 1, 2024/02/22, 15:49:51.369, 2773778893697, vstest.console.dll, AssemblyResolver.AddSearchDirectories: Adding more searchDirectories C:\Program Files\dotnet\sdk\8.0.200\Extensions,C:\Program Files\dotnet\sdk\8.0.200
TpTrace Information: 0 : 27056, 1, 2024/02/22, 15:49:51.370, 2773778902620, vstest.console.dll, AssemblyResolver.OnResolve: Microsoft.Diagnostics.NETCore.Client: Resolving assembly.
TpTrace Information: 0 : 27056, 1, 2024/02/22, 15:49:51.370, 2773778903723, vstest.console.dll, AssemblyResolver.OnResolve: Microsoft.Diagnostics.NETCore.Client: Searching in: 'C:\Program Files\dotnet\sdk\8.0.200\Extensions'.
TpTrace Information: 0 : 27056, 1, 2024/02/22, 15:49:51.388, 2773779081579, vstest.console.dll, AssemblyResolver.OnResolve: Microsoft.Diagnostics.NETCore.Client: Loading assembly 'C:\Program Files\dotnet\sdk\8.0.200\Extensions\Microsoft.Diagnostics.NETCore.Client.dll'.
TpTrace Information: 0 : 27056, 1, 2024/02/22, 15:49:51.390, 2773779104670, vstest.console.dll, AssemblyResolver.OnResolve: Resolved assembly: Microsoft.Diagnostics.NETCore.Client, from path: C:\Program Files\dotnet\sdk\8.0.200\Extensions\Microsoft.Diagnostics.NETCore.Client.dll
TpTrace Verbose: 0 : 27056, 1, 2024/02/22, 15:49:51.396, 2773779160677, vstest.console.dll, MetadataReaderExtensionsHelper: Discovering extensions inside assembly 'Microsoft.Diagnostics.NETCore.Client, Version=0.2.9.2401, Culture=neutral, PublicKeyToken=31bf3856ad364e35' file path 'C:\Program Files\dotnet\sdk\8.0.200\Extensions\Microsoft.Diagnostics.NETCore.Client.dll'
TpTrace Information: 0 : 27056, 1, 2024/02/22, 15:49:51.401, 2773779215435, vstest.console.dll, AssemblyResolver.OnResolve: Microsoft.Bcl.AsyncInterfaces: Resolving assembly.
TpTrace Information: 0 : 27056, 1, 2024/02/22, 15:49:51.401, 2773779216887, vstest.console.dll, AssemblyResolver.OnResolve: Microsoft.Bcl.AsyncInterfaces: Searching in: 'C:\Program Files\dotnet\sdk\8.0.200\Extensions'.
TpTrace Information: 0 : 27056, 1, 2024/02/22, 15:49:51.402, 2773779218251, vstest.console.dll, AssemblyResolver.OnResolve: Microsoft.Bcl.AsyncInterfaces: Assembly path does not exist: 'C:\Program Files\dotnet\sdk\8.0.200\Extensions\Microsoft.Bcl.AsyncInterfaces.dll', returning.
TpTrace Information: 0 : 27056, 1, 2024/02/22, 15:49:51.402, 2773779220061, vstest.console.dll, AssemblyResolver.OnResolve: Microsoft.Bcl.AsyncInterfaces: Assembly path does not exist: 'C:\Program Files\dotnet\sdk\8.0.200\Extensions\Microsoft.Bcl.AsyncInterfaces.exe', returning.
TpTrace Information: 0 : 27056, 1, 2024/02/22, 15:49:51.402, 2773779220713, vstest.console.dll, AssemblyResolver.OnResolve: Microsoft.Bcl.AsyncInterfaces: Searching in: 'C:\Program Files\dotnet\sdk\8.0.200'.
TpTrace Information: 0 : 27056, 1, 2024/02/22, 15:49:51.402, 2773779221618, vstest.console.dll, AssemblyResolver.OnResolve: Microsoft.Bcl.AsyncInterfaces: Assembly path does not exist: 'C:\Program Files\dotnet\sdk\8.0.200\Microsoft.Bcl.AsyncInterfaces.dll', returning.
TpTrace Information: 0 : 27056, 1, 2024/02/22, 15:49:51.402, 2773779222509, vstest.console.dll, AssemblyResolver.OnResolve: Microsoft.Bcl.AsyncInterfaces: Assembly path does not exist: 'C:\Program Files\dotnet\sdk\8.0.200\Microsoft.Bcl.AsyncInterfaces.exe', returning.
TpTrace Information: 0 : 27056, 1, 2024/02/22, 15:49:51.402, 2773779222917, vstest.console.dll, AssemblyResolver.OnResolve: Microsoft.Bcl.AsyncInterfaces: Failed to load assembly.
TpTrace Verbose: 0 : 27056, 1, 2024/02/22, 15:49:51.402, 2773779223482, vstest.console.dll, CurrentDomainAssemblyResolve: Resolving assembly 'Microsoft.Bcl.AsyncInterfaces'.
TpTrace Information: 0 : 27056, 1, 2024/02/22, 15:49:51.402, 2773779224357, vstest.console.dll, AssemblyResolver.OnResolve: Microsoft.Bcl.AsyncInterfaces: Resolving assembly.
TpTrace Information: 0 : 27056, 1, 2024/02/22, 15:49:51.402, 2773779224902, vstest.console.dll, AssemblyResolver.OnResolve: Microsoft.Bcl.AsyncInterfaces: Resolved from cache.
TpTrace Verbose: 0 : 27056, 1, 2024/02/22, 15:49:51.402, 2773779225259, vstest.console.dll, CurrentDomainAssemblyResolve: Resolving assembly 'Microsoft.Bcl.AsyncInterfaces'.
TpTrace Verbose: 0 : 27056, 1, 2024/02/22, 15:49:51.402, 2773779225707, vstest.console.dll, CurrentDomainAssemblyResolve: Failed to resolve assembly 'Microsoft.Bcl.AsyncInterfaces'.
TpTrace Verbose: 0 : 27056, 1, 2024/02/22, 15:49:51.410, 2773779298755, vstest.console.dll, CurrentDomainAssemblyResolve: Failed to resolve assembly 'Microsoft.Bcl.AsyncInterfaces'.
TpTrace Warning: 0 : 27056, 1, 2024/02/22, 15:49:51.433, 2773779529925, vstest.console.dll, TestPluginDiscoverer: Failed to get types from assembly 'Microsoft.Diagnostics.NETCore.Client, Version=0.2.9.2401, Culture=neutral, PublicKeyToken=31bf3856ad364e35'. Error: System.Reflection.ReflectionTypeLoadException: Unable to load one or more of the requested types.
Could not load file or assembly 'Microsoft.Bcl.AsyncInterfaces, Version=6.0.0.0, Culture=neutral, PublicKeyToken=cc7b13ffcd2ddd51'. The system cannot find the file specified.
   at System.Reflection.RuntimeModule.GetTypes(RuntimeModule module)
   at System.Reflection.RuntimeModule.GetTypes()
   at Microsoft.VisualStudio.TestPlatform.Common.ExtensionFramework.TestPluginDiscoverer.GetTestExtensionsFromAssembly[TPluginInfo,TExtension](Assembly assembly, Dictionary`2 pluginInfos, String filePath) in /_/src/Microsoft.TestPlatform.Common/ExtensionFramework/TestPluginDiscoverer.cs:line 158
System.IO.FileNotFoundException: Could not load file or assembly 'Microsoft.Bcl.AsyncInterfaces, Version=6.0.0.0, Culture=neutral, PublicKeyToken=cc7b13ffcd2ddd51'. The system cannot find the file specified.
File name: 'Microsoft.Bcl.AsyncInterfaces, Version=6.0.0.0, Culture=neutral, PublicKeyToken=cc7b13ffcd2ddd51'
 ---> System.IO.FileNotFoundException: Could not load file or assembly 'Microsoft.Bcl.AsyncInterfaces, Culture=neutral, PublicKeyToken=null'. The system cannot find the file specified.
File name: 'Microsoft.Bcl.AsyncInterfaces, Culture=neutral, PublicKeyToken=null'
   at System.Reflection.RuntimeAssembly.InternalLoad(AssemblyName assemblyName, StackCrawlMark& stackMark, AssemblyLoadContext assemblyLoadContext, RuntimeAssembly requestingAssembly, Boolean throwOnFileNotFound)
   at System.Reflection.Assembly.Load(AssemblyName assemblyRef)
   at Microsoft.VisualStudio.TestPlatform.Common.ExtensionFramework.TestPluginCache.CurrentDomainAssemblyResolve(Object sender, AssemblyResolveEventArgs args) in /_/src/Microsoft.TestPlatform.Common/ExtensionFramework/TestPluginCache.cs:line 513
   at System.Runtime.Loader.AssemblyLoadContext.GetFirstResolvedAssemblyFromResolvingEvent(AssemblyName assemblyName)
   at System.Runtime.Loader.AssemblyLoadContext.ResolveUsingEvent(AssemblyName assemblyName)
   at System.Runtime.Loader.AssemblyLoadContext.ResolveUsingResolvingEvent(IntPtr gchManagedAssemblyLoadContext, AssemblyName assemblyName)
TpTrace Warning: 0 : 27056, 1, 2024/02/22, 15:49:51.433, 2773779535571, vstest.console.dll, LoaderExceptions: System.IO.FileNotFoundException: Could not load file or assembly 'Microsoft.Bcl.AsyncInterfaces, Version=6.0.0.0, Culture=neutral, PublicKeyToken=cc7b13ffcd2ddd51'. The system cannot find the file specified.
File name: 'Microsoft.Bcl.AsyncInterfaces, Version=6.0.0.0, Culture=neutral, PublicKeyToken=cc7b13ffcd2ddd51'
 ---> System.IO.FileNotFoundException: Could not load file or assembly 'Microsoft.Bcl.AsyncInterfaces, Culture=neutral, PublicKeyToken=null'. The system cannot find the file specified.
File name: 'Microsoft.Bcl.AsyncInterfaces, Culture=neutral, PublicKeyToken=null'
   at System.Reflection.RuntimeAssembly.InternalLoad(AssemblyName assemblyName, StackCrawlMark& stackMark, AssemblyLoadContext assemblyLoadContext, RuntimeAssembly requestingAssembly, Boolean throwOnFileNotFound)
   at System.Reflection.Assembly.Load(AssemblyName assemblyRef)
   at Microsoft.VisualStudio.TestPlatform.Common.ExtensionFramework.TestPluginCache.CurrentDomainAssemblyResolve(Object sender, AssemblyResolveEventArgs args) in /_/src/Microsoft.TestPlatform.Common/ExtensionFramework/TestPluginCache.cs:line 513
   at System.Runtime.Loader.AssemblyLoadContext.GetFirstResolvedAssemblyFromResolvingEvent(AssemblyName assemblyName)
   at System.Runtime.Loader.AssemblyLoadContext.ResolveUsingEvent(AssemblyName assemblyName)
   at System.Runtime.Loader.AssemblyLoadContext.ResolveUsingResolvingEvent(IntPtr gchManagedAssemblyLoadContext, AssemblyName assemblyName)
TpTrace Information: 0 : 27056, 1, 2024/02/22, 15:49:51.434, 2773779537865, vstest.console.dll, AssemblyResolver.OnResolve: Microsoft.TestPlatform.Extensions.BlameDataCollector: Resolving assembly.
TpTrace Information: 0 : 27056, 1, 2024/02/22, 15:49:51.434, 2773779538454, vstest.console.dll, AssemblyResolver.OnResolve: Microsoft.TestPlatform.Extensions.BlameDataCollector: Searching in: 'C:\Program Files\dotnet\sdk\8.0.200\Extensions'.
TpTrace Information: 0 : 27056, 1, 2024/02/22, 15:49:51.435, 2773779550655, vstest.console.dll, AssemblyResolver.OnResolve: Microsoft.TestPlatform.Extensions.BlameDataCollector: Loading assembly 'C:\Program Files\dotnet\sdk\8.0.200\Extensions\Microsoft.TestPlatform.Extensions.BlameDataCollector.dll'.
TpTrace Information: 0 : 27056, 1, 2024/02/22, 15:49:51.436, 2773779566252, vstest.console.dll, AssemblyResolver.OnResolve: Resolved assembly: Microsoft.TestPlatform.Extensions.BlameDataCollector, from path: C:\Program Files\dotnet\sdk\8.0.200\Extensions\Microsoft.TestPlatform.Extensions.BlameDataCollector.dll
TpTrace Verbose: 0 : 27056, 1, 2024/02/22, 15:49:51.437, 2773779567790, vstest.console.dll, MetadataReaderExtensionsHelper: Discovering extensions inside assembly 'Microsoft.TestPlatform.Extensions.BlameDataCollector, Version=15.0.0.0, Culture=neutral, PublicKeyToken=b03f5f7f11d50a3a' file path 'C:\Program Files\dotnet\sdk\8.0.200\Extensions\Microsoft.TestPlatform.Extensions.BlameDataCollector.dll'
TpTrace Information: 0 : 27056, 1, 2024/02/22, 15:49:51.439, 2773779593998, vstest.console.dll, AssemblyResolver.OnResolve: Microsoft.TestPlatform.Extensions.EventLogCollector: Resolving assembly.
TpTrace Information: 0 : 27056, 1, 2024/02/22, 15:49:51.439, 2773779595173, vstest.console.dll, AssemblyResolver.OnResolve: Microsoft.TestPlatform.Extensions.EventLogCollector: Searching in: 'C:\Program Files\dotnet\sdk\8.0.200\Extensions'.
TpTrace Information: 0 : 27056, 1, 2024/02/22, 15:49:51.440, 2773779604934, vstest.console.dll, AssemblyResolver.OnResolve: Microsoft.TestPlatform.Extensions.EventLogCollector: Loading assembly 'C:\Program Files\dotnet\sdk\8.0.200\Extensions\Microsoft.TestPlatform.Extensions.EventLogCollector.dll'.
TpTrace Information: 0 : 27056, 1, 2024/02/22, 15:49:51.441, 2773779611735, vstest.console.dll, AssemblyResolver.OnResolve: Resolved assembly: Microsoft.TestPlatform.Extensions.EventLogCollector, from path: C:\Program Files\dotnet\sdk\8.0.200\Extensions\Microsoft.TestPlatform.Extensions.EventLogCollector.dll
TpTrace Verbose: 0 : 27056, 1, 2024/02/22, 15:49:51.441, 2773779612734, vstest.console.dll, MetadataReaderExtensionsHelper: Discovering extensions inside assembly 'Microsoft.TestPlatform.Extensions.EventLogCollector, Version=15.0.0.0, Culture=neutral, PublicKeyToken=b03f5f7f11d50a3a' file path 'C:\Program Files\dotnet\sdk\8.0.200\Extensions\Microsoft.TestPlatform.Extensions.EventLogCollector.dll'
TpTrace Information: 0 : 27056, 1, 2024/02/22, 15:49:51.444, 2773779645668, vstest.console.dll, AssemblyResolver.OnResolve: Microsoft.TestPlatform.TestHostRuntimeProvider: Resolving assembly.
TpTrace Information: 0 : 27056, 1, 2024/02/22, 15:49:51.444, 2773779646609, vstest.console.dll, AssemblyResolver.OnResolve: Microsoft.TestPlatform.TestHostRuntimeProvider: Searching in: 'C:\Program Files\dotnet\sdk\8.0.200\Extensions'.
TpTrace Information: 0 : 27056, 1, 2024/02/22, 15:49:51.445, 2773779652578, vstest.console.dll, AssemblyResolver.OnResolve: Microsoft.TestPlatform.TestHostRuntimeProvider: Loading assembly 'C:\Program Files\dotnet\sdk\8.0.200\Extensions\Microsoft.TestPlatform.TestHostRuntimeProvider.dll'.
TpTrace Information: 0 : 27056, 1, 2024/02/22, 15:49:51.446, 2773779663999, vstest.console.dll, AssemblyResolver.OnResolve: Resolved assembly: Microsoft.TestPlatform.TestHostRuntimeProvider, from path: C:\Program Files\dotnet\sdk\8.0.200\Extensions\Microsoft.TestPlatform.TestHostRuntimeProvider.dll
TpTrace Verbose: 0 : 27056, 1, 2024/02/22, 15:49:51.446, 2773779665083, vstest.console.dll, MetadataReaderExtensionsHelper: Discovering extensions inside assembly 'Microsoft.TestPlatform.TestHostRuntimeProvider, Version=15.0.0.0, Culture=neutral, PublicKeyToken=b03f5f7f11d50a3a' file path 'C:\Program Files\dotnet\sdk\8.0.200\Extensions\Microsoft.TestPlatform.TestHostRuntimeProvider.dll'
TpTrace Information: 0 : 27056, 1, 2024/02/22, 15:49:51.449, 2773779693216, vstest.console.dll, GetTestExtensionFromType: Register extension with identifier data 'HostProvider://DefaultTestHost' and type 'Microsoft.VisualStudio.TestPlatform.CrossPlatEngine.Hosting.DefaultTestHostManager, Microsoft.TestPlatform.TestHostRuntimeProvider, Version=15.0.0.0, Culture=neutral, PublicKeyToken=b03f5f7f11d50a3a' inside file 'C:\Program Files\dotnet\sdk\8.0.200\Extensions\Microsoft.TestPlatform.TestHostRuntimeProvider.dll'
TpTrace Information: 0 : 27056, 1, 2024/02/22, 15:49:51.449, 2773779697215, vstest.console.dll, GetTestExtensionFromType: Register extension with identifier data 'HostProvider://DotnetTestHost' and type 'Microsoft.VisualStudio.TestPlatform.CrossPlatEngine.Hosting.DotnetTestHostManager, Microsoft.TestPlatform.TestHostRuntimeProvider, Version=15.0.0.0, Culture=neutral, PublicKeyToken=b03f5f7f11d50a3a' inside file 'C:\Program Files\dotnet\sdk\8.0.200\Extensions\Microsoft.TestPlatform.TestHostRuntimeProvider.dll'
TpTrace Information: 0 : 27056, 1, 2024/02/22, 15:49:51.450, 2773779698680, vstest.console.dll, AssemblyResolver.OnResolve: Microsoft.VisualStudio.TestPlatform.Extensions.Html.TestLogger: Resolving assembly.
TpTrace Information: 0 : 27056, 1, 2024/02/22, 15:49:51.450, 2773779699346, vstest.console.dll, AssemblyResolver.OnResolve: Microsoft.VisualStudio.TestPlatform.Extensions.Html.TestLogger: Searching in: 'C:\Program Files\dotnet\sdk\8.0.200\Extensions'.
TpTrace Information: 0 : 27056, 1, 2024/02/22, 15:49:51.451, 2773779711206, vstest.console.dll, AssemblyResolver.OnResolve: Microsoft.VisualStudio.TestPlatform.Extensions.Html.TestLogger: Loading assembly 'C:\Program Files\dotnet\sdk\8.0.200\Extensions\Microsoft.VisualStudio.TestPlatform.Extensions.Html.TestLogger.dll'.
TpTrace Information: 0 : 27056, 1, 2024/02/22, 15:49:51.452, 2773779726276, vstest.console.dll, AssemblyResolver.OnResolve: Resolved assembly: Microsoft.VisualStudio.TestPlatform.Extensions.Html.TestLogger, from path: C:\Program Files\dotnet\sdk\8.0.200\Extensions\Microsoft.VisualStudio.TestPlatform.Extensions.Html.TestLogger.dll
TpTrace Verbose: 0 : 27056, 1, 2024/02/22, 15:49:51.453, 2773779728008, vstest.console.dll, MetadataReaderExtensionsHelper: Discovering extensions inside assembly 'Microsoft.VisualStudio.TestPlatform.Extensions.Html.TestLogger, Version=15.0.0.0, Culture=neutral, PublicKeyToken=b03f5f7f11d50a3a' file path 'C:\Program Files\dotnet\sdk\8.0.200\Extensions\Microsoft.VisualStudio.TestPlatform.Extensions.Html.TestLogger.dll'
TpTrace Information: 0 : 27056, 1, 2024/02/22, 15:49:51.454, 2773779743265, vstest.console.dll, AssemblyResolver.OnResolve: Microsoft.VisualStudio.TestPlatform.Extensions.Trx.TestLogger: Resolving assembly.
TpTrace Information: 0 : 27056, 1, 2024/02/22, 15:49:51.454, 2773779744498, vstest.console.dll, AssemblyResolver.OnResolve: Microsoft.VisualStudio.TestPlatform.Extensions.Trx.TestLogger: Searching in: 'C:\Program Files\dotnet\sdk\8.0.200\Extensions'.
TpTrace Information: 0 : 27056, 1, 2024/02/22, 15:49:51.456, 2773779761535, vstest.console.dll, AssemblyResolver.OnResolve: Microsoft.VisualStudio.TestPlatform.Extensions.Trx.TestLogger: Loading assembly 'C:\Program Files\dotnet\sdk\8.0.200\Extensions\Microsoft.VisualStudio.TestPlatform.Extensions.Trx.TestLogger.dll'.
TpTrace Information: 0 : 27056, 1, 2024/02/22, 15:49:51.458, 2773779781217, vstest.console.dll, AssemblyResolver.OnResolve: Resolved assembly: Microsoft.VisualStudio.TestPlatform.Extensions.Trx.TestLogger, from path: C:\Program Files\dotnet\sdk\8.0.200\Extensions\Microsoft.VisualStudio.TestPlatform.Extensions.Trx.TestLogger.dll
TpTrace Verbose: 0 : 27056, 1, 2024/02/22, 15:49:51.458, 2773779782818, vstest.console.dll, MetadataReaderExtensionsHelper: Discovering extensions inside assembly 'Microsoft.VisualStudio.TestPlatform.Extensions.Trx.TestLogger, Version=15.0.0.0, Culture=neutral, PublicKeyToken=b03f5f7f11d50a3a' file path 'C:\Program Files\dotnet\sdk\8.0.200\Extensions\Microsoft.VisualStudio.TestPlatform.Extensions.Trx.TestLogger.dll'
TpTrace Verbose: 0 : 27056, 1, 2024/02/22, 15:49:51.460, 2773779804291, vstest.console.dll, TestPluginCache: Discovered the extensions using extension path ''.
TpTrace Verbose: 0 : 27056, 1, 2024/02/22, 15:49:51.460, 2773779805587, vstest.console.dll, TestPluginCache: Discoverers are ''.
TpTrace Verbose: 0 : 27056, 1, 2024/02/22, 15:49:51.460, 2773779805966, vstest.console.dll, TestPluginCache: Executors are ''.
TpTrace Verbose: 0 : 27056, 1, 2024/02/22, 15:49:51.460, 2773779806275, vstest.console.dll, TestPluginCache: Executors2 are ''.
TpTrace Verbose: 0 : 27056, 1, 2024/02/22, 15:49:51.460, 2773779806577, vstest.console.dll, TestPluginCache: Setting providers are ''.
TpTrace Verbose: 0 : 27056, 1, 2024/02/22, 15:49:51.460, 2773779806966, vstest.console.dll, TestPluginCache: Loggers are ''.
TpTrace Verbose: 0 : 27056, 1, 2024/02/22, 15:49:51.461, 2773779808010, vstest.console.dll, TestPluginCache: TestHosts are 'HostProvider://DefaultTestHost,HostProvider://DotnetTestHost'.
TpTrace Verbose: 0 : 27056, 1, 2024/02/22, 15:49:51.461, 2773779808443, vstest.console.dll, TestPluginCache: DataCollectors are ''.
TpTrace Information: 0 : 27056, 1, 2024/02/22, 15:49:51.491, 2773780114481, vstest.console.dll, RunTestsArgumentProcessor:Execute: Test run is starting.
TpTrace Verbose: 0 : 27056, 1, 2024/02/22, 15:49:51.491, 2773780115680, vstest.console.dll, RunTestsArgumentProcessor:Execute: Queuing Test run.
TpTrace Information: 0 : 27056, 1, 2024/02/22, 15:49:51.492, 2773780118387, vstest.console.dll, TestRequestManager.RunTests: run tests started.
TpTrace Information: 0 : 27056, 1, 2024/02/22, 15:49:51.493, 2773780133471, vstest.console.dll, AssemblyMetadataProvider.GetFrameworkName: Determined framework:'.NETCoreApp,Version=v5.0' for source: 'C:\Users\mridulsharma01\OneDrive - Nagarro\Desktop\Insurance app\Inuranceappbackend\Inuranceappbackend.Tests\bin\Debug\net5.0\fine-code-coverage\build-output\Inuranceappbackend.Tests.dll'
TpTrace Information: 0 : 27056, 1, 2024/02/22, 15:49:51.493, 2773780135833, vstest.console.dll, Determined framework for all sources: .NETCoreApp,Version=v5.0
TpTrace Verbose: 0 : 27056, 1, 2024/02/22, 15:49:51.494, 2773780139935, vstest.console.dll, TestRequestManager.UpdateRunSettingsIfRequired: Default architecture: X64 IsDefaultTargetArchitecture: True, Current process architecture: X64 OperatingSystem: Windows.
TpTrace Information: 0 : 27056, 1, 2024/02/22, 15:49:51.496, 2773780162806, vstest.console.dll, AssemblyMetadataProvider.GetArchitecture: Determined architecture:AnyCPU info for assembly: C:\Users\mridulsharma01\OneDrive - Nagarro\Desktop\Insurance app\Inuranceappbackend\Inuranceappbackend.Tests\bin\Debug\net5.0\fine-code-coverage\build-output\Inuranceappbackend.Tests.dll
TpTrace Information: 0 : 27056, 1, 2024/02/22, 15:49:51.496, 2773780163908, vstest.console.dll, Determined platform for source 'C:\Users\mridulsharma01\OneDrive - Nagarro\Desktop\Insurance app\Inuranceappbackend\Inuranceappbackend.Tests\bin\Debug\net5.0\fine-code-coverage\build-output\Inuranceappbackend.Tests.dll' was AnyCPU and it will use the default plaform X64.
TpTrace Information: 0 : 27056, 1, 2024/02/22, 15:49:51.496, 2773780164318, vstest.console.dll, None of the sources provided any runnable platform, using the default platform: X64
TpTrace Information: 0 : 27056, 1, 2024/02/22, 15:49:51.497, 2773780169493, vstest.console.dll, Platform was updated to 'X64'.
TpTrace Information: 0 : 27056, 1, 2024/02/22, 15:49:51.582, 2773781020176, vstest.console.dll, InferRunSettingsHelper.IsTestSettingsEnabled: Unable to navigate to RunSettings/MSTest. Current node: RunSettings
TpTrace Information: 0 : 27056, 1, 2024/02/22, 15:49:51.584, 2773781037510, vstest.console.dll, AssemblyResolver.OnResolve: Microsoft.VisualStudio.TestPlatform.Fakes: Resolving assembly.
TpTrace Information: 0 : 27056, 1, 2024/02/22, 15:49:51.584, 2773781038937, vstest.console.dll, AssemblyResolver.OnResolve: Microsoft.VisualStudio.TestPlatform.Fakes: Searching in: 'C:\Program Files\dotnet\sdk\8.0.200\Extensions'.
TpTrace Information: 0 : 27056, 1, 2024/02/22, 15:49:51.584, 2773781040037, vstest.console.dll, AssemblyResolver.OnResolve: Microsoft.VisualStudio.TestPlatform.Fakes: Assembly path does not exist: 'C:\Program Files\dotnet\sdk\8.0.200\Extensions\Microsoft.VisualStudio.TestPlatform.Fakes.dll', returning.
TpTrace Information: 0 : 27056, 1, 2024/02/22, 15:49:51.584, 2773781040856, vstest.console.dll, AssemblyResolver.OnResolve: Microsoft.VisualStudio.TestPlatform.Fakes: Assembly path does not exist: 'C:\Program Files\dotnet\sdk\8.0.200\Extensions\Microsoft.VisualStudio.TestPlatform.Fakes.exe', returning.
TpTrace Information: 0 : 27056, 1, 2024/02/22, 15:49:51.584, 2773781041175, vstest.console.dll, AssemblyResolver.OnResolve: Microsoft.VisualStudio.TestPlatform.Fakes: Searching in: 'C:\Program Files\dotnet\sdk\8.0.200'.
TpTrace Information: 0 : 27056, 1, 2024/02/22, 15:49:51.584, 2773781041855, vstest.console.dll, AssemblyResolver.OnResolve: Microsoft.VisualStudio.TestPlatform.Fakes: Assembly path does not exist: 'C:\Program Files\dotnet\sdk\8.0.200\Microsoft.VisualStudio.TestPlatform.Fakes.dll', returning.
TpTrace Information: 0 : 27056, 1, 2024/02/22, 15:49:51.584, 2773781042503, vstest.console.dll, AssemblyResolver.OnResolve: Microsoft.VisualStudio.TestPlatform.Fakes: Assembly path does not exist: 'C:\Program Files\dotnet\sdk\8.0.200\Microsoft.VisualStudio.TestPlatform.Fakes.exe', returning.
TpTrace Information: 0 : 27056, 1, 2024/02/22, 15:49:51.584, 2773781042864, vstest.console.dll, AssemblyResolver.OnResolve: Microsoft.VisualStudio.TestPlatform.Fakes: Failed to load assembly.
TpTrace Information: 0 : 27056, 1, 2024/02/22, 15:49:51.584, 2773781046323, vstest.console.dll, Failed to load assembly Microsoft.VisualStudio.TestPlatform.Fakes, Version=17.0.0.0, Culture=neutral. Reason:System.IO.FileNotFoundException: Could not load file or assembly 'Microsoft.VisualStudio.TestPlatform.Fakes, Version=17.0.0.0, Culture=neutral, PublicKeyToken=null'. The system cannot find the file specified.
File name: 'Microsoft.VisualStudio.TestPlatform.Fakes, Version=17.0.0.0, Culture=neutral, PublicKeyToken=null'
   at System.Reflection.RuntimeAssembly.InternalLoad(AssemblyName assemblyName, StackCrawlMark& stackMark, AssemblyLoadContext assemblyLoadContext, RuntimeAssembly requestingAssembly, Boolean throwOnFileNotFound)
   at System.Reflection.Assembly.Load(AssemblyName assemblyRef)
   at Microsoft.VisualStudio.TestPlatform.Common.Utilities.FakesUtilities.LoadTestPlatformAssembly() in /_/src/Microsoft.TestPlatform.Common/Utilities/FakesUtilities.cs:line 272
TpTrace Verbose: 0 : 27056, 1, 2024/02/22, 15:49:51.591, 2773781112961, vstest.console.dll, TestPluginCache.DiscoverTestExtensions: finding test extensions in assemblies ends with: TestLogger.dll TPluginInfo: Microsoft.VisualStudio.TestPlatform.Common.ExtensionFramework.Utilities.TestLoggerPluginInformation TExtension: Microsoft.VisualStudio.TestPlatform.ObjectModel.Client.ITestLogger
TpTrace Verbose: 0 : 27056, 1, 2024/02/22, 15:49:51.591, 2773781114345, vstest.console.dll, TestPluginCache.GetExtensionPaths: Filtered extension paths: 
TpTrace Verbose: 0 : 27056, 1, 2024/02/22, 15:49:51.591, 2773781114673, vstest.console.dll, TestPluginCache.GetExtensionPaths: Added default extension paths: C:\Program Files\dotnet\sdk\8.0.200\Extensions\Microsoft.Diagnostics.NETCore.Client.dll
C:\Program Files\dotnet\sdk\8.0.200\Extensions\Microsoft.TestPlatform.Extensions.BlameDataCollector.dll
C:\Program Files\dotnet\sdk\8.0.200\Extensions\Microsoft.TestPlatform.Extensions.EventLogCollector.dll
C:\Program Files\dotnet\sdk\8.0.200\Extensions\Microsoft.TestPlatform.TestHostRuntimeProvider.dll
C:\Program Files\dotnet\sdk\8.0.200\Extensions\Microsoft.VisualStudio.TestPlatform.Extensions.Html.TestLogger.dll
C:\Program Files\dotnet\sdk\8.0.200\Extensions\Microsoft.VisualStudio.TestPlatform.Extensions.Trx.TestLogger.dll
TpTrace Verbose: 0 : 27056, 1, 2024/02/22, 15:49:51.591, 2773781115007, vstest.console.dll, TestPluginCache.GetExtensionPaths: Added unfilterableExtensionPaths: 
TpTrace Information: 0 : 27056, 1, 2024/02/22, 15:49:51.591, 2773781116727, vstest.console.dll, AssemblyResolver.AddSearchDirectories: Adding more searchDirectories C:\Program Files\dotnet\sdk\8.0.200\Extensions,C:\Program Files\dotnet\sdk\8.0.200
TpTrace Verbose: 0 : 27056, 1, 2024/02/22, 15:49:51.592, 2773781118286, vstest.console.dll, TestPluginCache.DiscoverTestExtensions: Discovering the extensions using extension path.
TpTrace Verbose: 0 : 27056, 1, 2024/02/22, 15:49:51.592, 2773781118787, vstest.console.dll, TestPluginCache.GetExtensionPaths: Filtered extension paths: 
TpTrace Verbose: 0 : 27056, 1, 2024/02/22, 15:49:51.592, 2773781119091, vstest.console.dll, TestPluginCache.GetExtensionPaths: Added default extension paths: C:\Program Files\dotnet\sdk\8.0.200\Extensions\Microsoft.Diagnostics.NETCore.Client.dll
C:\Program Files\dotnet\sdk\8.0.200\Extensions\Microsoft.TestPlatform.Extensions.BlameDataCollector.dll
C:\Program Files\dotnet\sdk\8.0.200\Extensions\Microsoft.TestPlatform.Extensions.EventLogCollector.dll
C:\Program Files\dotnet\sdk\8.0.200\Extensions\Microsoft.TestPlatform.TestHostRuntimeProvider.dll
C:\Program Files\dotnet\sdk\8.0.200\Extensions\Microsoft.VisualStudio.TestPlatform.Extensions.Html.TestLogger.dll
C:\Program Files\dotnet\sdk\8.0.200\Extensions\Microsoft.VisualStudio.TestPlatform.Extensions.Trx.TestLogger.dll
TpTrace Verbose: 0 : 27056, 1, 2024/02/22, 15:49:51.592, 2773781121479, vstest.console.dll, TestPluginCache.GetExtensionPaths: Added unfilterableExtensionPaths: 
TpTrace Verbose: 0 : 27056, 1, 2024/02/22, 15:49:51.593, 2773781129023, vstest.console.dll, TestPluginCache.DiscoverTestExtensions: Discovering the extensions using allExtensionPaths: C:\Program Files\dotnet\sdk\8.0.200\Extensions\Microsoft.Diagnostics.NETCore.Client.dll
C:\Program Files\dotnet\sdk\8.0.200\Extensions\Microsoft.TestPlatform.Extensions.BlameDataCollector.dll
C:\Program Files\dotnet\sdk\8.0.200\Extensions\Microsoft.TestPlatform.Extensions.EventLogCollector.dll
C:\Program Files\dotnet\sdk\8.0.200\Extensions\Microsoft.TestPlatform.TestHostRuntimeProvider.dll
C:\Program Files\dotnet\sdk\8.0.200\Extensions\Microsoft.VisualStudio.TestPlatform.Extensions.Html.TestLogger.dll
C:\Program Files\dotnet\sdk\8.0.200\Extensions\Microsoft.VisualStudio.TestPlatform.Extensions.Trx.TestLogger.dll
TpTrace Information: 0 : 27056, 1, 2024/02/22, 15:49:51.593, 2773781131880, vstest.console.dll, AssemblyResolver.AddSearchDirectories: Adding more searchDirectories C:\Program Files\dotnet\sdk\8.0.200\Extensions,C:\Program Files\dotnet\sdk\8.0.200
TpTrace Information: 0 : 27056, 1, 2024/02/22, 15:49:51.593, 2773781132489, vstest.console.dll, AssemblyResolver.AddSearchDirectories: Adding more searchDirectories C:\Program Files\dotnet\sdk\8.0.200\Extensions,C:\Program Files\dotnet\sdk\8.0.200
TpTrace Information: 0 : 27056, 1, 2024/02/22, 15:49:51.593, 2773781132767, vstest.console.dll, AssemblyResolver.AddSearchDirectories: Adding more searchDirectories C:\Program Files\dotnet\sdk\8.0.200\Extensions,C:\Program Files\dotnet\sdk\8.0.200
TpTrace Information: 0 : 27056, 1, 2024/02/22, 15:49:51.593, 2773781133029, vstest.console.dll, AssemblyResolver.AddSearchDirectories: Adding more searchDirectories C:\Program Files\dotnet\sdk\8.0.200\Extensions,C:\Program Files\dotnet\sdk\8.0.200
TpTrace Information: 0 : 27056, 1, 2024/02/22, 15:49:51.593, 2773781133375, vstest.console.dll, AssemblyResolver.AddSearchDirectories: Adding more searchDirectories C:\Program Files\dotnet\sdk\8.0.200\Extensions,C:\Program Files\dotnet\sdk\8.0.200
TpTrace Information: 0 : 27056, 1, 2024/02/22, 15:49:51.593, 2773781133685, vstest.console.dll, AssemblyResolver.AddSearchDirectories: Adding more searchDirectories C:\Program Files\dotnet\sdk\8.0.200\Extensions,C:\Program Files\dotnet\sdk\8.0.200
TpTrace Verbose: 0 : 27056, 1, 2024/02/22, 15:49:51.593, 2773781135509, vstest.console.dll, MetadataReaderExtensionsHelper: Discovering extensions inside assembly 'Microsoft.Diagnostics.NETCore.Client, Version=0.2.9.2401, Culture=neutral, PublicKeyToken=31bf3856ad364e35' file path 'C:\Program Files\dotnet\sdk\8.0.200\Extensions\Microsoft.Diagnostics.NETCore.Client.dll'
TpTrace Information: 0 : 27056, 1, 2024/02/22, 15:49:51.595, 2773781147650, vstest.console.dll, AssemblyResolver.OnResolve: Microsoft.Bcl.AsyncInterfaces: Resolving assembly.
TpTrace Information: 0 : 27056, 1, 2024/02/22, 15:49:51.595, 2773781149246, vstest.console.dll, AssemblyResolver.OnResolve: Microsoft.Bcl.AsyncInterfaces: Resolved from cache.
TpTrace Verbose: 0 : 27056, 1, 2024/02/22, 15:49:51.595, 2773781149611, vstest.console.dll, CurrentDomainAssemblyResolve: Resolving assembly 'Microsoft.Bcl.AsyncInterfaces'.
TpTrace Information: 0 : 27056, 1, 2024/02/22, 15:49:51.595, 2773781150233, vstest.console.dll, AssemblyResolver.OnResolve: Microsoft.Bcl.AsyncInterfaces: Resolving assembly.
TpTrace Information: 0 : 27056, 1, 2024/02/22, 15:49:51.595, 2773781150591, vstest.console.dll, AssemblyResolver.OnResolve: Microsoft.Bcl.AsyncInterfaces: Resolved from cache.
TpTrace Verbose: 0 : 27056, 1, 2024/02/22, 15:49:51.595, 2773781150942, vstest.console.dll, CurrentDomainAssemblyResolve: Resolving assembly 'Microsoft.Bcl.AsyncInterfaces'.
TpTrace Verbose: 0 : 27056, 1, 2024/02/22, 15:49:51.595, 2773781151203, vstest.console.dll, CurrentDomainAssemblyResolve: Failed to resolve assembly 'Microsoft.Bcl.AsyncInterfaces'.
TpTrace Verbose: 0 : 27056, 1, 2024/02/22, 15:49:51.595, 2773781153794, vstest.console.dll, CurrentDomainAssemblyResolve: Failed to resolve assembly 'Microsoft.Bcl.AsyncInterfaces'.
TpTrace Warning: 0 : 27056, 1, 2024/02/22, 15:49:51.596, 2773781159649, vstest.console.dll, TestPluginDiscoverer: Failed to get types from assembly 'Microsoft.Diagnostics.NETCore.Client, Version=0.2.9.2401, Culture=neutral, PublicKeyToken=31bf3856ad364e35'. Error: System.Reflection.ReflectionTypeLoadException: Unable to load one or more of the requested types.
Could not load file or assembly 'Microsoft.Bcl.AsyncInterfaces, Version=6.0.0.0, Culture=neutral, PublicKeyToken=cc7b13ffcd2ddd51'. The system cannot find the file specified.
   at System.Reflection.RuntimeModule.GetTypes(RuntimeModule module)
   at System.Reflection.RuntimeModule.GetTypes()
   at Microsoft.VisualStudio.TestPlatform.Common.ExtensionFramework.TestPluginDiscoverer.GetTestExtensionsFromAssembly[TPluginInfo,TExtension](Assembly assembly, Dictionary`2 pluginInfos, String filePath) in /_/src/Microsoft.TestPlatform.Common/ExtensionFramework/TestPluginDiscoverer.cs:line 158
System.IO.FileNotFoundException: Could not load file or assembly 'Microsoft.Bcl.AsyncInterfaces, Version=6.0.0.0, Culture=neutral, PublicKeyToken=cc7b13ffcd2ddd51'. The system cannot find the file specified.
File name: 'Microsoft.Bcl.AsyncInterfaces, Version=6.0.0.0, Culture=neutral, PublicKeyToken=cc7b13ffcd2ddd51'
 ---> System.IO.FileNotFoundException: Could not load file or assembly 'Microsoft.Bcl.AsyncInterfaces, Culture=neutral, PublicKeyToken=null'. The system cannot find the file specified.
File name: 'Microsoft.Bcl.AsyncInterfaces, Culture=neutral, PublicKeyToken=null'
   at System.Reflection.RuntimeAssembly.InternalLoad(AssemblyName assemblyName, StackCrawlMark& stackMark, AssemblyLoadContext assemblyLoadContext, RuntimeAssembly requestingAssembly, Boolean throwOnFileNotFound)
   at System.Reflection.Assembly.Load(AssemblyName assemblyRef)
   at Microsoft.VisualStudio.TestPlatform.Common.ExtensionFramework.TestPluginCache.CurrentDomainAssemblyResolve(Object sender, AssemblyResolveEventArgs args) in /_/src/Microsoft.TestPlatform.Common/ExtensionFramework/TestPluginCache.cs:line 513
   at System.Runtime.Loader.AssemblyLoadContext.GetFirstResolvedAssemblyFromResolvingEvent(AssemblyName assemblyName)
   at System.Runtime.Loader.AssemblyLoadContext.ResolveUsingEvent(AssemblyName assemblyName)
   at System.Runtime.Loader.AssemblyLoadContext.ResolveUsingResolvingEvent(IntPtr gchManagedAssemblyLoadContext, AssemblyName assemblyName)
TpTrace Warning: 0 : 27056, 1, 2024/02/22, 15:49:51.596, 2773781161866, vstest.console.dll, LoaderExceptions: System.IO.FileNotFoundException: Could not load file or assembly 'Microsoft.Bcl.AsyncInterfaces, Version=6.0.0.0, Culture=neutral, PublicKeyToken=cc7b13ffcd2ddd51'. The system cannot find the file specified.
File name: 'Microsoft.Bcl.AsyncInterfaces, Version=6.0.0.0, Culture=neutral, PublicKeyToken=cc7b13ffcd2ddd51'
 ---> System.IO.FileNotFoundException: Could not load file or assembly 'Microsoft.Bcl.AsyncInterfaces, Culture=neutral, PublicKeyToken=null'. The system cannot find the file specified.
File name: 'Microsoft.Bcl.AsyncInterfaces, Culture=neutral, PublicKeyToken=null'
   at System.Reflection.RuntimeAssembly.InternalLoad(AssemblyName assemblyName, StackCrawlMark& stackMark, AssemblyLoadContext assemblyLoadContext, RuntimeAssembly requestingAssembly, Boolean throwOnFileNotFound)
   at System.Reflection.Assembly.Load(AssemblyName assemblyRef)
   at Microsoft.VisualStudio.TestPlatform.Common.ExtensionFramework.TestPluginCache.CurrentDomainAssemblyResolve(Object sender, AssemblyResolveEventArgs args) in /_/src/Microsoft.TestPlatform.Common/ExtensionFramework/TestPluginCache.cs:line 513
   at System.Runtime.Loader.AssemblyLoadContext.GetFirstResolvedAssemblyFromResolvingEvent(AssemblyName assemblyName)
   at System.Runtime.Loader.AssemblyLoadContext.ResolveUsingEvent(AssemblyName assemblyName)
   at System.Runtime.Loader.AssemblyLoadContext.ResolveUsingResolvingEvent(IntPtr gchManagedAssemblyLoadContext, AssemblyName assemblyName)
TpTrace Verbose: 0 : 27056, 1, 2024/02/22, 15:49:51.596, 2773781162646, vstest.console.dll, MetadataReaderExtensionsHelper: Discovering extensions inside assembly 'Microsoft.TestPlatform.Extensions.BlameDataCollector, Version=15.0.0.0, Culture=neutral, PublicKeyToken=b03f5f7f11d50a3a' file path 'C:\Program Files\dotnet\sdk\8.0.200\Extensions\Microsoft.TestPlatform.Extensions.BlameDataCollector.dll'
TpTrace Information: 0 : 27056, 1, 2024/02/22, 15:49:51.597, 2773781167539, vstest.console.dll, GetTestExtensionFromType: Register extension with identifier data 'logger://Microsoft/TestPlatform/Extensions/Blame/v1' and type 'Microsoft.TestPlatform.Extensions.BlameDataCollector.BlameLogger, Microsoft.TestPlatform.Extensions.BlameDataCollector, Version=15.0.0.0, Culture=neutral, PublicKeyToken=b03f5f7f11d50a3a' inside file 'C:\Program Files\dotnet\sdk\8.0.200\Extensions\Microsoft.TestPlatform.Extensions.BlameDataCollector.dll'
TpTrace Verbose: 0 : 27056, 1, 2024/02/22, 15:49:51.597, 2773781168337, vstest.console.dll, MetadataReaderExtensionsHelper: Discovering extensions inside assembly 'Microsoft.TestPlatform.Extensions.EventLogCollector, Version=15.0.0.0, Culture=neutral, PublicKeyToken=b03f5f7f11d50a3a' file path 'C:\Program Files\dotnet\sdk\8.0.200\Extensions\Microsoft.TestPlatform.Extensions.EventLogCollector.dll'
TpTrace Verbose: 0 : 27056, 1, 2024/02/22, 15:49:51.597, 2773781171304, vstest.console.dll, MetadataReaderExtensionsHelper: Discovering extensions inside assembly 'Microsoft.TestPlatform.TestHostRuntimeProvider, Version=15.0.0.0, Culture=neutral, PublicKeyToken=b03f5f7f11d50a3a' file path 'C:\Program Files\dotnet\sdk\8.0.200\Extensions\Microsoft.TestPlatform.TestHostRuntimeProvider.dll'
TpTrace Verbose: 0 : 27056, 1, 2024/02/22, 15:49:51.597, 2773781174010, vstest.console.dll, MetadataReaderExtensionsHelper: Discovering extensions inside assembly 'Microsoft.VisualStudio.TestPlatform.Extensions.Html.TestLogger, Version=15.0.0.0, Culture=neutral, PublicKeyToken=b03f5f7f11d50a3a' file path 'C:\Program Files\dotnet\sdk\8.0.200\Extensions\Microsoft.VisualStudio.TestPlatform.Extensions.Html.TestLogger.dll'
TpTrace Information: 0 : 27056, 1, 2024/02/22, 15:49:51.598, 2773781179193, vstest.console.dll, GetTestExtensionFromType: Register extension with identifier data 'logger://Microsoft/TestPlatform/HtmlLogger/v1' and type 'Microsoft.VisualStudio.TestPlatform.Extensions.HtmlLogger.HtmlLogger, Microsoft.VisualStudio.TestPlatform.Extensions.Html.TestLogger, Version=15.0.0.0, Culture=neutral, PublicKeyToken=b03f5f7f11d50a3a' inside file 'C:\Program Files\dotnet\sdk\8.0.200\Extensions\Microsoft.VisualStudio.TestPlatform.Extensions.Html.TestLogger.dll'
TpTrace Verbose: 0 : 27056, 1, 2024/02/22, 15:49:51.598, 2773781179839, vstest.console.dll, MetadataReaderExtensionsHelper: Discovering extensions inside assembly 'Microsoft.VisualStudio.TestPlatform.Extensions.Trx.TestLogger, Version=15.0.0.0, Culture=neutral, PublicKeyToken=b03f5f7f11d50a3a' file path 'C:\Program Files\dotnet\sdk\8.0.200\Extensions\Microsoft.VisualStudio.TestPlatform.Extensions.Trx.TestLogger.dll'
TpTrace Information: 0 : 27056, 1, 2024/02/22, 15:49:51.598, 2773781182921, vstest.console.dll, GetTestExtensionFromType: Register extension with identifier data 'logger://Microsoft/TestPlatform/TrxLogger/v1' and type 'Microsoft.VisualStudio.TestPlatform.Extensions.TrxLogger.TrxLogger, Microsoft.VisualStudio.TestPlatform.Extensions.Trx.TestLogger, Version=15.0.0.0, Culture=neutral, PublicKeyToken=b03f5f7f11d50a3a' inside file 'C:\Program Files\dotnet\sdk\8.0.200\Extensions\Microsoft.VisualStudio.TestPlatform.Extensions.Trx.TestLogger.dll'
TpTrace Verbose: 0 : 27056, 1, 2024/02/22, 15:49:51.598, 2773781183533, vstest.console.dll, TestPluginCache: Discovered the extensions using extension path ''.
TpTrace Verbose: 0 : 27056, 1, 2024/02/22, 15:49:51.598, 2773781183736, vstest.console.dll, TestPluginCache: Discoverers are ''.
TpTrace Verbose: 0 : 27056, 1, 2024/02/22, 15:49:51.598, 2773781183908, vstest.console.dll, TestPluginCache: Executors are ''.
TpTrace Verbose: 0 : 27056, 1, 2024/02/22, 15:49:51.598, 2773781184076, vstest.console.dll, TestPluginCache: Executors2 are ''.
TpTrace Verbose: 0 : 27056, 1, 2024/02/22, 15:49:51.598, 2773781184268, vstest.console.dll, TestPluginCache: Setting providers are ''.
TpTrace Verbose: 0 : 27056, 1, 2024/02/22, 15:49:51.598, 2773781184837, vstest.console.dll, TestPluginCache: Loggers are 'logger://Microsoft/TestPlatform/Extensions/Blame/v1,logger://Microsoft/TestPlatform/HtmlLogger/v1,logger://Microsoft/TestPlatform/TrxLogger/v1'.
TpTrace Verbose: 0 : 27056, 1, 2024/02/22, 15:49:51.598, 2773781185078, vstest.console.dll, TestPluginCache: TestHosts are 'HostProvider://DefaultTestHost,HostProvider://DotnetTestHost'.
TpTrace Verbose: 0 : 27056, 1, 2024/02/22, 15:49:51.598, 2773781185251, vstest.console.dll, TestPluginCache: DataCollectors are ''.
TpTrace Information: 0 : 27056, 1, 2024/02/22, 15:49:51.599, 2773781192675, vstest.console.dll, TestPluginManager.CreateTestExtension: Attempting to load test extension: Microsoft.TestPlatform.Extensions.BlameDataCollector.BlameLogger
TpTrace Verbose: 0 : 27056, 1, 2024/02/22, 15:49:51.769, 2773782896917, vstest.console.dll, TestEngine: Initializing Parallel Execution as MaxCpuCount is set to: 1
TpTrace Information: 0 : 27056, 1, 2024/02/22, 15:49:51.772, 2773782926374, vstest.console.dll, TestPluginManager.CreateTestExtension: Attempting to load test extension: Microsoft.VisualStudio.TestPlatform.CrossPlatEngine.Hosting.DefaultTestHostManager
TpTrace Information: 0 : 27056, 1, 2024/02/22, 15:49:51.774, 2773782946386, vstest.console.dll, TestPluginManager.CreateTestExtension: Attempting to load test extension: Microsoft.VisualStudio.TestPlatform.CrossPlatEngine.Hosting.DotnetTestHostManager
TpTrace Information: 0 : 27056, 1, 2024/02/22, 15:49:51.776, 2773782957830, vstest.console.dll, InferRunSettingsHelper.IsTestSettingsEnabled: Unable to navigate to RunSettings/MSTest. Current node: RunSettings
TpTrace Verbose: 0 : 27056, 1, 2024/02/22, 15:49:51.778, 2773782982632, vstest.console.dll, ParallelOperationManager.ClearSlots: Clearing all slots. Slots should accept more work: True
TpTrace Verbose: 0 : 27056, 1, 2024/02/22, 15:49:51.779, 2773782992450, vstest.console.dll, ParallelOperationManager.SetOccupiedSlotCount: Setting slot counts AvailableSlotCount = 3, OccupiedSlotCount = 0.
TpTrace Verbose: 0 : 27056, 1, 2024/02/22, 15:49:51.779, 2773782996111, vstest.console.dll, Occupied slots:

TpTrace Verbose: 0 : 27056, 1, 2024/02/22, 15:49:51.783, 2773783033286, vstest.console.dll, TestEngine.GetExecutionManager: Chosen execution manager 'Microsoft.VisualStudio.TestPlatform.CrossPlatEngine.Client.Parallel.ParallelProxyExecutionManager, Microsoft.TestPlatform.CrossPlatEngine, Version=15.0.0.0, Culture=neutral, PublicKeyToken=b03f5f7f11d50a3a' ParallelLevel '1'.
TpTrace Verbose: 0 : 27056, 1, 2024/02/22, 15:49:51.783, 2773783035262, vstest.console.dll, TestRunRequest.ExecuteAsync: Creating test run request.
TpTrace Verbose: 0 : 27056, 1, 2024/02/22, 15:49:51.784, 2773783037334, vstest.console.dll, TestRunRequest.ExecuteAsync: Starting.
TpTrace Information: 0 : 27056, 1, 2024/02/22, 15:49:51.785, 2773783047742, vstest.console.dll, TestRunRequest.ExecuteAsync: Starting run with settings:TestRunCriteria:
   KeepAlive=False,FrequencyOfRunStatsChangeEvent=10,RunStatsChangeEventTimeout=00:00:01.5000000,TestCaseFilter=,TestExecutorLauncher=
   Settingsxml=<RunSettings>
  <RunConfiguration>
    <ResultsDirectory>C:\Users\mridulsharma01\OneDrive - Nagarro\Desktop\Insurance app\Inuranceappbackend\Inuranceappbackend.Tests\bin\Debug\net5.0\fine-code-coverage\coverage-tool-output</ResultsDirectory>
    <TargetPlatform>X64</TargetPlatform>
    <TargetFrameworkVersion>.NETCoreApp,Version=v5.0</TargetFrameworkVersion>
    <DesignMode>False</DesignMode>
    <CollectSourceInformation>False</CollectSourceInformation>
  </RunConfiguration>
  <LoggerRunSettings>
    <Loggers>
      <Logger friendlyName="blame" enabled="True" />
      <Logger friendlyName="Console" uri="logger://microsoft/TestPlatform/ConsoleLogger/v1" assemblyQualifiedName="Microsoft.VisualStudio.TestPlatform.CommandLine.Internal.ConsoleLogger, vstest.console, Version=15.0.0.0, Culture=neutral, PublicKeyToken=b03f5f7f11d50a3a" codeBase="C:\Program Files\dotnet\sdk\8.0.200\vstest.console.dll" enabled="True" />
    </Loggers>
  </LoggerRunSettings>
  <DataCollectionRunSettings>
    <DataCollectors>
      <DataCollector friendlyName="blame" enabled="True">
        <Configuration>
          <ResultsDirectory>C:\Users\mridulsharma01\OneDrive - Nagarro\Desktop\Insurance app\Inuranceappbackend\Inuranceappbackend.Tests\bin\Debug\net5.0\fine-code-coverage\coverage-tool-output</ResultsDirectory>
        </Configuration>
      </DataCollector>
    </DataCollectors>
  </DataCollectionRunSettings>
</RunSettings>

TpTrace Verbose: 0 : 27056, 1, 2024/02/22, 15:49:51.785, 2773783048369, vstest.console.dll, TestRunRequest.ExecuteAsync: Wait for the first run request is over.
TpTrace Verbose: 0 : 27056, 1, 2024/02/22, 15:49:51.785, 2773783051390, vstest.console.dll, MulticastDelegateUtilities.SafeInvoke: TestRun.TestRunStart: Invoking callbacks was skipped because there are no subscribers.
TpTrace Verbose: 0 : 27056, 4, 2024/02/22, 15:49:51.785, 2773783054445, vstest.console.dll, MulticastDelegateUtilities.SafeInvoke: InternalTestLoggerEvents.SendTestRunStart: Invoking callback 1/1 for Microsoft.VisualStudio.TestPlatform.CommandLine.Internal.ConsoleLogger., took 0 ms.
TpTrace Verbose: 0 : 27056, 1, 2024/02/22, 15:49:51.786, 2773783063597, vstest.console.dll, ParallelProxyExecutionManager: Start execution. Total sources: 1
TpTrace Verbose: 0 : 27056, 1, 2024/02/22, 15:49:51.786, 2773783066839, vstest.console.dll, ParallelOperationManager.StartWork: Starting adding 1 workloads.
TpTrace Verbose: 0 : 27056, 1, 2024/02/22, 15:49:51.787, 2773783067428, vstest.console.dll, ParallelOperationManager.ClearSlots: Clearing all slots. Slots should accept more work: True
TpTrace Verbose: 0 : 27056, 1, 2024/02/22, 15:49:51.787, 2773783067953, vstest.console.dll, ParallelOperationManager.SetOccupiedSlotCount: Setting slot counts AvailableSlotCount = 3, OccupiedSlotCount = 0.
TpTrace Verbose: 0 : 27056, 1, 2024/02/22, 15:49:51.787, 2773783068251, vstest.console.dll, Occupied slots:

TpTrace Verbose: 0 : 27056, 1, 2024/02/22, 15:49:51.788, 2773783082917, vstest.console.dll, TestRequestSender is acting as server.
TpTrace Verbose: 0 : 27056, 1, 2024/02/22, 15:49:51.857, 2773783776476, vstest.console.dll, ParallelOperationManager.RunWorkInParallel: Adding 1 workload to slot, remaining workloads 0.
TpTrace Verbose: 0 : 27056, 1, 2024/02/22, 15:49:51.858, 2773783777894, vstest.console.dll, ParallelOperationManager.SetOccupiedSlotCount: Setting slot counts AvailableSlotCount = 2, OccupiedSlotCount = 1.
TpTrace Verbose: 0 : 27056, 1, 2024/02/22, 15:49:51.858, 2773783779779, vstest.console.dll, Occupied slots:
0: C:\Users\mridulsharma01\OneDrive - Nagarro\Desktop\Insurance app\Inuranceappbackend\Inuranceappbackend.Tests\bin\Debug\net5.0\fine-code-coverage\build-output\Inuranceappbackend.Tests.dll
TpTrace Verbose: 0 : 27056, 1, 2024/02/22, 15:49:51.860, 2773783801739, vstest.console.dll, ParallelOperationManager.RunWorkInParallel: Started host in slot number 0 for work (source): C:\Users\mridulsharma01\OneDrive - Nagarro\Desktop\Insurance app\Inuranceappbackend\Inuranceappbackend.Tests\bin\Debug\net5.0\fine-code-coverage\build-output\Inuranceappbackend.Tests.dll.
TpTrace Verbose: 0 : 27056, 1, 2024/02/22, 15:49:51.862, 2773783818696, vstest.console.dll, ParallelOperationManager.RunWorkInParallel: We started 1 work items, which is the max parallel level. Won't start more work.
TpTrace Verbose: 0 : 27056, 5, 2024/02/22, 15:49:51.862, 2773783820703, vstest.console.dll, ParallelProxyExecutionManager.StartTestRunOnConcurrentManager: Initializing uninitialized client. Started clients: 0
TpTrace Verbose: 0 : 27056, 1, 2024/02/22, 15:49:51.862, 2773783821045, vstest.console.dll, ParallelOperationManager.RunWorkInParallel: We started 1 work items in here, returning True.
TpTrace Information: 0 : 27056, 1, 2024/02/22, 15:49:51.862, 2773783822855, vstest.console.dll, TestRunRequest.ExecuteAsync: Started.
TpTrace Verbose: 0 : 27056, 5, 2024/02/22, 15:49:51.862, 2773783823079, vstest.console.dll, DataCollectionRequestSender.InitializeCommunication : Initialize communication. 
TpTrace Verbose: 0 : 27056, 1, 2024/02/22, 15:49:51.863, 2773783834384, vstest.console.dll, TestRunRequest.WaitForCompletion: Waiting with timeout -1.
TpTrace Information: 0 : 27056, 5, 2024/02/22, 15:49:51.879, 2773783988966, vstest.console.dll, Listening on Endpoint : 127.0.0.1:51762
TpTrace Verbose: 0 : 27056, 5, 2024/02/22, 15:49:51.888, 2773784084360, vstest.console.dll, DotnetDataCollectionLauncher: Adding  --runtimeconfig "C:\Program Files\dotnet\sdk\8.0.200\datacollector.runtimeconfig.json" in args
TpTrace Verbose: 0 : 27056, 5, 2024/02/22, 15:49:51.889, 2773784089777, vstest.console.dll, DotnetDataCollectionLauncher: Adding  --depsfile "C:\Program Files\dotnet\sdk\8.0.200\datacollector.deps.json" in args
TpTrace Verbose: 0 : 27056, 5, 2024/02/22, 15:49:51.889, 2773784092963, vstest.console.dll, DotnetDataCollectionLauncher: Full path of dotnet.exe is C:\Program Files\dotnet\dotnet.exe
TpTrace Information: 0 : 27056, 5, 2024/02/22, 15:49:51.903, 2773784236125, vstest.console.dll, ProxyDataCollectionManager.Initialize: Launched datacollector processId: 24984 port: 51762
TpTrace Information: 0 : 27056, 5, 2024/02/22, 15:49:51.904, 2773784238173, vstest.console.dll, ProxyDataCollectionManager.Initialize: waiting for connection with timeout: 90 seconds
TpTrace Verbose: 0 : 27056, 5, 2024/02/22, 15:49:51.904, 2773784239001, vstest.console.dll, DataCollectionRequestSender.WaitForRequestHandlerConnection : Waiting for connection with timeout: 90000
TpTrace Information: 0 : 27056, 7, 2024/02/22, 15:49:52.131, 2773786510903, vstest.console.dll, Using the buffer size of 16384 bytes
TpTrace Verbose: 0 : 27056, 5, 2024/02/22, 15:49:52.131, 2773786511130, vstest.console.dll, SocketCommunicationManager.WaitForClientConnection took: 227 ms, with 90000 ms timeout, and finished with True.
TpTrace Information: 0 : 27056, 7, 2024/02/22, 15:49:52.131, 2773786512154, vstest.console.dll, Accepted Client request and set the flag
TpTrace Verbose: 0 : 27056, 5, 2024/02/22, 15:49:52.131, 2773786513751, vstest.console.dll, ProxyDataCollectionManager.InvokeDataCollectionServiceAction: Starting.
TpTrace Information: 0 : 27056, 5, 2024/02/22, 15:49:52.131, 2773786514757, vstest.console.dll, ProxyDataCollectionManager.BeforeTestRunStart: Get environment variable and port for datacollector processId: 24984 port: 51762
TpTrace Verbose: 0 : 27056, 5, 2024/02/22, 15:49:52.131, 2773786516431, vstest.console.dll, DataCollectionRequestSender.SendBeforeTestRunStartAndGetResult: Send BeforeTestRunStart message with settingsXml <RunSettings><RunConfiguration><ResultsDirectory>C:\Users\mridulsharma01\OneDrive - Nagarro\Desktop\Insurance app\Inuranceappbackend\Inuranceappbackend.Tests\bin\Debug\net5.0\fine-code-coverage\coverage-tool-output</ResultsDirectory><TargetPlatform>X64</TargetPlatform><TargetFrameworkVersion>.NETCoreApp,Version=v5.0</TargetFrameworkVersion><DesignMode>False</DesignMode><CollectSourceInformation>False</CollectSourceInformation><TestAdaptersPaths>C:\Program Files\dotnet\sdk\8.0.200\Extensions</TestAdaptersPaths></RunConfiguration><LoggerRunSettings><Loggers><Logger friendlyName="blame" enabled="True" /><Logger friendlyName="Console" uri="logger://microsoft/TestPlatform/ConsoleLogger/v1" assemblyQualifiedName="Microsoft.VisualStudio.TestPlatform.CommandLine.Internal.ConsoleLogger, vstest.console, Version=15.0.0.0, Culture=neutral, PublicKeyToken=b03f5f7f11d50a3a" codeBase="C:\Program Files\dotnet\sdk\8.0.200\vstest.console.dll" enabled="True" /></Loggers></LoggerRunSettings><DataCollectionRunSettings><DataCollectors><DataCollector friendlyName="blame" enabled="True"><Configuration><ResultsDirectory>C:\Users\mridulsharma01\OneDrive - Nagarro\Desktop\Insurance app\Inuranceappbackend\Inuranceappbackend.Tests\bin\Debug\net5.0\fine-code-coverage\coverage-tool-output</ResultsDirectory></Configuration></DataCollector></DataCollectors></DataCollectionRunSettings></RunSettings> and sources System.Collections.Generic.List`1[System.String]: 
TpTrace Verbose: 0 : 27056, 5, 2024/02/22, 15:49:52.229, 2773787491591, vstest.console.dll, DataCollectionRequestSender.SendBeforeTestRunStartAndGetResult: Received message: (DataCollection.SendMessage) -> {"MessageType":"DataCollection.SendMessage","Payload":{"FriendlyName":null,"Uri":null,"TestCaseId":"00000000-0000-0000-0000-000000000000","Message":"Logging DataCollector Diagnostics in file: C:\\Users\\mridulsharma01\\OneDrive - Nagarro\\Desktop\\Insurance app\\Inuranceappbackend\\Inuranceappbackend.Tests\\bin\\Debug\\net5.0\\fine-code-coverage\\coverage-tool-output\\diagnostics.datacollector.24-02-22_15-49-51_88805_5.log","Level":0}}
TpTrace Verbose: 0 : 27056, 5, 2024/02/22, 15:49:52.351, 2773788708646, vstest.console.dll, DataCollectionRequestSender.SendBeforeTestRunStartAndGetResult: Received message: (DataCollection.BeforeTestRunStartResult) -> {"MessageType":"DataCollection.BeforeTestRunStartResult","Payload":{"EnvironmentVariables":{},"DataCollectionEventsPort":51765}}
TpTrace Information: 0 : 27056, 5, 2024/02/22, 15:49:52.358, 2773788778140, vstest.console.dll, ProxyDataCollectionManager.BeforeTestRunStart: SendBeforeTestRunStartAndGetResult successful, env variable from datacollector:   and testhost port: 51765
TpTrace Information: 0 : 27056, 5, 2024/02/22, 15:49:52.358, 2773788780719, vstest.console.dll, ProxyDataCollectionManager.InvokeDataCollectionServiceAction: Completed.
TpTrace Verbose: 0 : 27056, 5, 2024/02/22, 15:49:52.358, 2773788781473, vstest.console.dll, ParallelProxyExecutionManager.StartTestRunOnConcurrentManager: Initializing test run. Started clients: 0
TpTrace Verbose: 0 : 27056, 5, 2024/02/22, 15:49:52.358, 2773788782670, vstest.console.dll, ProxyExecutionManager: Test host is always Lazy initialize.
TpTrace Verbose: 0 : 27056, 5, 2024/02/22, 15:49:52.359, 2773788788023, vstest.console.dll, TestRequestSender.InitializeCommunication: initialize communication. 
TpTrace Information: 0 : 27056, 5, 2024/02/22, 15:49:52.360, 2773788797496, vstest.console.dll, SocketServer.Start: Listening on endpoint : 127.0.0.1:51766
TpTrace Verbose: 0 : 27056, 5, 2024/02/22, 15:49:52.360, 2773788806987, vstest.console.dll, DotnetTestHostmanager.GetTestHostProcessStartInfo: Platform environment 'X64' target architecture 'X64' framework '.NETCoreApp,Version=v5.0' OS 'Windows'
TpTrace Verbose: 0 : 27056, 5, 2024/02/22, 15:49:52.361, 2773788813996, vstest.console.dll, DotnetTestHostmanager: Adding  --runtimeconfig "C:\Users\mridulsharma01\OneDrive - Nagarro\Desktop\Insurance app\Inuranceappbackend\Inuranceappbackend.Tests\bin\Debug\net5.0\fine-code-coverage\build-output\Inuranceappbackend.Tests.runtimeconfig.json" in args
TpTrace Verbose: 0 : 27056, 5, 2024/02/22, 15:49:52.362, 2773788822039, vstest.console.dll, DotnetTestHostmanager: Adding  --depsfile "C:\Users\mridulsharma01\OneDrive - Nagarro\Desktop\Insurance app\Inuranceappbackend\Inuranceappbackend.Tests\bin\Debug\net5.0\fine-code-coverage\build-output\Inuranceappbackend.Tests.deps.json" in args
TpTrace Verbose: 0 : 27056, 5, 2024/02/22, 15:49:52.362, 2773788824762, vstest.console.dll, DotnetTestHostmanager.IsWinOnArm: Current PROCESSOR_ARCHITECTURE from environment variable 'AMD64'
TpTrace Verbose: 0 : 27056, 5, 2024/02/22, 15:49:52.362, 2773788825639, vstest.console.dll, DotnetTestHostmanager.IsWinOnArm: Is Windows on ARM 'False'
TpTrace Verbose: 0 : 27056, 5, 2024/02/22, 15:49:52.363, 2773788827124, vstest.console.dll, DotnetTestHostManager: testhost.exe found at path: C:\Users\mridulsharma01\OneDrive - Nagarro\Desktop\Insurance app\Inuranceappbackend\Inuranceappbackend.Tests\bin\Debug\net5.0\fine-code-coverage\build-output\testhost.exe
TpTrace Verbose: 0 : 27056, 5, 2024/02/22, 15:49:52.363, 2773788827621, vstest.console.dll, DotnetTestHostmanager: Full path of host exe is C:\Users\mridulsharma01\OneDrive - Nagarro\Desktop\Insurance app\Inuranceappbackend\Inuranceappbackend.Tests\bin\Debug\net5.0\fine-code-coverage\build-output\testhost.exe
TpTrace Verbose: 0 : 27056, 5, 2024/02/22, 15:49:52.363, 2773788828967, vstest.console.dll, DotnetTestHostmanager.LaunchTestHostAsync: Found 'VSTEST_WINAPPHOST_DOTNET_ROOT' in env variables, value 'C:\Program Files\dotnet', forwarding to 'DOTNET_ROOT'
TpTrace Verbose: 0 : 27056, 5, 2024/02/22, 15:49:52.363, 2773788830298, vstest.console.dll, DotnetTestHostManager: Starting process 'C:\Users\mridulsharma01\OneDrive - Nagarro\Desktop\Insurance app\Inuranceappbackend\Inuranceappbackend.Tests\bin\Debug\net5.0\fine-code-coverage\build-output\testhost.exe' with command line ' --runtimeconfig "C:\Users\mridulsharma01\OneDrive - Nagarro\Desktop\Insurance app\Inuranceappbackend\Inuranceappbackend.Tests\bin\Debug\net5.0\fine-code-coverage\build-output\Inuranceappbackend.Tests.runtimeconfig.json" --depsfile "C:\Users\mridulsharma01\OneDrive - Nagarro\Desktop\Insurance app\Inuranceappbackend\Inuranceappbackend.Tests\bin\Debug\net5.0\fine-code-coverage\build-output\Inuranceappbackend.Tests.deps.json" --port 51766 --endpoint 127.0.0.1:051766 --role client --parentprocessid 27056 --diag "C:\Users\mridulsharma01\OneDrive - Nagarro\Desktop\Insurance app\Inuranceappbackend\Inuranceappbackend.Tests\bin\Debug\net5.0\fine-code-coverage\coverage-tool-output\diagnostics.host.24-02-22_15-49-52_36058_5.log" --tracelevel 4 --datacollectionport 51765 --telemetryoptedin false'
TpTrace Verbose: 0 : 27056, 5, 2024/02/22, 15:49:52.381, 2773789014319, vstest.console.dll, MulticastDelegateUtilities.SafeInvoke: HostProviderEvents.OnHostLaunched: Invoking callback 1/2 for Microsoft.VisualStudio.TestPlatform.CrossPlatEngine.Client.ProxyExecutionManagerWithDataCollection., took 9 ms.
TpTrace Verbose: 0 : 27056, 5, 2024/02/22, 15:49:52.382, 2773789020258, vstest.console.dll, Test Runtime launched
TpTrace Verbose: 0 : 27056, 5, 2024/02/22, 15:49:52.382, 2773789021347, vstest.console.dll, MulticastDelegateUtilities.SafeInvoke: HostProviderEvents.OnHostLaunched: Invoking callback 2/2 for Microsoft.VisualStudio.TestPlatform.CrossPlatEngine.Client.ProxyOperationManager., took 0 ms.
TpTrace Verbose: 0 : 27056, 5, 2024/02/22, 15:49:52.383, 2773789033118, vstest.console.dll, TestRequestSender.WaitForRequestHandlerConnection: waiting for connection with timeout: 90000.
TpTrace Verbose: 0 : 27056, 5, 2024/02/22, 15:49:52.871, 2773793915748, vstest.console.dll, TestRequestSender.WaitForRequestHandlerConnection: waiting took 488 ms, with timeout 90000 ms, and result 0, which is success.
TpTrace Verbose: 0 : 27056, 11, 2024/02/22, 15:49:52.871, 2773793915737, vstest.console.dll, MulticastDelegateUtilities.SafeInvoke: SocketServer: ClientConnected: Invoking callback 1/1 for Microsoft.VisualStudio.TestPlatform.CommunicationUtilities.TestRequestSender., took 0 ms.
TpTrace Verbose: 0 : 27056, 11, 2024/02/22, 15:49:52.872, 2773793919405, vstest.console.dll, SocketServer.OnClientConnected: Client connected for endPoint: 127.0.0.1:51766, starting MessageLoopAsync:
TpTrace Verbose: 0 : 27056, 11, 2024/02/22, 15:49:52.873, 2773793932359, vstest.console.dll, TcpClientExtensions.MessageLoopAsync: Polling on remoteEndPoint: 127.0.0.1:51767 localEndPoint: 127.0.0.1:51766 after 0 ms
TpTrace Verbose: 0 : 27056, 5, 2024/02/22, 15:49:52.874, 2773793939141, vstest.console.dll, TestRequestSender.CheckVersionWithTestHost: Sending check version message: {"MessageType":"ProtocolVersion","Payload":7}
TpTrace Verbose: 0 : 27056, 11, 2024/02/22, 15:49:53.061, 2773795815356, vstest.console.dll, TcpClientExtensions.MessageLoopAsync: NotifyDataAvailable remoteEndPoint: 127.0.0.1:51767 localEndPoint: 127.0.0.1:51766
TpTrace Verbose: 0 : 27056, 11, 2024/02/22, 15:49:53.062, 2773795818252, vstest.console.dll, TestRequestSender.CheckVersionWithTestHost: onMessageReceived received message: (ProtocolVersion) -> {"MessageType":"ProtocolVersion","Payload":5}
TpTrace Verbose: 0 : 27056, 11, 2024/02/22, 15:49:53.063, 2773795830562, vstest.console.dll, MulticastDelegateUtilities.SafeInvoke: LengthPrefixCommunicationChannel: MessageReceived: Invoking callback 1/1 for Microsoft.VisualStudio.TestPlatform.CommunicationUtilities.TestRequestSender+<>c__DisplayClass29_0., took 1 ms.
TpTrace Verbose: 0 : 27056, 5, 2024/02/22, 15:49:53.063, 2773795832293, vstest.console.dll, TestPluginCache.GetExtensionPaths: Filtered extension paths: 
TpTrace Verbose: 0 : 27056, 11, 2024/02/22, 15:49:53.063, 2773795833347, vstest.console.dll, TcpClientExtensions.MessageLoopAsync: Polling on remoteEndPoint: 127.0.0.1:51767 localEndPoint: 127.0.0.1:51766 after 189 ms
TpTrace Verbose: 0 : 27056, 5, 2024/02/22, 15:49:53.063, 2773795834535, vstest.console.dll, TestPluginCache.GetExtensionPaths: Added default extension paths: C:\Program Files\dotnet\sdk\8.0.200\Extensions\Microsoft.Diagnostics.NETCore.Client.dll
C:\Program Files\dotnet\sdk\8.0.200\Extensions\Microsoft.TestPlatform.Extensions.BlameDataCollector.dll
C:\Program Files\dotnet\sdk\8.0.200\Extensions\Microsoft.TestPlatform.Extensions.EventLogCollector.dll
C:\Program Files\dotnet\sdk\8.0.200\Extensions\Microsoft.TestPlatform.TestHostRuntimeProvider.dll
C:\Program Files\dotnet\sdk\8.0.200\Extensions\Microsoft.VisualStudio.TestPlatform.Extensions.Html.TestLogger.dll
C:\Program Files\dotnet\sdk\8.0.200\Extensions\Microsoft.VisualStudio.TestPlatform.Extensions.Trx.TestLogger.dll
TpTrace Verbose: 0 : 27056, 5, 2024/02/22, 15:49:53.063, 2773795835256, vstest.console.dll, TestPluginCache.GetExtensionPaths: Added unfilterableExtensionPaths: 
TpTrace Verbose: 0 : 27056, 5, 2024/02/22, 15:49:53.069, 2773795895432, vstest.console.dll, TestRequestSender.InitializeExecution: Sending initialize execution with message: {"Version":5,"MessageType":"TestExecution.Initialize","Payload":["C:\\Users\\mridulsharma01\\OneDrive - Nagarro\\Desktop\\Insurance app\\Inuranceappbackend\\Inuranceappbackend.Tests\\bin\\Debug\\net5.0\\fine-code-coverage\\build-output\\xunit.runner.visualstudio.dotnetcore.testadapter.dll"]}
TpTrace Verbose: 0 : 27056, 5, 2024/02/22, 15:49:53.070, 2773795900081, vstest.console.dll, ParallelProxyExecutionManager.StartTestRunOnConcurrentManager: Execution starting. Started clients: 1
TpTrace Verbose: 0 : 27056, 5, 2024/02/22, 15:49:53.070, 2773795904939, vstest.console.dll, TestRunRequest:SendTestRunMessage: Starting.
TpTrace Verbose: 0 : 27056, 5, 2024/02/22, 15:49:53.071, 2773795907402, vstest.console.dll, MulticastDelegateUtilities.SafeInvoke: TestRun.LogMessages: Invoking callback 1/1 for Microsoft.VisualStudio.TestPlatform.CommandLine.TestRunResultAggregator., took 0 ms.
TpTrace Information: 0 : 27056, 5, 2024/02/22, 15:49:53.071, 2773795908091, vstest.console.dll, TestRunRequest:SendTestRunMessage: Completed.
TpTrace Verbose: 0 : 27056, 4, 2024/02/22, 15:49:53.071, 2773795910547, vstest.console.dll, MulticastDelegateUtilities.SafeInvoke: InternalTestLoggerEvents.SendTestRunMessage: Invoking callback 1/1 for Microsoft.VisualStudio.TestPlatform.CommandLine.Internal.ConsoleLogger., took 0 ms.
TpTrace Warning: 0 : 27056, 5, 2024/02/22, 15:49:53.071, 2773795913622, vstest.console.dll, InferRunSettingsHelper.MakeRunsettingsCompatible: Removing the following settings: TargetPlatform from RunSettings file. To use those settings please move to latest version of Microsoft.NET.Test.Sdk
TpTrace Verbose: 0 : 27056, 11, 2024/02/22, 15:49:53.078, 2773795983132, vstest.console.dll, TcpClientExtensions.MessageLoopAsync: NotifyDataAvailable remoteEndPoint: 127.0.0.1:51767 localEndPoint: 127.0.0.1:51766
TpTrace Verbose: 0 : 27056, 11, 2024/02/22, 15:49:53.079, 2773795988598, vstest.console.dll, TestRequestSender.OnExecutionMessageReceived: Received message: {"Version":5,"MessageType":"TestSession.Message","Payload":{"MessageLevel":0,"Message":"Logging TestHost Diagnostics in file: C:\\Users\\mridulsharma01\\OneDrive - Nagarro\\Desktop\\Insurance app\\Inuranceappbackend\\Inuranceappbackend.Tests\\bin\\Debug\\net5.0\\fine-code-coverage\\coverage-tool-output\\diagnostics.host.24-02-22_15-49-52_36058_5.log"}}
TpTrace Verbose: 0 : 27056, 5, 2024/02/22, 15:49:53.080, 2773796006548, vstest.console.dll, TestRequestSender.StartTestRun: Sending test run with message: {"Version":5,"MessageType":"TestExecution.StartWithSources","Payload":{"AdapterSourceMap":{"_none_":["C:\\Users\\mridulsharma01\\OneDrive - Nagarro\\Desktop\\Insurance app\\Inuranceappbackend\\Inuranceappbackend.Tests\\bin\\Debug\\net5.0\\fine-code-coverage\\build-output\\Inuranceappbackend.Tests.dll"]},"RunSettings":"<RunSettings>\r\n  <RunConfiguration>\r\n    <ResultsDirectory>C:\\Users\\mridulsharma01\\OneDrive - Nagarro\\Desktop\\Insurance app\\Inuranceappbackend\\Inuranceappbackend.Tests\\bin\\Debug\\net5.0\\fine-code-coverage\\coverage-tool-output</ResultsDirectory>\r\n    <TargetFrameworkVersion>.NETCoreApp,Version=v5.0</TargetFrameworkVersion>\r\n    <DesignMode>False</DesignMode>\r\n    <CollectSourceInformation>False</CollectSourceInformation>\r\n  </RunConfiguration>\r\n  <LoggerRunSettings>\r\n    <Loggers>\r\n      <Logger friendlyName=\"blame\" enabled=\"True\" />\r\n      <Logger friendlyName=\"Console\" uri=\"logger://microsoft/TestPlatform/ConsoleLogger/v1\" assemblyQualifiedName=\"Microsoft.VisualStudio.TestPlatform.CommandLine.Internal.ConsoleLogger, vstest.console, Version=15.0.0.0, Culture=neutral, PublicKeyToken=b03f5f7f11d50a3a\" codeBase=\"C:\\Program Files\\dotnet\\sdk\\8.0.200\\vstest.console.dll\" enabled=\"True\" />\r\n    </Loggers>\r\n  </LoggerRunSettings>\r\n  <DataCollectionRunSettings>\r\n    <DataCollectors>\r\n      <DataCollector friendlyName=\"blame\" enabled=\"True\">\r\n        <Configuration>\r\n          <ResultsDirectory>C:\\Users\\mridulsharma01\\OneDrive - Nagarro\\Desktop\\Insurance app\\Inuranceappbackend\\Inuranceappbackend.Tests\\bin\\Debug\\net5.0\\fine-code-coverage\\coverage-tool-output</ResultsDirectory>\r\n        </Configuration>\r\n      </DataCollector>\r\n    </DataCollectors>\r\n  </DataCollectionRunSettings>\r\n</RunSettings>","TestExecutionContext":{"FrequencyOfRunStatsChangeEvent":10,"RunStatsChangeEventTimeout":"00:00:01.5000000","InIsolation":false,"KeepAlive":false,"AreTestCaseLevelEventsRequired":false,"IsDebug":false,"TestCaseFilter":null,"FilterOptions":null},"Package":null}}
TpTrace Verbose: 0 : 27056, 5, 2024/02/22, 15:49:53.081, 2773796010577, vstest.console.dll, ParallelProxyExecutionManager.StartTestRunOnConcurrentManager: Execution started. Started clients: 1
TpTrace Verbose: 0 : 27056, 11, 2024/02/22, 15:49:53.083, 2773796031853, vstest.console.dll, TestRunRequest:SendTestRunMessage: Starting.
TpTrace Verbose: 0 : 27056, 11, 2024/02/22, 15:49:53.083, 2773796034314, vstest.console.dll, MulticastDelegateUtilities.SafeInvoke: TestRun.LogMessages: Invoking callback 1/1 for Microsoft.VisualStudio.TestPlatform.CommandLine.TestRunResultAggregator., took 0 ms.
TpTrace Verbose: 0 : 27056, 4, 2024/02/22, 15:49:53.083, 2773796034527, vstest.console.dll, MulticastDelegateUtilities.SafeInvoke: InternalTestLoggerEvents.SendTestRunMessage: Invoking callback 1/1 for Microsoft.VisualStudio.TestPlatform.CommandLine.Internal.ConsoleLogger., took 0 ms.
TpTrace Information: 0 : 27056, 11, 2024/02/22, 15:49:53.083, 2773796036146, vstest.console.dll, TestRunRequest:SendTestRunMessage: Completed.
TpTrace Verbose: 0 : 27056, 11, 2024/02/22, 15:49:53.083, 2773796036755, vstest.console.dll, MulticastDelegateUtilities.SafeInvoke: LengthPrefixCommunicationChannel: MessageReceived: Invoking callback 1/1 for Microsoft.VisualStudio.TestPlatform.CommunicationUtilities.TestRequestSender+<>c__DisplayClass34_0., took 5 ms.
TpTrace Verbose: 0 : 27056, 11, 2024/02/22, 15:49:53.084, 2773796037110, vstest.console.dll, TcpClientExtensions.MessageLoopAsync: Polling on remoteEndPoint: 127.0.0.1:51767 localEndPoint: 127.0.0.1:51766 after 20 ms
TpTrace Verbose: 0 : 27056, 11, 2024/02/22, 15:49:53.360, 2773798798751, vstest.console.dll, TcpClientExtensions.MessageLoopAsync: NotifyDataAvailable remoteEndPoint: 127.0.0.1:51767 localEndPoint: 127.0.0.1:51766
TpTrace Verbose: 0 : 27056, 11, 2024/02/22, 15:49:53.360, 2773798801047, vstest.console.dll, TestRequestSender.OnExecutionMessageReceived: Received message: {"Version":5,"MessageType":"TestSession.Message","Payload":{"MessageLevel":0,"Message":"[xUnit.net 00:00:00.00] xUnit.net VSTest Adapter v2.4.3+1b45f5407b (64-bit .NET 5.0.17)"}}
TpTrace Verbose: 0 : 27056, 11, 2024/02/22, 15:49:53.360, 2773798804285, vstest.console.dll, TestRunRequest:SendTestRunMessage: Starting.
TpTrace Verbose: 0 : 27056, 11, 2024/02/22, 15:49:53.360, 2773798805306, vstest.console.dll, MulticastDelegateUtilities.SafeInvoke: TestRun.LogMessages: Invoking callback 1/1 for Microsoft.VisualStudio.TestPlatform.CommandLine.TestRunResultAggregator., took 0 ms.
TpTrace Information: 0 : 27056, 11, 2024/02/22, 15:49:53.360, 2773798805601, vstest.console.dll, TestRunRequest:SendTestRunMessage: Completed.
TpTrace Verbose: 0 : 27056, 11, 2024/02/22, 15:49:53.360, 2773798805842, vstest.console.dll, MulticastDelegateUtilities.SafeInvoke: LengthPrefixCommunicationChannel: MessageReceived: Invoking callback 1/1 for Microsoft.VisualStudio.TestPlatform.CommunicationUtilities.TestRequestSender+<>c__DisplayClass34_0., took 0 ms.
TpTrace Verbose: 0 : 27056, 4, 2024/02/22, 15:49:53.360, 2773798805738, vstest.console.dll, MulticastDelegateUtilities.SafeInvoke: InternalTestLoggerEvents.SendTestRunMessage: Invoking callback 1/1 for Microsoft.VisualStudio.TestPlatform.CommandLine.Internal.ConsoleLogger., took 0 ms.
TpTrace Verbose: 0 : 27056, 11, 2024/02/22, 15:49:53.360, 2773798806206, vstest.console.dll, TcpClientExtensions.MessageLoopAsync: Polling on remoteEndPoint: 127.0.0.1:51767 localEndPoint: 127.0.0.1:51766 after 276 ms
TpTrace Verbose: 0 : 27056, 11, 2024/02/22, 15:49:54.366, 2773808865967, vstest.console.dll, TcpClientExtensions.MessageLoopAsync: Polling on remoteEndPoint: 127.0.0.1:51767 localEndPoint: 127.0.0.1:51766 after 1005 ms
TpTrace Verbose: 0 : 27056, 11, 2024/02/22, 15:49:55.092, 2773816121947, vstest.console.dll, TcpClientExtensions.MessageLoopAsync: NotifyDataAvailable remoteEndPoint: 127.0.0.1:51767 localEndPoint: 127.0.0.1:51766
TpTrace Verbose: 0 : 27056, 11, 2024/02/22, 15:49:55.092, 2773816123942, vstest.console.dll, TestRequestSender.OnExecutionMessageReceived: Received message: {"Version":5,"MessageType":"TestSession.Message","Payload":{"MessageLevel":0,"Message":"[xUnit.net 00:00:01.74]   Discovering: Inuranceappbackend.Tests"}}
TpTrace Verbose: 0 : 27056, 11, 2024/02/22, 15:49:55.093, 2773816126616, vstest.console.dll, TestRunRequest:SendTestRunMessage: Starting.
TpTrace Verbose: 0 : 27056, 11, 2024/02/22, 15:49:55.093, 2773816127424, vstest.console.dll, MulticastDelegateUtilities.SafeInvoke: TestRun.LogMessages: Invoking callback 1/1 for Microsoft.VisualStudio.TestPlatform.CommandLine.TestRunResultAggregator., took 0 ms.
TpTrace Information: 0 : 27056, 11, 2024/02/22, 15:49:55.093, 2773816127680, vstest.console.dll, TestRunRequest:SendTestRunMessage: Completed.
TpTrace Verbose: 0 : 27056, 11, 2024/02/22, 15:49:55.093, 2773816127913, vstest.console.dll, MulticastDelegateUtilities.SafeInvoke: LengthPrefixCommunicationChannel: MessageReceived: Invoking callback 1/1 for Microsoft.VisualStudio.TestPlatform.CommunicationUtilities.TestRequestSender+<>c__DisplayClass34_0., took 0 ms.
TpTrace Verbose: 0 : 27056, 11, 2024/02/22, 15:49:55.093, 2773816128129, vstest.console.dll, TcpClientExtensions.MessageLoopAsync: Polling on remoteEndPoint: 127.0.0.1:51767 localEndPoint: 127.0.0.1:51766 after 726 ms
TpTrace Verbose: 0 : 27056, 4, 2024/02/22, 15:49:55.093, 2773816128230, vstest.console.dll, MulticastDelegateUtilities.SafeInvoke: InternalTestLoggerEvents.SendTestRunMessage: Invoking callback 1/1 for Microsoft.VisualStudio.TestPlatform.CommandLine.Internal.ConsoleLogger., took 0 ms.
TpTrace Verbose: 0 : 27056, 11, 2024/02/22, 15:49:55.196, 2773817162870, vstest.console.dll, TcpClientExtensions.MessageLoopAsync: NotifyDataAvailable remoteEndPoint: 127.0.0.1:51767 localEndPoint: 127.0.0.1:51766
TpTrace Verbose: 0 : 27056, 11, 2024/02/22, 15:49:55.196, 2773817164752, vstest.console.dll, TestRequestSender.OnExecutionMessageReceived: Received message: {"Version":5,"MessageType":"TestSession.Message","Payload":{"MessageLevel":0,"Message":"[xUnit.net 00:00:01.85]   Discovered:  Inuranceappbackend.Tests"}}
TpTrace Verbose: 0 : 27056, 11, 2024/02/22, 15:49:55.196, 2773817165992, vstest.console.dll, TestRunRequest:SendTestRunMessage: Starting.
TpTrace Verbose: 0 : 27056, 11, 2024/02/22, 15:49:55.197, 2773817166571, vstest.console.dll, MulticastDelegateUtilities.SafeInvoke: TestRun.LogMessages: Invoking callback 1/1 for Microsoft.VisualStudio.TestPlatform.CommandLine.TestRunResultAggregator., took 0 ms.
TpTrace Information: 0 : 27056, 11, 2024/02/22, 15:49:55.197, 2773817166897, vstest.console.dll, TestRunRequest:SendTestRunMessage: Completed.
TpTrace Verbose: 0 : 27056, 11, 2024/02/22, 15:49:55.197, 2773817167040, vstest.console.dll, MulticastDelegateUtilities.SafeInvoke: LengthPrefixCommunicationChannel: MessageReceived: Invoking callback 1/1 for Microsoft.VisualStudio.TestPlatform.CommunicationUtilities.TestRequestSender+<>c__DisplayClass34_0., took 0 ms.
TpTrace Verbose: 0 : 27056, 11, 2024/02/22, 15:49:55.197, 2773817167222, vstest.console.dll, TcpClientExtensions.MessageLoopAsync: Polling on remoteEndPoint: 127.0.0.1:51767 localEndPoint: 127.0.0.1:51766 after 103 ms
TpTrace Verbose: 0 : 27056, 4, 2024/02/22, 15:49:55.197, 2773817167230, vstest.console.dll, MulticastDelegateUtilities.SafeInvoke: InternalTestLoggerEvents.SendTestRunMessage: Invoking callback 1/1 for Microsoft.VisualStudio.TestPlatform.CommandLine.Internal.ConsoleLogger., took 0 ms.
TpTrace Verbose: 0 : 27056, 11, 2024/02/22, 15:49:55.198, 2773817182170, vstest.console.dll, TcpClientExtensions.MessageLoopAsync: NotifyDataAvailable remoteEndPoint: 127.0.0.1:51767 localEndPoint: 127.0.0.1:51766
TpTrace Verbose: 0 : 27056, 11, 2024/02/22, 15:49:55.198, 2773817183444, vstest.console.dll, TestRequestSender.OnExecutionMessageReceived: Received message: {"Version":5,"MessageType":"TestSession.Message","Payload":{"MessageLevel":0,"Message":"[xUnit.net 00:00:01.85]   Starting:    Inuranceappbackend.Tests"}}
TpTrace Verbose: 0 : 27056, 11, 2024/02/22, 15:49:55.198, 2773817184335, vstest.console.dll, TestRunRequest:SendTestRunMessage: Starting.
TpTrace Verbose: 0 : 27056, 11, 2024/02/22, 15:49:55.198, 2773817184831, vstest.console.dll, MulticastDelegateUtilities.SafeInvoke: TestRun.LogMessages: Invoking callback 1/1 for Microsoft.VisualStudio.TestPlatform.CommandLine.TestRunResultAggregator., took 0 ms.
TpTrace Information: 0 : 27056, 11, 2024/02/22, 15:49:55.198, 2773817185007, vstest.console.dll, TestRunRequest:SendTestRunMessage: Completed.
TpTrace Verbose: 0 : 27056, 4, 2024/02/22, 15:49:55.198, 2773817185158, vstest.console.dll, MulticastDelegateUtilities.SafeInvoke: InternalTestLoggerEvents.SendTestRunMessage: Invoking callback 1/1 for Microsoft.VisualStudio.TestPlatform.CommandLine.Internal.ConsoleLogger., took 0 ms.
TpTrace Verbose: 0 : 27056, 11, 2024/02/22, 15:49:55.198, 2773817186450, vstest.console.dll, MulticastDelegateUtilities.SafeInvoke: LengthPrefixCommunicationChannel: MessageReceived: Invoking callback 1/1 for Microsoft.VisualStudio.TestPlatform.CommunicationUtilities.TestRequestSender+<>c__DisplayClass34_0., took 0 ms.
TpTrace Verbose: 0 : 27056, 11, 2024/02/22, 15:49:55.199, 2773817186882, vstest.console.dll, TcpClientExtensions.MessageLoopAsync: Polling on remoteEndPoint: 127.0.0.1:51767 localEndPoint: 127.0.0.1:51766 after 1 ms
TpTrace Verbose: 0 : 27056, 11, 2024/02/22, 15:49:55.323, 2773818429187, vstest.console.dll, TcpClientExtensions.MessageLoopAsync: NotifyDataAvailable remoteEndPoint: 127.0.0.1:51767 localEndPoint: 127.0.0.1:51766
TpTrace Verbose: 0 : 27056, 11, 2024/02/22, 15:49:55.323, 2773818431466, vstest.console.dll, TestRequestSender.OnExecutionMessageReceived: Received message: {"Version":5,"MessageType":"TestExecution.StatsChange","Payload":{"NewTestResults":[],"TestRunStatistics":{"ExecutedTests":0,"Stats":{}},"ActiveTests":[{"Id":"572f0cf1-1982-bb2f-2442-fab9bcf722fe","FullyQualifiedName":"Inuranceappbackend.Tests.Helper.PasswordHasherTest.VerifyPassword_IncorrectPassword_ReturnsFalse","DisplayName":"Inuranceappbackend.Tests.Helper.PasswordHasherTest.VerifyPassword_IncorrectPassword_ReturnsFalse","ExecutorUri":"executor://xunit/VsTestRunner2/netcoreapp","Source":"C:\\Users\\mridulsharma01\\OneDrive - Nagarro\\Desktop\\Insurance app\\Inuranceappbackend\\Inuranceappbackend.Tests\\bin\\Debug\\net5.0\\fine-code-coverage\\build-output\\Inuranceappbackend.Tests.dll","CodeFilePath":null,"LineNumber":0,"Properties":[]}]}}
TpTrace Verbose: 0 : 27056, 11, 2024/02/22, 15:49:55.405, 2773819253423, vstest.console.dll, TestRunRequest:SendTestRunStatsChange: Starting.
TpTrace Verbose: 0 : 27056, 11, 2024/02/22, 15:49:55.406, 2773819257537, vstest.console.dll, InProgress is Inuranceappbackend.Tests.Helper.PasswordHasherTest.VerifyPassword_IncorrectPassword_ReturnsFalse
TpTrace Verbose: 0 : 27056, 11, 2024/02/22, 15:49:55.406, 2773819259852, vstest.console.dll, MulticastDelegateUtilities.SafeInvoke: TestRun.RunStatsChanged: Invoking callbacks was skipped because there are no subscribers.
TpTrace Information: 0 : 27056, 11, 2024/02/22, 15:49:55.406, 2773819260653, vstest.console.dll, TestRunRequest:SendTestRunStatsChange: Completed.
TpTrace Verbose: 0 : 27056, 11, 2024/02/22, 15:49:55.406, 2773819261445, vstest.console.dll, MulticastDelegateUtilities.SafeInvoke: LengthPrefixCommunicationChannel: MessageReceived: Invoking callback 1/1 for Microsoft.VisualStudio.TestPlatform.CommunicationUtilities.TestRequestSender+<>c__DisplayClass34_0., took 83 ms.
TpTrace Verbose: 0 : 27056, 11, 2024/02/22, 15:49:55.406, 2773819262392, vstest.console.dll, TcpClientExtensions.MessageLoopAsync: Polling on remoteEndPoint: 127.0.0.1:51767 localEndPoint: 127.0.0.1:51766 after 207 ms
TpTrace Verbose: 0 : 27056, 11, 2024/02/22, 15:49:55.750, 2773822700723, vstest.console.dll, TcpClientExtensions.MessageLoopAsync: NotifyDataAvailable remoteEndPoint: 127.0.0.1:51767 localEndPoint: 127.0.0.1:51766
TpTrace Verbose: 0 : 27056, 11, 2024/02/22, 15:49:55.750, 2773822702085, vstest.console.dll, TestRequestSender.OnExecutionMessageReceived: Received message: {"Version":5,"MessageType":"TestSession.Message","Payload":{"MessageLevel":2,"Message":"[xUnit.net 00:00:02.40]     Inuranceappbackend.Tests.Controllers.UserControllerTest.LoginUser_Returns_Unauthorized_When_User_Not_Found [FAIL]"}}
TpTrace Verbose: 0 : 27056, 11, 2024/02/22, 15:49:55.750, 2773822703138, vstest.console.dll, TestRunRequest:SendTestRunMessage: Starting.
TpTrace Verbose: 0 : 27056, 11, 2024/02/22, 15:49:55.750, 2773822703524, vstest.console.dll, MulticastDelegateUtilities.SafeInvoke: TestRun.LogMessages: Invoking callback 1/1 for Microsoft.VisualStudio.TestPlatform.CommandLine.TestRunResultAggregator., took 0 ms.
TpTrace Information: 0 : 27056, 11, 2024/02/22, 15:49:55.750, 2773822703691, vstest.console.dll, TestRunRequest:SendTestRunMessage: Completed.
TpTrace Verbose: 0 : 27056, 11, 2024/02/22, 15:49:55.750, 2773822703869, vstest.console.dll, MulticastDelegateUtilities.SafeInvoke: LengthPrefixCommunicationChannel: MessageReceived: Invoking callback 1/1 for Microsoft.VisualStudio.TestPlatform.CommunicationUtilities.TestRequestSender+<>c__DisplayClass34_0., took 0 ms.
TpTrace Verbose: 0 : 27056, 11, 2024/02/22, 15:49:55.750, 2773822704040, vstest.console.dll, TcpClientExtensions.MessageLoopAsync: Polling on remoteEndPoint: 127.0.0.1:51767 localEndPoint: 127.0.0.1:51766 after 344 ms
TpTrace Verbose: 0 : 27056, 4, 2024/02/22, 15:49:55.750, 2773822705578, vstest.console.dll, MulticastDelegateUtilities.SafeInvoke: InternalTestLoggerEvents.SendTestRunMessage: Invoking callback 1/1 for Microsoft.VisualStudio.TestPlatform.CommandLine.Internal.ConsoleLogger., took 0 ms.
TpTrace Verbose: 0 : 27056, 11, 2024/02/22, 15:49:55.751, 2773822711799, vstest.console.dll, TcpClientExtensions.MessageLoopAsync: NotifyDataAvailable remoteEndPoint: 127.0.0.1:51767 localEndPoint: 127.0.0.1:51766
TpTrace Verbose: 0 : 27056, 11, 2024/02/22, 15:49:55.751, 2773822712752, vstest.console.dll, TestRequestSender.OnExecutionMessageReceived: Received message: {"Version":5,"MessageType":"TestSession.Message","Payload":{"MessageLevel":0,"Message":"[xUnit.net 00:00:02.40]       Assert.IsType() Failure"}}
TpTrace Verbose: 0 : 27056, 11, 2024/02/22, 15:49:55.751, 2773822714103, vstest.console.dll, TestRunRequest:SendTestRunMessage: Starting.
TpTrace Verbose: 0 : 27056, 11, 2024/02/22, 15:49:55.751, 2773822714673, vstest.console.dll, MulticastDelegateUtilities.SafeInvoke: TestRun.LogMessages: Invoking callback 1/1 for Microsoft.VisualStudio.TestPlatform.CommandLine.TestRunResultAggregator., took 0 ms.
TpTrace Information: 0 : 27056, 11, 2024/02/22, 15:49:55.751, 2773822715068, vstest.console.dll, TestRunRequest:SendTestRunMessage: Completed.
TpTrace Verbose: 0 : 27056, 11, 2024/02/22, 15:49:55.751, 2773822715284, vstest.console.dll, MulticastDelegateUtilities.SafeInvoke: LengthPrefixCommunicationChannel: MessageReceived: Invoking callback 1/1 for Microsoft.VisualStudio.TestPlatform.CommunicationUtilities.TestRequestSender+<>c__DisplayClass34_0., took 0 ms.
TpTrace Verbose: 0 : 27056, 11, 2024/02/22, 15:49:55.751, 2773822715512, vstest.console.dll, TcpClientExtensions.MessageLoopAsync: Polling on remoteEndPoint: 127.0.0.1:51767 localEndPoint: 127.0.0.1:51766 after 1 ms
TpTrace Verbose: 0 : 27056, 4, 2024/02/22, 15:49:55.751, 2773822715510, vstest.console.dll, MulticastDelegateUtilities.SafeInvoke: InternalTestLoggerEvents.SendTestRunMessage: Invoking callback 1/1 for Microsoft.VisualStudio.TestPlatform.CommandLine.Internal.ConsoleLogger., took 0 ms.
TpTrace Verbose: 0 : 27056, 11, 2024/02/22, 15:49:55.751, 2773822715877, vstest.console.dll, TcpClientExtensions.MessageLoopAsync: NotifyDataAvailable remoteEndPoint: 127.0.0.1:51767 localEndPoint: 127.0.0.1:51766
TpTrace Verbose: 0 : 27056, 11, 2024/02/22, 15:49:55.752, 2773822716734, vstest.console.dll, TestRequestSender.OnExecutionMessageReceived: Received message: {"Version":5,"MessageType":"TestSession.Message","Payload":{"MessageLevel":0,"Message":"[xUnit.net 00:00:02.40]       Expected: Microsoft.AspNetCore.Mvc.NotFoundResult"}}
TpTrace Verbose: 0 : 27056, 11, 2024/02/22, 15:49:55.752, 2773822718544, vstest.console.dll, TestRunRequest:SendTestRunMessage: Starting.
TpTrace Verbose: 0 : 27056, 11, 2024/02/22, 15:49:55.752, 2773822719566, vstest.console.dll, MulticastDelegateUtilities.SafeInvoke: TestRun.LogMessages: Invoking callback 1/1 for Microsoft.VisualStudio.TestPlatform.CommandLine.TestRunResultAggregator., took 0 ms.
TpTrace Information: 0 : 27056, 11, 2024/02/22, 15:49:55.752, 2773822720874, vstest.console.dll, TestRunRequest:SendTestRunMessage: Completed.
TpTrace Verbose: 0 : 27056, 4, 2024/02/22, 15:49:55.752, 2773822720999, vstest.console.dll, MulticastDelegateUtilities.SafeInvoke: InternalTestLoggerEvents.SendTestRunMessage: Invoking callback 1/1 for Microsoft.VisualStudio.TestPlatform.CommandLine.Internal.ConsoleLogger., took 0 ms.
TpTrace Verbose: 0 : 27056, 11, 2024/02/22, 15:49:55.752, 2773822721081, vstest.console.dll, MulticastDelegateUtilities.SafeInvoke: LengthPrefixCommunicationChannel: MessageReceived: Invoking callback 1/1 for Microsoft.VisualStudio.TestPlatform.CommunicationUtilities.TestRequestSender+<>c__DisplayClass34_0., took 0 ms.
TpTrace Verbose: 0 : 27056, 11, 2024/02/22, 15:49:55.752, 2773822721949, vstest.console.dll, TcpClientExtensions.MessageLoopAsync: Polling on remoteEndPoint: 127.0.0.1:51767 localEndPoint: 127.0.0.1:51766 after 0 ms
TpTrace Verbose: 0 : 27056, 11, 2024/02/22, 15:49:55.752, 2773822722218, vstest.console.dll, TcpClientExtensions.MessageLoopAsync: NotifyDataAvailable remoteEndPoint: 127.0.0.1:51767 localEndPoint: 127.0.0.1:51766
TpTrace Verbose: 0 : 27056, 11, 2024/02/22, 15:49:55.752, 2773822722554, vstest.console.dll, TestRequestSender.OnExecutionMessageReceived: Received message: {"Version":5,"MessageType":"TestSession.Message","Payload":{"MessageLevel":0,"Message":"[xUnit.net 00:00:02.40]       Actual:   Microsoft.AspNetCore.Mvc.OkObjectResult"}}
TpTrace Verbose: 0 : 27056, 11, 2024/02/22, 15:49:55.752, 2773822722941, vstest.console.dll, TestRunRequest:SendTestRunMessage: Starting.
TpTrace Verbose: 0 : 27056, 11, 2024/02/22, 15:49:55.752, 2773822723187, vstest.console.dll, MulticastDelegateUtilities.SafeInvoke: TestRun.LogMessages: Invoking callback 1/1 for Microsoft.VisualStudio.TestPlatform.CommandLine.TestRunResultAggregator., took 0 ms.
TpTrace Information: 0 : 27056, 11, 2024/02/22, 15:49:55.752, 2773822723348, vstest.console.dll, TestRunRequest:SendTestRunMessage: Completed.
TpTrace Verbose: 0 : 27056, 11, 2024/02/22, 15:49:55.752, 2773822723491, vstest.console.dll, MulticastDelegateUtilities.SafeInvoke: LengthPrefixCommunicationChannel: MessageReceived: Invoking callback 1/1 for Microsoft.VisualStudio.TestPlatform.CommunicationUtilities.TestRequestSender+<>c__DisplayClass34_0., took 0 ms.
TpTrace Verbose: 0 : 27056, 11, 2024/02/22, 15:49:55.752, 2773822723652, vstest.console.dll, TcpClientExtensions.MessageLoopAsync: Polling on remoteEndPoint: 127.0.0.1:51767 localEndPoint: 127.0.0.1:51766 after 0 ms
TpTrace Verbose: 0 : 27056, 4, 2024/02/22, 15:49:55.752, 2773822723508, vstest.console.dll, MulticastDelegateUtilities.SafeInvoke: InternalTestLoggerEvents.SendTestRunMessage: Invoking callback 1/1 for Microsoft.VisualStudio.TestPlatform.CommandLine.Internal.ConsoleLogger., took 0 ms.
TpTrace Verbose: 0 : 27056, 11, 2024/02/22, 15:49:55.752, 2773822723797, vstest.console.dll, TcpClientExtensions.MessageLoopAsync: NotifyDataAvailable remoteEndPoint: 127.0.0.1:51767 localEndPoint: 127.0.0.1:51766
TpTrace Verbose: 0 : 27056, 11, 2024/02/22, 15:49:55.752, 2773822725342, vstest.console.dll, TestRequestSender.OnExecutionMessageReceived: Received message: {"Version":5,"MessageType":"TestSession.Message","Payload":{"MessageLevel":0,"Message":"[xUnit.net 00:00:02.40]       Stack Trace:"}}
TpTrace Verbose: 0 : 27056, 11, 2024/02/22, 15:49:55.752, 2773822725838, vstest.console.dll, TestRunRequest:SendTestRunMessage: Starting.
TpTrace Verbose: 0 : 27056, 11, 2024/02/22, 15:49:55.752, 2773822726108, vstest.console.dll, MulticastDelegateUtilities.SafeInvoke: TestRun.LogMessages: Invoking callback 1/1 for Microsoft.VisualStudio.TestPlatform.CommandLine.TestRunResultAggregator., took 0 ms.
TpTrace Information: 0 : 27056, 11, 2024/02/22, 15:49:55.752, 2773822726240, vstest.console.dll, TestRunRequest:SendTestRunMessage: Completed.
TpTrace Verbose: 0 : 27056, 11, 2024/02/22, 15:49:55.753, 2773822726364, vstest.console.dll, MulticastDelegateUtilities.SafeInvoke: LengthPrefixCommunicationChannel: MessageReceived: Invoking callback 1/1 for Microsoft.VisualStudio.TestPlatform.CommunicationUtilities.TestRequestSender+<>c__DisplayClass34_0., took 0 ms.
TpTrace Verbose: 0 : 27056, 11, 2024/02/22, 15:49:55.753, 2773822726545, vstest.console.dll, TcpClientExtensions.MessageLoopAsync: Polling on remoteEndPoint: 127.0.0.1:51767 localEndPoint: 127.0.0.1:51766 after 0 ms
TpTrace Verbose: 0 : 27056, 4, 2024/02/22, 15:49:55.752, 2773822726344, vstest.console.dll, MulticastDelegateUtilities.SafeInvoke: InternalTestLoggerEvents.SendTestRunMessage: Invoking callback 1/1 for Microsoft.VisualStudio.TestPlatform.CommandLine.Internal.ConsoleLogger., took 0 ms.
TpTrace Verbose: 0 : 27056, 11, 2024/02/22, 15:49:55.755, 2773822749431, vstest.console.dll, TcpClientExtensions.MessageLoopAsync: NotifyDataAvailable remoteEndPoint: 127.0.0.1:51767 localEndPoint: 127.0.0.1:51766
TpTrace Verbose: 0 : 27056, 11, 2024/02/22, 15:49:55.755, 2773822750974, vstest.console.dll, TestRequestSender.OnExecutionMessageReceived: Received message: {"Version":5,"MessageType":"TestSession.Message","Payload":{"MessageLevel":0,"Message":"[xUnit.net 00:00:02.41]         C:\\Users\\mridulsharma01\\OneDrive - Nagarro\\Desktop\\Insurance app\\Inuranceappbackend\\Inuranceappbackend.Tests\\Controllers\\UserControllerTest.cs(48,0): at Inuranceappbackend.Tests.Controllers.UserControllerTest.LoginUser_Returns_Unauthorized_When_User_Not_Found()"}}
TpTrace Verbose: 0 : 27056, 11, 2024/02/22, 15:49:55.755, 2773822752171, vstest.console.dll, TestRunRequest:SendTestRunMessage: Starting.
TpTrace Verbose: 0 : 27056, 11, 2024/02/22, 15:49:55.755, 2773822752615, vstest.console.dll, MulticastDelegateUtilities.SafeInvoke: TestRun.LogMessages: Invoking callback 1/1 for Microsoft.VisualStudio.TestPlatform.CommandLine.TestRunResultAggregator., took 0 ms.
TpTrace Information: 0 : 27056, 11, 2024/02/22, 15:49:55.755, 2773822752888, vstest.console.dll, TestRunRequest:SendTestRunMessage: Completed.
TpTrace Verbose: 0 : 27056, 11, 2024/02/22, 15:49:55.755, 2773822753050, vstest.console.dll, MulticastDelegateUtilities.SafeInvoke: LengthPrefixCommunicationChannel: MessageReceived: Invoking callback 1/1 for Microsoft.VisualStudio.TestPlatform.CommunicationUtilities.TestRequestSender+<>c__DisplayClass34_0., took 0 ms.
TpTrace Verbose: 0 : 27056, 4, 2024/02/22, 15:49:55.755, 2773822753069, vstest.console.dll, MulticastDelegateUtilities.SafeInvoke: InternalTestLoggerEvents.SendTestRunMessage: Invoking callback 1/1 for Microsoft.VisualStudio.TestPlatform.CommandLine.Internal.ConsoleLogger., took 0 ms.
TpTrace Verbose: 0 : 27056, 11, 2024/02/22, 15:49:55.755, 2773822753230, vstest.console.dll, TcpClientExtensions.MessageLoopAsync: Polling on remoteEndPoint: 127.0.0.1:51767 localEndPoint: 127.0.0.1:51766 after 2 ms
TpTrace Verbose: 0 : 27056, 11, 2024/02/22, 15:49:55.830, 2773823497022, vstest.console.dll, TcpClientExtensions.MessageLoopAsync: NotifyDataAvailable remoteEndPoint: 127.0.0.1:51767 localEndPoint: 127.0.0.1:51766
TpTrace Verbose: 0 : 27056, 11, 2024/02/22, 15:49:55.830, 2773823500471, vstest.console.dll, TestRequestSender.OnExecutionMessageReceived: Received message: {"Version":5,"MessageType":"TestExecution.StatsChange","Payload":{"NewTestResults":[{"TestCase":{"Id":"572f0cf1-1982-bb2f-2442-fab9bcf722fe","FullyQualifiedName":"Inuranceappbackend.Tests.Helper.PasswordHasherTest.VerifyPassword_IncorrectPassword_ReturnsFalse","DisplayName":"Inuranceappbackend.Tests.Helper.PasswordHasherTest.VerifyPassword_IncorrectPassword_ReturnsFalse","ExecutorUri":"executor://xunit/VsTestRunner2/netcoreapp","Source":"C:\\Users\\mridulsharma01\\OneDrive - Nagarro\\Desktop\\Insurance app\\Inuranceappbackend\\Inuranceappbackend.Tests\\bin\\Debug\\net5.0\\fine-code-coverage\\build-output\\Inuranceappbackend.Tests.dll","CodeFilePath":null,"LineNumber":0,"Properties":[]},"Attachments":[],"Outcome":1,"ErrorMessage":null,"ErrorStackTrace":null,"DisplayName":"Inuranceappbackend.Tests.Helper.PasswordHasherTest.VerifyPassword_IncorrectPassword_ReturnsFalse","Messages":[],"ComputerName":"IN-320D5S3","Duration":"00:00:00.0501838","StartTime":"2024-02-22T10:19:55.4331307+00:00","EndTime":"2024-02-22T10:19:55.4333104+00:00","Properties":[]},{"TestCase":{"Id":"0a4a89df-4b36-e87e-df5f-7d0a4605c19d","FullyQualifiedName":"Inuranceappbackend.Tests.Helper.PasswordHasherTest.HashPassword_ReturnsDifferentHashesForSamePassword","DisplayName":"Inuranceappbackend.Tests.Helper.PasswordHasherTest.HashPassword_ReturnsDifferentHashesForSamePassword","ExecutorUri":"executor://xunit/VsTestRunner2/netcoreapp","Source":"C:\\Users\\mridulsharma01\\OneDrive - Nagarro\\Desktop\\Insurance app\\Inuranceappbackend\\Inuranceappbackend.Tests\\bin\\Debug\\net5.0\\fine-code-coverage\\build-output\\Inuranceappbackend.Tests.dll","CodeFilePath":null,"LineNumber":0,"Properties":[]},"Attachments":[],"Outcome":1,"ErrorMessage":null,"ErrorStackTrace":null,"DisplayName":"Inuranceappbackend.Tests.Helper.PasswordHasherTest.HashPassword_ReturnsDifferentHashesForSamePassword","Messages":[],"ComputerName":"IN-320D5S3","Duration":"00:00:00.0874115","StartTime":"2024-02-22T10:19:55.5417038+00:00","EndTime":"2024-02-22T10:19:55.5417079+00:00","Properties":[]},{"TestCase":{"Id":"d0f6e9b7-b7bd-a57d-0d81-ac2453abc6dc","FullyQualifiedName":"Inuranceappbackend.Tests.Helper.PasswordHasherTest.VerifyPassword_CorrectPassword_ReturnsTrue","DisplayName":"Inuranceappbackend.Tests.Helper.PasswordHasherTest.VerifyPassword_CorrectPassword_ReturnsTrue","ExecutorUri":"executor://xunit/VsTestRunner2/netcoreapp","Source":"C:\\Users\\mridulsharma01\\OneDrive - Nagarro\\Desktop\\Insurance app\\Inuranceappbackend\\Inuranceappbackend.Tests\\bin\\Debug\\net5.0\\fine-code-coverage\\build-output\\Inuranceappbackend.Tests.dll","CodeFilePath":null,"LineNumber":0,"Properties":[]},"Attachments":[],"Outcome":1,"ErrorMessage":null,"ErrorStackTrace":null,"DisplayName":"Inuranceappbackend.Tests.Helper.PasswordHasherTest.VerifyPassword_CorrectPassword_ReturnsTrue","Messages":[],"ComputerName":"IN-320D5S3","Duration":"00:00:00.0380063","StartTime":"2024-02-22T10:19:55.5481364+00:00","EndTime":"2024-02-22T10:19:55.54814+00:00","Properties":[]},{"TestCase":{"Id":"83baf989-2f25-c335-81a1-70f057e93ecf","FullyQualifiedName":"Inuranceappbackend.Tests.Controllers.UserControllerTest.CreateUser_ReturnsOkResult","DisplayName":"Inuranceappbackend.Tests.Controllers.UserControllerTest.CreateUser_ReturnsOkResult","ExecutorUri":"executor://xunit/VsTestRunner2/netcoreapp","Source":"C:\\Users\\mridulsharma01\\OneDrive - Nagarro\\Desktop\\Insurance app\\Inuranceappbackend\\Inuranceappbackend.Tests\\bin\\Debug\\net5.0\\fine-code-coverage\\build-output\\Inuranceappbackend.Tests.dll","CodeFilePath":null,"LineNumber":0,"Properties":[]},"Attachments":[],"Outcome":1,"ErrorMessage":null,"ErrorStackTrace":null,"DisplayName":"Inuranceappbackend.Tests.Controllers.UserControllerTest.CreateUser_ReturnsOkResult","Messages":[],"ComputerName":"IN-320D5S3","Duration":"00:00:00.3889120","StartTime":"2024-02-22T10:19:55.6398713+00:00","EndTime":"2024-02-22T10:19:55.6398744+00:00","Properties":[]},{"TestCase":{"Id":"fa3392d6-cdfb-0f84-38da-a8562e718f1f","FullyQualifiedName":"Inuranceappbackend.Tests.Controllers.UserControllerTest.LoginUser_Returns_Ok_When_User_Found","DisplayName":"Inuranceappbackend.Tests.Controllers.UserControllerTest.LoginUser_Returns_Ok_When_User_Found","ExecutorUri":"executor://xunit/VsTestRunner2/netcoreapp","Source":"C:\\Users\\mridulsharma01\\OneDrive - Nagarro\\Desktop\\Insurance app\\Inuranceappbackend\\Inuranceappbackend.Tests\\bin\\Debug\\net5.0\\fine-code-coverage\\build-output\\Inuranceappbackend.Tests.dll","CodeFilePath":null,"LineNumber":0,"Properties":[]},"Attachments":[],"Outcome":1,"ErrorMessage":null,"ErrorStackTrace":null,"DisplayName":"Inuranceappbackend.Tests.Controllers.UserControllerTest.LoginUser_Returns_Ok_When_User_Found","Messages":[],"ComputerName":"IN-320D5S3","Duration":"00:00:00.0770511","StartTime":"2024-02-22T10:19:55.7170823+00:00","EndTime":"2024-02-22T10:19:55.7170863+00:00","Properties":[]},{"TestCase":{"Id":"ff088853-9d2b-a93c-e49d-6a4112552df8","FullyQualifiedName":"Inuranceappbackend.Tests.Controllers.UserControllerTest.LoginUser_Returns_InternalServerError_When_DecryptionFails","DisplayName":"Inuranceappbackend.Tests.Controllers.UserControllerTest.LoginUser_Returns_InternalServerError_When_DecryptionFails","ExecutorUri":"executor://xunit/VsTestRunner2/netcoreapp","Source":"C:\\Users\\mridulsharma01\\OneDrive - Nagarro\\Desktop\\Insurance app\\Inuranceappbackend\\Inuranceappbackend.Tests\\bin\\Debug\\net5.0\\fine-code-coverage\\build-output\\Inuranceappbackend.Tests.dll","CodeFilePath":null,"LineNumber":0,"Properties":[]},"Attachments":[],"Outcome":1,"ErrorMessage":null,"ErrorStackTrace":null,"DisplayName":"Inuranceappbackend.Tests.Controllers.UserControllerTest.LoginUser_Returns_InternalServerError_When_DecryptionFails","Messages":[],"ComputerName":"IN-320D5S3","Duration":"00:00:00.0038987","StartTime":"2024-02-22T10:19:55.7220128+00:00","EndTime":"2024-02-22T10:19:55.7220154+00:00","Properties":[]},{"TestCase":{"Id":"f61f6f21-911b-62ef-644b-d93698026bf0","FullyQualifiedName":"Inuranceappbackend.Tests.Controllers.UserControllerTest.LoginUser_Returns_Unauthorized_When_User_Not_Found","DisplayName":"Inuranceappbackend.Tests.Controllers.UserControllerTest.LoginUser_Returns_Unauthorized_When_User_Not_Found","ExecutorUri":"executor://xunit/VsTestRunner2/netcoreapp","Source":"C:\\Users\\mridulsharma01\\OneDrive - Nagarro\\Desktop\\Insurance app\\Inuranceappbackend\\Inuranceappbackend.Tests\\bin\\Debug\\net5.0\\fine-code-coverage\\build-output\\Inuranceappbackend.Tests.dll","CodeFilePath":null,"LineNumber":0,"Properties":[]},"Attachments":[],"Outcome":2,"ErrorMessage":"Assert.IsType() Failure\r\nExpected: Microsoft.AspNetCore.Mvc.NotFoundResult\r\nActual:   Microsoft.AspNetCore.Mvc.OkObjectResult","ErrorStackTrace":"   at Inuranceappbackend.Tests.Controllers.UserControllerTest.LoginUser_Returns_Unauthorized_When_User_Not_Found() in C:\\Users\\mridulsharma01\\OneDrive - Nagarro\\Desktop\\Insurance app\\Inuranceappbackend\\Inuranceappbackend.Tests\\Controllers\\UserControllerTest.cs:line 48","DisplayName":"Inuranceappbackend.Tests.Controllers.UserControllerTest.LoginUser_Returns_Unauthorized_When_User_Not_Found","Messages":[],"ComputerName":"IN-320D5S3","Duration":"00:00:00.0046505","StartTime":"2024-02-22T10:19:55.755951+00:00","EndTime":"2024-02-22T10:19:55.7559531+00:00","Properties":[]},{"TestCase":{"Id":"20e78241-33e5-77b2-ee0b-601bb7cee3c7","FullyQualifiedName":"Inuranceappbackend.Tests.Controllers.UserControllerTest.LoginUser_Returns_Ok_And_Token_When_Credentials_Are_Valid","DisplayName":"Inuranceappbackend.Tests.Controllers.UserControllerTest.LoginUser_Returns_Ok_And_Token_When_Credentials_Are_Valid","ExecutorUri":"executor://xunit/VsTestRunner2/netcoreapp","Source":"C:\\Users\\mridulsharma01\\OneDrive - Nagarro\\Desktop\\Insurance app\\Inuranceappbackend\\Inuranceappbackend.Tests\\bin\\Debug\\net5.0\\fine-code-coverage\\build-output\\Inuranceappbackend.Tests.dll","CodeFilePath":null,"LineNumber":0,"Properties":[]},"Attachments":[],"Outcome":1,"ErrorMessage":null,"ErrorStackTrace":null,"DisplayName":"Inuranceappbackend.Tests.Controllers.UserControllerTest.LoginUser_Returns_Ok_And_Token_When_Credentials_Are_Valid","Messages":[],"ComputerName":"IN-320D5S3","Duration":"00:00:00.0011164","StartTime":"2024-02-22T10:19:55.8177644+00:00","EndTime":"2024-02-22T10:19:55.8177675+00:00","Properties":[]}],"TestRunStatistics":{"ExecutedTests":8,"Stats":{"Passed":7,"Failed":1}},"ActiveTests":[{"Id":"a945da4a-0301-f031-5ea3-ce248dc2694a","FullyQualifiedName":"Inuranceappbackend.Tests.Repositories.AccountRepositoryTest.Login_UserNotFound","DisplayName":"Inuranceappbackend.Tests.Repositories.AccountRepositoryTest.Login_UserNotFound","ExecutorUri":"executor://xunit/VsTestRunner2/netcoreapp","Source":"C:\\Users\\mridulsharma01\\OneDrive - Nagarro\\Desktop\\Insurance app\\Inuranceappbackend\\Inuranceappbackend.Tests\\bin\\Debug\\net5.0\\fine-code-coverage\\build-output\\Inuranceappbackend.Tests.dll","CodeFilePath":null,"LineNumber":0,"Properties":[]},{"Id":"368ca582-6fc3-9b72-2fb5-353c7fb46dff","FullyQualifiedName":"Inuranceappbackend.Tests.Controllers.UserControllerTest.CreateUser_Returns_InternalServerError_When_ExceptionThrown","DisplayName":"Inuranceappbackend.Tests.Controllers.UserControllerTest.CreateUser_Returns_InternalServerError_When_ExceptionThrown","ExecutorUri":"executor://xunit/VsTestRunner2/netcoreapp","Source":"C:\\Users\\mridulsharma01\\OneDrive - Nagarro\\Desktop\\Insurance app\\Inuranceappbackend\\Inuranceappbackend.Tests\\bin\\Debug\\net5.0\\fine-code-coverage\\build-output\\Inuranceappbackend.Tests.dll","CodeFilePath":null,"LineNumber":0,"Properties":[]}]}}
TpTrace Verbose: 0 : 27056, 11, 2024/02/22, 15:49:55.849, 2773823688473, vstest.console.dll, TestRunRequest:SendTestRunStatsChange: Starting.
TpTrace Verbose: 0 : 27056, 11, 2024/02/22, 15:49:55.849, 2773823689362, vstest.console.dll, InProgress is Inuranceappbackend.Tests.Repositories.AccountRepositoryTest.Login_UserNotFound
TpTrace Verbose: 0 : 27056, 11, 2024/02/22, 15:49:55.849, 2773823689513, vstest.console.dll, InProgress is Inuranceappbackend.Tests.Controllers.UserControllerTest.CreateUser_Returns_InternalServerError_When_ExceptionThrown
TpTrace Verbose: 0 : 27056, 11, 2024/02/22, 15:49:55.849, 2773823691835, vstest.console.dll, MulticastDelegateUtilities.SafeInvoke: TestRun.RunStatsChanged: Invoking callbacks was skipped because there are no subscribers.
TpTrace Information: 0 : 27056, 11, 2024/02/22, 15:49:55.849, 2773823692203, vstest.console.dll, TestRunRequest:SendTestRunStatsChange: Completed.
TpTrace Verbose: 0 : 27056, 11, 2024/02/22, 15:49:55.849, 2773823692470, vstest.console.dll, MulticastDelegateUtilities.SafeInvoke: LengthPrefixCommunicationChannel: MessageReceived: Invoking callback 1/1 for Microsoft.VisualStudio.TestPlatform.CommunicationUtilities.TestRequestSender+<>c__DisplayClass34_0., took 19 ms.
TpTrace Verbose: 0 : 27056, 11, 2024/02/22, 15:49:55.849, 2773823692872, vstest.console.dll, TcpClientExtensions.MessageLoopAsync: Polling on remoteEndPoint: 127.0.0.1:51767 localEndPoint: 127.0.0.1:51766 after 93 ms
TpTrace Verbose: 0 : 27056, 4, 2024/02/22, 15:49:55.853, 2773823730233, vstest.console.dll, MulticastDelegateUtilities.SafeInvoke: InternalTestLoggerEvents.SendTestResult: Invoking callback 1/1 for Microsoft.VisualStudio.TestPlatform.CommandLine.Internal.ConsoleLogger., took 3 ms.
TpTrace Verbose: 0 : 27056, 4, 2024/02/22, 15:49:55.854, 2773823737490, vstest.console.dll, MulticastDelegateUtilities.SafeInvoke: InternalTestLoggerEvents.SendTestResult: Invoking callback 1/1 for Microsoft.VisualStudio.TestPlatform.CommandLine.Internal.ConsoleLogger., took 0 ms.
TpTrace Verbose: 0 : 27056, 4, 2024/02/22, 15:49:55.854, 2773823738238, vstest.console.dll, MulticastDelegateUtilities.SafeInvoke: InternalTestLoggerEvents.SendTestResult: Invoking callback 1/1 for Microsoft.VisualStudio.TestPlatform.CommandLine.Internal.ConsoleLogger., took 0 ms.
TpTrace Verbose: 0 : 27056, 4, 2024/02/22, 15:49:55.854, 2773823738469, vstest.console.dll, MulticastDelegateUtilities.SafeInvoke: InternalTestLoggerEvents.SendTestResult: Invoking callback 1/1 for Microsoft.VisualStudio.TestPlatform.CommandLine.Internal.ConsoleLogger., took 0 ms.
TpTrace Verbose: 0 : 27056, 4, 2024/02/22, 15:49:55.854, 2773823738666, vstest.console.dll, MulticastDelegateUtilities.SafeInvoke: InternalTestLoggerEvents.SendTestResult: Invoking callback 1/1 for Microsoft.VisualStudio.TestPlatform.CommandLine.Internal.ConsoleLogger., took 0 ms.
TpTrace Verbose: 0 : 27056, 4, 2024/02/22, 15:49:55.854, 2773823738849, vstest.console.dll, MulticastDelegateUtilities.SafeInvoke: InternalTestLoggerEvents.SendTestResult: Invoking callback 1/1 for Microsoft.VisualStudio.TestPlatform.CommandLine.Internal.ConsoleLogger., took 0 ms.
TpTrace Verbose: 0 : 27056, 4, 2024/02/22, 15:49:55.854, 2773823742670, vstest.console.dll, MulticastDelegateUtilities.SafeInvoke: InternalTestLoggerEvents.SendTestResult: Invoking callback 1/1 for Microsoft.VisualStudio.TestPlatform.CommandLine.Internal.ConsoleLogger., took 0 ms.
TpTrace Verbose: 0 : 27056, 4, 2024/02/22, 15:49:55.854, 2773823743445, vstest.console.dll, MulticastDelegateUtilities.SafeInvoke: InternalTestLoggerEvents.SendTestResult: Invoking callback 1/1 for Microsoft.VisualStudio.TestPlatform.CommandLine.Internal.ConsoleLogger., took 0 ms.
TpTrace Verbose: 0 : 27056, 11, 2024/02/22, 15:49:56.515, 2773830350301, vstest.console.dll, TcpClientExtensions.MessageLoopAsync: NotifyDataAvailable remoteEndPoint: 127.0.0.1:51767 localEndPoint: 127.0.0.1:51766
TpTrace Verbose: 0 : 27056, 11, 2024/02/22, 15:49:56.515, 2773830352228, vstest.console.dll, TestRequestSender.OnExecutionMessageReceived: Received message: {"Version":5,"MessageType":"TestSession.Message","Payload":{"MessageLevel":2,"Message":"[xUnit.net 00:00:03.17]     Inuranceappbackend.Tests.Repositories.AccountRepositoryTest.Login_UserNotFound [FAIL]"}}
TpTrace Verbose: 0 : 27056, 11, 2024/02/22, 15:49:56.515, 2773830353828, vstest.console.dll, TestRunRequest:SendTestRunMessage: Starting.
TpTrace Verbose: 0 : 27056, 11, 2024/02/22, 15:49:56.516, 2773830357820, vstest.console.dll, MulticastDelegateUtilities.SafeInvoke: TestRun.LogMessages: Invoking callback 1/1 for Microsoft.VisualStudio.TestPlatform.CommandLine.TestRunResultAggregator., took 0 ms.
TpTrace Information: 0 : 27056, 11, 2024/02/22, 15:49:56.516, 2773830358393, vstest.console.dll, TestRunRequest:SendTestRunMessage: Completed.
TpTrace Verbose: 0 : 27056, 11, 2024/02/22, 15:49:56.516, 2773830358733, vstest.console.dll, MulticastDelegateUtilities.SafeInvoke: LengthPrefixCommunicationChannel: MessageReceived: Invoking callback 1/1 for Microsoft.VisualStudio.TestPlatform.CommunicationUtilities.TestRequestSender+<>c__DisplayClass34_0., took 0 ms.
TpTrace Verbose: 0 : 27056, 4, 2024/02/22, 15:49:56.516, 2773830357820, vstest.console.dll, MulticastDelegateUtilities.SafeInvoke: InternalTestLoggerEvents.SendTestRunMessage: Invoking callback 1/1 for Microsoft.VisualStudio.TestPlatform.CommandLine.Internal.ConsoleLogger., took 0 ms.
TpTrace Verbose: 0 : 27056, 11, 2024/02/22, 15:49:56.516, 2773830359166, vstest.console.dll, TcpClientExtensions.MessageLoopAsync: Polling on remoteEndPoint: 127.0.0.1:51767 localEndPoint: 127.0.0.1:51766 after 666 ms
TpTrace Verbose: 0 : 27056, 11, 2024/02/22, 15:49:56.516, 2773830359983, vstest.console.dll, TcpClientExtensions.MessageLoopAsync: NotifyDataAvailable remoteEndPoint: 127.0.0.1:51767 localEndPoint: 127.0.0.1:51766
TpTrace Verbose: 0 : 27056, 11, 2024/02/22, 15:49:56.516, 2773830361445, vstest.console.dll, TestRequestSender.OnExecutionMessageReceived: Received message: {"Version":5,"MessageType":"TestSession.Message","Payload":{"MessageLevel":0,"Message":"[xUnit.net 00:00:03.17]       Assert.Throws() Failure"}}
TpTrace Verbose: 0 : 27056, 11, 2024/02/22, 15:49:56.516, 2773830362799, vstest.console.dll, TestRunRequest:SendTestRunMessage: Starting.
TpTrace Verbose: 0 : 27056, 11, 2024/02/22, 15:49:56.516, 2773830363511, vstest.console.dll, MulticastDelegateUtilities.SafeInvoke: TestRun.LogMessages: Invoking callback 1/1 for Microsoft.VisualStudio.TestPlatform.CommandLine.TestRunResultAggregator., took 0 ms.
TpTrace Verbose: 0 : 27056, 4, 2024/02/22, 15:49:56.516, 2773830363742, vstest.console.dll, MulticastDelegateUtilities.SafeInvoke: InternalTestLoggerEvents.SendTestRunMessage: Invoking callback 1/1 for Microsoft.VisualStudio.TestPlatform.CommandLine.Internal.ConsoleLogger., took 0 ms.
TpTrace Information: 0 : 27056, 11, 2024/02/22, 15:49:56.516, 2773830364418, vstest.console.dll, TestRunRequest:SendTestRunMessage: Completed.
TpTrace Verbose: 0 : 27056, 11, 2024/02/22, 15:49:56.516, 2773830365742, vstest.console.dll, MulticastDelegateUtilities.SafeInvoke: LengthPrefixCommunicationChannel: MessageReceived: Invoking callback 1/1 for Microsoft.VisualStudio.TestPlatform.CommunicationUtilities.TestRequestSender+<>c__DisplayClass34_0., took 0 ms.
TpTrace Verbose: 0 : 27056, 11, 2024/02/22, 15:49:56.516, 2773830366105, vstest.console.dll, TcpClientExtensions.MessageLoopAsync: Polling on remoteEndPoint: 127.0.0.1:51767 localEndPoint: 127.0.0.1:51766 after 0 ms
TpTrace Verbose: 0 : 27056, 11, 2024/02/22, 15:49:56.517, 2773830366553, vstest.console.dll, TcpClientExtensions.MessageLoopAsync: NotifyDataAvailable remoteEndPoint: 127.0.0.1:51767 localEndPoint: 127.0.0.1:51766
TpTrace Verbose: 0 : 27056, 11, 2024/02/22, 15:49:56.517, 2773830367209, vstest.console.dll, TestRequestSender.OnExecutionMessageReceived: Received message: {"Version":5,"MessageType":"TestSession.Message","Payload":{"MessageLevel":0,"Message":"[xUnit.net 00:00:03.17]       Expected: typeof(System.Exception)"}}
TpTrace Verbose: 0 : 27056, 11, 2024/02/22, 15:49:56.517, 2773830368185, vstest.console.dll, TestRunRequest:SendTestRunMessage: Starting.
TpTrace Verbose: 0 : 27056, 11, 2024/02/22, 15:49:56.517, 2773830368669, vstest.console.dll, MulticastDelegateUtilities.SafeInvoke: TestRun.LogMessages: Invoking callback 1/1 for Microsoft.VisualStudio.TestPlatform.CommandLine.TestRunResultAggregator., took 0 ms.
TpTrace Information: 0 : 27056, 11, 2024/02/22, 15:49:56.517, 2773830369001, vstest.console.dll, TestRunRequest:SendTestRunMessage: Completed.
TpTrace Verbose: 0 : 27056, 11, 2024/02/22, 15:49:56.517, 2773830369313, vstest.console.dll, MulticastDelegateUtilities.SafeInvoke: LengthPrefixCommunicationChannel: MessageReceived: Invoking callback 1/1 for Microsoft.VisualStudio.TestPlatform.CommunicationUtilities.TestRequestSender+<>c__DisplayClass34_0., took 0 ms.
TpTrace Verbose: 0 : 27056, 11, 2024/02/22, 15:49:56.517, 2773830369805, vstest.console.dll, TcpClientExtensions.MessageLoopAsync: Polling on remoteEndPoint: 127.0.0.1:51767 localEndPoint: 127.0.0.1:51766 after 0 ms
TpTrace Verbose: 0 : 27056, 11, 2024/02/22, 15:49:56.517, 2773830370236, vstest.console.dll, TcpClientExtensions.MessageLoopAsync: NotifyDataAvailable remoteEndPoint: 127.0.0.1:51767 localEndPoint: 127.0.0.1:51766
TpTrace Verbose: 0 : 27056, 4, 2024/02/22, 15:49:56.517, 2773830369817, vstest.console.dll, MulticastDelegateUtilities.SafeInvoke: InternalTestLoggerEvents.SendTestRunMessage: Invoking callback 1/1 for Microsoft.VisualStudio.TestPlatform.CommandLine.Internal.ConsoleLogger., took 0 ms.
TpTrace Verbose: 0 : 27056, 11, 2024/02/22, 15:49:56.517, 2773830370794, vstest.console.dll, TestRequestSender.OnExecutionMessageReceived: Received message: {"Version":5,"MessageType":"TestSession.Message","Payload":{"MessageLevel":0,"Message":"[xUnit.net 00:00:03.17]       Actual:   (No exception was thrown)"}}
TpTrace Verbose: 0 : 27056, 11, 2024/02/22, 15:49:56.517, 2773830371826, vstest.console.dll, TestRunRequest:SendTestRunMessage: Starting.
TpTrace Verbose: 0 : 27056, 11, 2024/02/22, 15:49:56.517, 2773830372284, vstest.console.dll, MulticastDelegateUtilities.SafeInvoke: TestRun.LogMessages: Invoking callback 1/1 for Microsoft.VisualStudio.TestPlatform.CommandLine.TestRunResultAggregator., took 0 ms.
TpTrace Information: 0 : 27056, 11, 2024/02/22, 15:49:56.517, 2773830372559, vstest.console.dll, TestRunRequest:SendTestRunMessage: Completed.
TpTrace Verbose: 0 : 27056, 11, 2024/02/22, 15:49:56.517, 2773830372844, vstest.console.dll, MulticastDelegateUtilities.SafeInvoke: LengthPrefixCommunicationChannel: MessageReceived: Invoking callback 1/1 for Microsoft.VisualStudio.TestPlatform.CommunicationUtilities.TestRequestSender+<>c__DisplayClass34_0., took 0 ms.
TpTrace Verbose: 0 : 27056, 11, 2024/02/22, 15:49:56.517, 2773830373139, vstest.console.dll, TcpClientExtensions.MessageLoopAsync: Polling on remoteEndPoint: 127.0.0.1:51767 localEndPoint: 127.0.0.1:51766 after 0 ms
TpTrace Verbose: 0 : 27056, 11, 2024/02/22, 15:49:56.517, 2773830373483, vstest.console.dll, TcpClientExtensions.MessageLoopAsync: NotifyDataAvailable remoteEndPoint: 127.0.0.1:51767 localEndPoint: 127.0.0.1:51766
TpTrace Verbose: 0 : 27056, 11, 2024/02/22, 15:49:56.517, 2773830373979, vstest.console.dll, TestRequestSender.OnExecutionMessageReceived: Received message: {"Version":5,"MessageType":"TestSession.Message","Payload":{"MessageLevel":0,"Message":"[xUnit.net 00:00:03.17]       Stack Trace:"}}
TpTrace Verbose: 0 : 27056, 4, 2024/02/22, 15:49:56.517, 2773830372408, vstest.console.dll, MulticastDelegateUtilities.SafeInvoke: InternalTestLoggerEvents.SendTestRunMessage: Invoking callback 1/1 for Microsoft.VisualStudio.TestPlatform.CommandLine.Internal.ConsoleLogger., took 0 ms.
TpTrace Verbose: 0 : 27056, 11, 2024/02/22, 15:49:56.517, 2773830374589, vstest.console.dll, TestRunRequest:SendTestRunMessage: Starting.
TpTrace Verbose: 0 : 27056, 11, 2024/02/22, 15:49:56.517, 2773830376065, vstest.console.dll, MulticastDelegateUtilities.SafeInvoke: TestRun.LogMessages: Invoking callback 1/1 for Microsoft.VisualStudio.TestPlatform.CommandLine.TestRunResultAggregator., took 0 ms.
TpTrace Information: 0 : 27056, 11, 2024/02/22, 15:49:56.518, 2773830376360, vstest.console.dll, TestRunRequest:SendTestRunMessage: Completed.
TpTrace Verbose: 0 : 27056, 11, 2024/02/22, 15:49:56.518, 2773830376645, vstest.console.dll, MulticastDelegateUtilities.SafeInvoke: LengthPrefixCommunicationChannel: MessageReceived: Invoking callback 1/1 for Microsoft.VisualStudio.TestPlatform.CommunicationUtilities.TestRequestSender+<>c__DisplayClass34_0., took 0 ms.
TpTrace Verbose: 0 : 27056, 4, 2024/02/22, 15:49:56.518, 2773830376762, vstest.console.dll, MulticastDelegateUtilities.SafeInvoke: InternalTestLoggerEvents.SendTestRunMessage: Invoking callback 1/1 for Microsoft.VisualStudio.TestPlatform.CommandLine.Internal.ConsoleLogger., took 0 ms.
TpTrace Verbose: 0 : 27056, 11, 2024/02/22, 15:49:56.518, 2773830377038, vstest.console.dll, TcpClientExtensions.MessageLoopAsync: Polling on remoteEndPoint: 127.0.0.1:51767 localEndPoint: 127.0.0.1:51766 after 0 ms
TpTrace Verbose: 0 : 27056, 11, 2024/02/22, 15:49:56.518, 2773830378055, vstest.console.dll, TcpClientExtensions.MessageLoopAsync: NotifyDataAvailable remoteEndPoint: 127.0.0.1:51767 localEndPoint: 127.0.0.1:51766
TpTrace Verbose: 0 : 27056, 11, 2024/02/22, 15:49:56.518, 2773830378652, vstest.console.dll, TestRequestSender.OnExecutionMessageReceived: Received message: {"Version":5,"MessageType":"TestSession.Message","Payload":{"MessageLevel":0,"Message":"[xUnit.net 00:00:03.17]         C:\\Users\\mridulsharma01\\OneDrive - Nagarro\\Desktop\\Insurance app\\Inuranceappbackend\\Inuranceappbackend.Tests\\Repositories\\AccountRepositoryTest.cs(81,0): at Inuranceappbackend.Tests.Repositories.AccountRepositoryTest.Login_UserNotFound()"}}
TpTrace Verbose: 0 : 27056, 11, 2024/02/22, 15:49:56.518, 2773830379480, vstest.console.dll, TestRunRequest:SendTestRunMessage: Starting.
TpTrace Verbose: 0 : 27056, 11, 2024/02/22, 15:49:56.518, 2773830380545, vstest.console.dll, MulticastDelegateUtilities.SafeInvoke: TestRun.LogMessages: Invoking callback 1/1 for Microsoft.VisualStudio.TestPlatform.CommandLine.TestRunResultAggregator., took 0 ms.
TpTrace Information: 0 : 27056, 11, 2024/02/22, 15:49:56.518, 2773830380862, vstest.console.dll, TestRunRequest:SendTestRunMessage: Completed.
TpTrace Verbose: 0 : 27056, 11, 2024/02/22, 15:49:56.518, 2773830381129, vstest.console.dll, MulticastDelegateUtilities.SafeInvoke: LengthPrefixCommunicationChannel: MessageReceived: Invoking callback 1/1 for Microsoft.VisualStudio.TestPlatform.CommunicationUtilities.TestRequestSender+<>c__DisplayClass34_0., took 0 ms.
TpTrace Verbose: 0 : 27056, 4, 2024/02/22, 15:49:56.518, 2773830381447, vstest.console.dll, MulticastDelegateUtilities.SafeInvoke: InternalTestLoggerEvents.SendTestRunMessage: Invoking callback 1/1 for Microsoft.VisualStudio.TestPlatform.CommandLine.Internal.ConsoleLogger., took 0 ms.
TpTrace Verbose: 0 : 27056, 11, 2024/02/22, 15:49:56.518, 2773830381424, vstest.console.dll, TcpClientExtensions.MessageLoopAsync: Polling on remoteEndPoint: 127.0.0.1:51767 localEndPoint: 127.0.0.1:51766 after 0 ms
TpTrace Verbose: 0 : 27056, 11, 2024/02/22, 15:49:56.691, 2773832114260, vstest.console.dll, TcpClientExtensions.MessageLoopAsync: NotifyDataAvailable remoteEndPoint: 127.0.0.1:51767 localEndPoint: 127.0.0.1:51766
TpTrace Verbose: 0 : 27056, 11, 2024/02/22, 15:49:56.692, 2773832116326, vstest.console.dll, TestRequestSender.OnExecutionMessageReceived: Received message: {"Version":5,"MessageType":"TestSession.Message","Payload":{"MessageLevel":2,"Message":"[xUnit.net 00:00:03.34]     Inuranceappbackend.Tests.Repositories.AccountRepositoryTest.CreateUser_Successfully [FAIL]"}}
TpTrace Verbose: 0 : 27056, 11, 2024/02/22, 15:49:56.692, 2773832117901, vstest.console.dll, TestRunRequest:SendTestRunMessage: Starting.
TpTrace Verbose: 0 : 27056, 11, 2024/02/22, 15:49:56.692, 2773832118739, vstest.console.dll, MulticastDelegateUtilities.SafeInvoke: TestRun.LogMessages: Invoking callback 1/1 for Microsoft.VisualStudio.TestPlatform.CommandLine.TestRunResultAggregator., took 0 ms.
TpTrace Information: 0 : 27056, 11, 2024/02/22, 15:49:56.692, 2773832119141, vstest.console.dll, TestRunRequest:SendTestRunMessage: Completed.
TpTrace Verbose: 0 : 27056, 11, 2024/02/22, 15:49:56.692, 2773832119446, vstest.console.dll, MulticastDelegateUtilities.SafeInvoke: LengthPrefixCommunicationChannel: MessageReceived: Invoking callback 1/1 for Microsoft.VisualStudio.TestPlatform.CommunicationUtilities.TestRequestSender+<>c__DisplayClass34_0., took 0 ms.
TpTrace Verbose: 0 : 27056, 11, 2024/02/22, 15:49:56.692, 2773832119770, vstest.console.dll, TcpClientExtensions.MessageLoopAsync: Polling on remoteEndPoint: 127.0.0.1:51767 localEndPoint: 127.0.0.1:51766 after 173 ms
TpTrace Verbose: 0 : 27056, 4, 2024/02/22, 15:49:56.692, 2773832119944, vstest.console.dll, MulticastDelegateUtilities.SafeInvoke: InternalTestLoggerEvents.SendTestRunMessage: Invoking callback 1/1 for Microsoft.VisualStudio.TestPlatform.CommandLine.Internal.ConsoleLogger., took 0 ms.
TpTrace Verbose: 0 : 27056, 11, 2024/02/22, 15:49:56.692, 2773832120231, vstest.console.dll, TcpClientExtensions.MessageLoopAsync: NotifyDataAvailable remoteEndPoint: 127.0.0.1:51767 localEndPoint: 127.0.0.1:51766
TpTrace Verbose: 0 : 27056, 11, 2024/02/22, 15:49:56.692, 2773832122117, vstest.console.dll, TestRequestSender.OnExecutionMessageReceived: Received message: {"Version":5,"MessageType":"TestSession.Message","Payload":{"MessageLevel":0,"Message":"[xUnit.net 00:00:03.34]       Assert.Equal() Failure"}}
TpTrace Verbose: 0 : 27056, 11, 2024/02/22, 15:49:56.692, 2773832123272, vstest.console.dll, TestRunRequest:SendTestRunMessage: Starting.
TpTrace Verbose: 0 : 27056, 11, 2024/02/22, 15:49:56.692, 2773832123811, vstest.console.dll, MulticastDelegateUtilities.SafeInvoke: TestRun.LogMessages: Invoking callback 1/1 for Microsoft.VisualStudio.TestPlatform.CommandLine.TestRunResultAggregator., took 0 ms.
TpTrace Information: 0 : 27056, 11, 2024/02/22, 15:49:56.692, 2773832124121, vstest.console.dll, TestRunRequest:SendTestRunMessage: Completed.
TpTrace Verbose: 0 : 27056, 4, 2024/02/22, 15:49:56.692, 2773832124551, vstest.console.dll, MulticastDelegateUtilities.SafeInvoke: InternalTestLoggerEvents.SendTestRunMessage: Invoking callback 1/1 for Microsoft.VisualStudio.TestPlatform.CommandLine.Internal.ConsoleLogger., took 0 ms.
TpTrace Verbose: 0 : 27056, 11, 2024/02/22, 15:49:56.692, 2773832124650, vstest.console.dll, MulticastDelegateUtilities.SafeInvoke: LengthPrefixCommunicationChannel: MessageReceived: Invoking callback 1/1 for Microsoft.VisualStudio.TestPlatform.CommunicationUtilities.TestRequestSender+<>c__DisplayClass34_0., took 0 ms.
TpTrace Verbose: 0 : 27056, 11, 2024/02/22, 15:49:56.692, 2773832125155, vstest.console.dll, TcpClientExtensions.MessageLoopAsync: Polling on remoteEndPoint: 127.0.0.1:51767 localEndPoint: 127.0.0.1:51766 after 0 ms
TpTrace Verbose: 0 : 27056, 11, 2024/02/22, 15:49:56.692, 2773832125844, vstest.console.dll, TcpClientExtensions.MessageLoopAsync: NotifyDataAvailable remoteEndPoint: 127.0.0.1:51767 localEndPoint: 127.0.0.1:51766
TpTrace Verbose: 0 : 27056, 11, 2024/02/22, 15:49:56.693, 2773832126450, vstest.console.dll, TestRequestSender.OnExecutionMessageReceived: Received message: {"Version":5,"MessageType":"TestSession.Message","Payload":{"MessageLevel":0,"Message":"[xUnit.net 00:00:03.34]                  (pos 0)"}}
TpTrace Verbose: 0 : 27056, 11, 2024/02/22, 15:49:56.693, 2773832127392, vstest.console.dll, TestRunRequest:SendTestRunMessage: Starting.
TpTrace Verbose: 0 : 27056, 11, 2024/02/22, 15:49:56.693, 2773832127839, vstest.console.dll, MulticastDelegateUtilities.SafeInvoke: TestRun.LogMessages: Invoking callback 1/1 for Microsoft.VisualStudio.TestPlatform.CommandLine.TestRunResultAggregator., took 0 ms.
TpTrace Information: 0 : 27056, 11, 2024/02/22, 15:49:56.693, 2773832128137, vstest.console.dll, TestRunRequest:SendTestRunMessage: Completed.
TpTrace Verbose: 0 : 27056, 4, 2024/02/22, 15:49:56.693, 2773832128258, vstest.console.dll, MulticastDelegateUtilities.SafeInvoke: InternalTestLoggerEvents.SendTestRunMessage: Invoking callback 1/1 for Microsoft.VisualStudio.TestPlatform.CommandLine.Internal.ConsoleLogger., took 0 ms.
TpTrace Verbose: 0 : 27056, 11, 2024/02/22, 15:49:56.693, 2773832128410, vstest.console.dll, MulticastDelegateUtilities.SafeInvoke: LengthPrefixCommunicationChannel: MessageReceived: Invoking callback 1/1 for Microsoft.VisualStudio.TestPlatform.CommunicationUtilities.TestRequestSender+<>c__DisplayClass34_0., took 0 ms.
TpTrace Verbose: 0 : 27056, 11, 2024/02/22, 15:49:56.693, 2773832129424, vstest.console.dll, TcpClientExtensions.MessageLoopAsync: Polling on remoteEndPoint: 127.0.0.1:51767 localEndPoint: 127.0.0.1:51766 after 0 ms
TpTrace Verbose: 0 : 27056, 11, 2024/02/22, 15:49:56.693, 2773832129940, vstest.console.dll, TcpClientExtensions.MessageLoopAsync: NotifyDataAvailable remoteEndPoint: 127.0.0.1:51767 localEndPoint: 127.0.0.1:51766
TpTrace Verbose: 0 : 27056, 11, 2024/02/22, 15:49:56.693, 2773832130668, vstest.console.dll, TestRequestSender.OnExecutionMessageReceived: Received message: {"Version":5,"MessageType":"TestSession.Message","Payload":{"MessageLevel":0,"Message":"[xUnit.net 00:00:03.34]       Expected: Success"}}
TpTrace Verbose: 0 : 27056, 11, 2024/02/22, 15:49:56.693, 2773832131730, vstest.console.dll, TestRunRequest:SendTestRunMessage: Starting.
TpTrace Verbose: 0 : 27056, 11, 2024/02/22, 15:49:56.693, 2773832132405, vstest.console.dll, MulticastDelegateUtilities.SafeInvoke: TestRun.LogMessages: Invoking callback 1/1 for Microsoft.VisualStudio.TestPlatform.CommandLine.TestRunResultAggregator., took 0 ms.
TpTrace Verbose: 0 : 27056, 4, 2024/02/22, 15:49:56.693, 2773832132694, vstest.console.dll, MulticastDelegateUtilities.SafeInvoke: InternalTestLoggerEvents.SendTestRunMessage: Invoking callback 1/1 for Microsoft.VisualStudio.TestPlatform.CommandLine.Internal.ConsoleLogger., took 0 ms.
TpTrace Information: 0 : 27056, 11, 2024/02/22, 15:49:56.693, 2773832132755, vstest.console.dll, TestRunRequest:SendTestRunMessage: Completed.
TpTrace Verbose: 0 : 27056, 11, 2024/02/22, 15:49:56.693, 2773832133722, vstest.console.dll, MulticastDelegateUtilities.SafeInvoke: LengthPrefixCommunicationChannel: MessageReceived: Invoking callback 1/1 for Microsoft.VisualStudio.TestPlatform.CommunicationUtilities.TestRequestSender+<>c__DisplayClass34_0., took 0 ms.
TpTrace Verbose: 0 : 27056, 11, 2024/02/22, 15:49:56.693, 2773832134018, vstest.console.dll, TcpClientExtensions.MessageLoopAsync: Polling on remoteEndPoint: 127.0.0.1:51767 localEndPoint: 127.0.0.1:51766 after 0 ms
TpTrace Verbose: 0 : 27056, 11, 2024/02/22, 15:49:56.693, 2773832134357, vstest.console.dll, TcpClientExtensions.MessageLoopAsync: NotifyDataAvailable remoteEndPoint: 127.0.0.1:51767 localEndPoint: 127.0.0.1:51766
TpTrace Verbose: 0 : 27056, 11, 2024/02/22, 15:49:56.694, 2773832139312, vstest.console.dll, TestRequestSender.OnExecutionMessageReceived: Received message: {"Version":5,"MessageType":"TestSession.Message","Payload":{"MessageLevel":0,"Message":"[xUnit.net 00:00:03.34]       Actual:   FAILURE"}}
TpTrace Verbose: 0 : 27056, 11, 2024/02/22, 15:49:56.694, 2773832140338, vstest.console.dll, TestRunRequest:SendTestRunMessage: Starting.
TpTrace Verbose: 0 : 27056, 11, 2024/02/22, 15:49:56.694, 2773832140955, vstest.console.dll, MulticastDelegateUtilities.SafeInvoke: TestRun.LogMessages: Invoking callback 1/1 for Microsoft.VisualStudio.TestPlatform.CommandLine.TestRunResultAggregator., took 0 ms.
TpTrace Verbose: 0 : 27056, 4, 2024/02/22, 15:49:56.694, 2773832141113, vstest.console.dll, MulticastDelegateUtilities.SafeInvoke: InternalTestLoggerEvents.SendTestRunMessage: Invoking callback 1/1 for Microsoft.VisualStudio.TestPlatform.CommandLine.Internal.ConsoleLogger., took 0 ms.
TpTrace Information: 0 : 27056, 11, 2024/02/22, 15:49:56.694, 2773832141252, vstest.console.dll, TestRunRequest:SendTestRunMessage: Completed.
TpTrace Verbose: 0 : 27056, 11, 2024/02/22, 15:49:56.694, 2773832142288, vstest.console.dll, MulticastDelegateUtilities.SafeInvoke: LengthPrefixCommunicationChannel: MessageReceived: Invoking callback 1/1 for Microsoft.VisualStudio.TestPlatform.CommunicationUtilities.TestRequestSender+<>c__DisplayClass34_0., took 0 ms.
TpTrace Verbose: 0 : 27056, 11, 2024/02/22, 15:49:56.694, 2773832142689, vstest.console.dll, TcpClientExtensions.MessageLoopAsync: Polling on remoteEndPoint: 127.0.0.1:51767 localEndPoint: 127.0.0.1:51766 after 0 ms
TpTrace Verbose: 0 : 27056, 11, 2024/02/22, 15:49:56.694, 2773832143115, vstest.console.dll, TcpClientExtensions.MessageLoopAsync: NotifyDataAvailable remoteEndPoint: 127.0.0.1:51767 localEndPoint: 127.0.0.1:51766
TpTrace Verbose: 0 : 27056, 11, 2024/02/22, 15:49:56.694, 2773832143662, vstest.console.dll, TestRequestSender.OnExecutionMessageReceived: Received message: {"Version":5,"MessageType":"TestSession.Message","Payload":{"MessageLevel":0,"Message":"[xUnit.net 00:00:03.34]                  (pos 0)"}}
TpTrace Verbose: 0 : 27056, 11, 2024/02/22, 15:49:56.694, 2773832144451, vstest.console.dll, TestRunRequest:SendTestRunMessage: Starting.
TpTrace Verbose: 0 : 27056, 11, 2024/02/22, 15:49:56.694, 2773832145019, vstest.console.dll, MulticastDelegateUtilities.SafeInvoke: TestRun.LogMessages: Invoking callback 1/1 for Microsoft.VisualStudio.TestPlatform.CommandLine.TestRunResultAggregator., took 0 ms.
TpTrace Verbose: 0 : 27056, 4, 2024/02/22, 15:49:56.694, 2773832145135, vstest.console.dll, MulticastDelegateUtilities.SafeInvoke: InternalTestLoggerEvents.SendTestRunMessage: Invoking callback 1/1 for Microsoft.VisualStudio.TestPlatform.CommandLine.Internal.ConsoleLogger., took 0 ms.
TpTrace Information: 0 : 27056, 11, 2024/02/22, 15:49:56.694, 2773832145394, vstest.console.dll, TestRunRequest:SendTestRunMessage: Completed.
TpTrace Verbose: 0 : 27056, 11, 2024/02/22, 15:49:56.694, 2773832146154, vstest.console.dll, MulticastDelegateUtilities.SafeInvoke: LengthPrefixCommunicationChannel: MessageReceived: Invoking callback 1/1 for Microsoft.VisualStudio.TestPlatform.CommunicationUtilities.TestRequestSender+<>c__DisplayClass34_0., took 0 ms.
TpTrace Verbose: 0 : 27056, 11, 2024/02/22, 15:49:56.695, 2773832146420, vstest.console.dll, TcpClientExtensions.MessageLoopAsync: Polling on remoteEndPoint: 127.0.0.1:51767 localEndPoint: 127.0.0.1:51766 after 0 ms
TpTrace Verbose: 0 : 27056, 11, 2024/02/22, 15:49:56.695, 2773832146787, vstest.console.dll, TcpClientExtensions.MessageLoopAsync: NotifyDataAvailable remoteEndPoint: 127.0.0.1:51767 localEndPoint: 127.0.0.1:51766
TpTrace Verbose: 0 : 27056, 11, 2024/02/22, 15:49:56.695, 2773832147283, vstest.console.dll, TestRequestSender.OnExecutionMessageReceived: Received message: {"Version":5,"MessageType":"TestSession.Message","Payload":{"MessageLevel":0,"Message":"[xUnit.net 00:00:03.35]       Stack Trace:"}}
TpTrace Verbose: 0 : 27056, 11, 2024/02/22, 15:49:56.695, 2773832147995, vstest.console.dll, TestRunRequest:SendTestRunMessage: Starting.
TpTrace Verbose: 0 : 27056, 11, 2024/02/22, 15:49:56.695, 2773832148569, vstest.console.dll, MulticastDelegateUtilities.SafeInvoke: TestRun.LogMessages: Invoking callback 1/1 for Microsoft.VisualStudio.TestPlatform.CommandLine.TestRunResultAggregator., took 0 ms.
TpTrace Information: 0 : 27056, 11, 2024/02/22, 15:49:56.695, 2773832148867, vstest.console.dll, TestRunRequest:SendTestRunMessage: Completed.
TpTrace Verbose: 0 : 27056, 4, 2024/02/22, 15:49:56.695, 2773832148872, vstest.console.dll, MulticastDelegateUtilities.SafeInvoke: InternalTestLoggerEvents.SendTestRunMessage: Invoking callback 1/1 for Microsoft.VisualStudio.TestPlatform.CommandLine.Internal.ConsoleLogger., took 0 ms.
TpTrace Verbose: 0 : 27056, 11, 2024/02/22, 15:49:56.695, 2773832149195, vstest.console.dll, MulticastDelegateUtilities.SafeInvoke: LengthPrefixCommunicationChannel: MessageReceived: Invoking callback 1/1 for Microsoft.VisualStudio.TestPlatform.CommunicationUtilities.TestRequestSender+<>c__DisplayClass34_0., took 0 ms.
TpTrace Verbose: 0 : 27056, 11, 2024/02/22, 15:49:56.695, 2773832150310, vstest.console.dll, TcpClientExtensions.MessageLoopAsync: Polling on remoteEndPoint: 127.0.0.1:51767 localEndPoint: 127.0.0.1:51766 after 0 ms
TpTrace Verbose: 0 : 27056, 11, 2024/02/22, 15:49:56.695, 2773832150716, vstest.console.dll, TcpClientExtensions.MessageLoopAsync: NotifyDataAvailable remoteEndPoint: 127.0.0.1:51767 localEndPoint: 127.0.0.1:51766
TpTrace Verbose: 0 : 27056, 11, 2024/02/22, 15:49:56.695, 2773832151766, vstest.console.dll, TestRequestSender.OnExecutionMessageReceived: Received message: {"Version":5,"MessageType":"TestSession.Message","Payload":{"MessageLevel":0,"Message":"[xUnit.net 00:00:03.35]         C:\\Users\\mridulsharma01\\OneDrive - Nagarro\\Desktop\\Insurance app\\Inuranceappbackend\\Inuranceappbackend.Tests\\Repositories\\AccountRepositoryTest.cs(27,0): at Inuranceappbackend.Tests.Repositories.AccountRepositoryTest.CreateUser_Successfully()"}}
TpTrace Verbose: 0 : 27056, 11, 2024/02/22, 15:49:56.695, 2773832152621, vstest.console.dll, TestRunRequest:SendTestRunMessage: Starting.
TpTrace Verbose: 0 : 27056, 11, 2024/02/22, 15:49:56.695, 2773832153175, vstest.console.dll, MulticastDelegateUtilities.SafeInvoke: TestRun.LogMessages: Invoking callback 1/1 for Microsoft.VisualStudio.TestPlatform.CommandLine.TestRunResultAggregator., took 0 ms.
TpTrace Information: 0 : 27056, 11, 2024/02/22, 15:49:56.695, 2773832153587, vstest.console.dll, TestRunRequest:SendTestRunMessage: Completed.
TpTrace Verbose: 0 : 27056, 4, 2024/02/22, 15:49:56.695, 2773832153392, vstest.console.dll, MulticastDelegateUtilities.SafeInvoke: InternalTestLoggerEvents.SendTestRunMessage: Invoking callback 1/1 for Microsoft.VisualStudio.TestPlatform.CommandLine.Internal.ConsoleLogger., took 0 ms.
TpTrace Verbose: 0 : 27056, 11, 2024/02/22, 15:49:56.695, 2773832154407, vstest.console.dll, MulticastDelegateUtilities.SafeInvoke: LengthPrefixCommunicationChannel: MessageReceived: Invoking callback 1/1 for Microsoft.VisualStudio.TestPlatform.CommunicationUtilities.TestRequestSender+<>c__DisplayClass34_0., took 0 ms.
TpTrace Verbose: 0 : 27056, 11, 2024/02/22, 15:49:56.695, 2773832155338, vstest.console.dll, TcpClientExtensions.MessageLoopAsync: Polling on remoteEndPoint: 127.0.0.1:51767 localEndPoint: 127.0.0.1:51766 after 0 ms
TpTrace Verbose: 0 : 27056, 11, 2024/02/22, 15:49:56.709, 2773832288534, vstest.console.dll, TcpClientExtensions.MessageLoopAsync: NotifyDataAvailable remoteEndPoint: 127.0.0.1:51767 localEndPoint: 127.0.0.1:51766
TpTrace Verbose: 0 : 27056, 11, 2024/02/22, 15:49:56.709, 2773832290281, vstest.console.dll, TestRequestSender.OnExecutionMessageReceived: Received message: {"Version":5,"MessageType":"TestSession.Message","Payload":{"MessageLevel":2,"Message":"[xUnit.net 00:00:03.36]     Inuranceappbackend.Tests.Repositories.AccountRepositoryTest.CreateUser_Failure_UserAlreadyExists [FAIL]"}}
TpTrace Verbose: 0 : 27056, 11, 2024/02/22, 15:49:56.709, 2773832291912, vstest.console.dll, TestRunRequest:SendTestRunMessage: Starting.
TpTrace Verbose: 0 : 27056, 11, 2024/02/22, 15:49:56.709, 2773832292598, vstest.console.dll, MulticastDelegateUtilities.SafeInvoke: TestRun.LogMessages: Invoking callback 1/1 for Microsoft.VisualStudio.TestPlatform.CommandLine.TestRunResultAggregator., took 0 ms.
TpTrace Information: 0 : 27056, 11, 2024/02/22, 15:49:56.709, 2773832292899, vstest.console.dll, TestRunRequest:SendTestRunMessage: Completed.
TpTrace Verbose: 0 : 27056, 11, 2024/02/22, 15:49:56.709, 2773832293278, vstest.console.dll, MulticastDelegateUtilities.SafeInvoke: LengthPrefixCommunicationChannel: MessageReceived: Invoking callback 1/1 for Microsoft.VisualStudio.TestPlatform.CommunicationUtilities.TestRequestSender+<>c__DisplayClass34_0., took 0 ms.
TpTrace Verbose: 0 : 27056, 11, 2024/02/22, 15:49:56.709, 2773832293743, vstest.console.dll, TcpClientExtensions.MessageLoopAsync: Polling on remoteEndPoint: 127.0.0.1:51767 localEndPoint: 127.0.0.1:51766 after 13 ms
TpTrace Verbose: 0 : 27056, 4, 2024/02/22, 15:49:56.709, 2773832294016, vstest.console.dll, MulticastDelegateUtilities.SafeInvoke: InternalTestLoggerEvents.SendTestRunMessage: Invoking callback 1/1 for Microsoft.VisualStudio.TestPlatform.CommandLine.Internal.ConsoleLogger., took 0 ms.
TpTrace Verbose: 0 : 27056, 11, 2024/02/22, 15:49:56.709, 2773832294282, vstest.console.dll, TcpClientExtensions.MessageLoopAsync: NotifyDataAvailable remoteEndPoint: 127.0.0.1:51767 localEndPoint: 127.0.0.1:51766
TpTrace Verbose: 0 : 27056, 11, 2024/02/22, 15:49:56.709, 2773832295767, vstest.console.dll, TestRequestSender.OnExecutionMessageReceived: Received message: {"Version":5,"MessageType":"TestSession.Message","Payload":{"MessageLevel":0,"Message":"[xUnit.net 00:00:03.36]       Assert.Equal() Failure"}}
TpTrace Verbose: 0 : 27056, 11, 2024/02/22, 15:49:56.710, 2773832296951, vstest.console.dll, TestRunRequest:SendTestRunMessage: Starting.
TpTrace Verbose: 0 : 27056, 11, 2024/02/22, 15:49:56.710, 2773832297710, vstest.console.dll, MulticastDelegateUtilities.SafeInvoke: TestRun.LogMessages: Invoking callback 1/1 for Microsoft.VisualStudio.TestPlatform.CommandLine.TestRunResultAggregator., took 0 ms.
TpTrace Verbose: 0 : 27056, 4, 2024/02/22, 15:49:56.710, 2773832297908, vstest.console.dll, MulticastDelegateUtilities.SafeInvoke: InternalTestLoggerEvents.SendTestRunMessage: Invoking callback 1/1 for Microsoft.VisualStudio.TestPlatform.CommandLine.Internal.ConsoleLogger., took 0 ms.
TpTrace Information: 0 : 27056, 11, 2024/02/22, 15:49:56.710, 2773832298246, vstest.console.dll, TestRunRequest:SendTestRunMessage: Completed.
TpTrace Verbose: 0 : 27056, 11, 2024/02/22, 15:49:56.710, 2773832299290, vstest.console.dll, MulticastDelegateUtilities.SafeInvoke: LengthPrefixCommunicationChannel: MessageReceived: Invoking callback 1/1 for Microsoft.VisualStudio.TestPlatform.CommunicationUtilities.TestRequestSender+<>c__DisplayClass34_0., took 0 ms.
TpTrace Verbose: 0 : 27056, 11, 2024/02/22, 15:49:56.710, 2773832299648, vstest.console.dll, TcpClientExtensions.MessageLoopAsync: Polling on remoteEndPoint: 127.0.0.1:51767 localEndPoint: 127.0.0.1:51766 after 0 ms
TpTrace Verbose: 0 : 27056, 11, 2024/02/22, 15:49:56.710, 2773832300073, vstest.console.dll, TcpClientExtensions.MessageLoopAsync: NotifyDataAvailable remoteEndPoint: 127.0.0.1:51767 localEndPoint: 127.0.0.1:51766
TpTrace Verbose: 0 : 27056, 11, 2024/02/22, 15:49:56.710, 2773832300700, vstest.console.dll, TestRequestSender.OnExecutionMessageReceived: Received message: {"Version":5,"MessageType":"TestSession.Message","Payload":{"MessageLevel":0,"Message":"[xUnit.net 00:00:03.36]       Expected: 1"}}
TpTrace Verbose: 0 : 27056, 11, 2024/02/22, 15:49:56.710, 2773832301488, vstest.console.dll, TestRunRequest:SendTestRunMessage: Starting.
TpTrace Verbose: 0 : 27056, 11, 2024/02/22, 15:49:56.710, 2773832301985, vstest.console.dll, MulticastDelegateUtilities.SafeInvoke: TestRun.LogMessages: Invoking callback 1/1 for Microsoft.VisualStudio.TestPlatform.CommandLine.TestRunResultAggregator., took 0 ms.
TpTrace Verbose: 0 : 27056, 4, 2024/02/22, 15:49:56.710, 2773832302225, vstest.console.dll, MulticastDelegateUtilities.SafeInvoke: InternalTestLoggerEvents.SendTestRunMessage: Invoking callback 1/1 for Microsoft.VisualStudio.TestPlatform.CommandLine.Internal.ConsoleLogger., took 0 ms.
TpTrace Information: 0 : 27056, 11, 2024/02/22, 15:49:56.710, 2773832302292, vstest.console.dll, TestRunRequest:SendTestRunMessage: Completed.
TpTrace Verbose: 0 : 27056, 11, 2024/02/22, 15:49:56.710, 2773832303336, vstest.console.dll, MulticastDelegateUtilities.SafeInvoke: LengthPrefixCommunicationChannel: MessageReceived: Invoking callback 1/1 for Microsoft.VisualStudio.TestPlatform.CommunicationUtilities.TestRequestSender+<>c__DisplayClass34_0., took 0 ms.
TpTrace Verbose: 0 : 27056, 11, 2024/02/22, 15:49:56.710, 2773832303662, vstest.console.dll, TcpClientExtensions.MessageLoopAsync: Polling on remoteEndPoint: 127.0.0.1:51767 localEndPoint: 127.0.0.1:51766 after 0 ms
TpTrace Verbose: 0 : 27056, 11, 2024/02/22, 15:49:56.710, 2773832304158, vstest.console.dll, TcpClientExtensions.MessageLoopAsync: NotifyDataAvailable remoteEndPoint: 127.0.0.1:51767 localEndPoint: 127.0.0.1:51766
TpTrace Verbose: 0 : 27056, 11, 2024/02/22, 15:49:56.710, 2773832304803, vstest.console.dll, TestRequestSender.OnExecutionMessageReceived: Received message: {"Version":5,"MessageType":"TestSession.Message","Payload":{"MessageLevel":0,"Message":"[xUnit.net 00:00:03.36]       Actual:   2"}}
TpTrace Verbose: 0 : 27056, 11, 2024/02/22, 15:49:56.710, 2773832305561, vstest.console.dll, TestRunRequest:SendTestRunMessage: Starting.
TpTrace Verbose: 0 : 27056, 11, 2024/02/22, 15:49:56.710, 2773832306072, vstest.console.dll, MulticastDelegateUtilities.SafeInvoke: TestRun.LogMessages: Invoking callback 1/1 for Microsoft.VisualStudio.TestPlatform.CommandLine.TestRunResultAggregator., took 0 ms.
TpTrace Information: 0 : 27056, 11, 2024/02/22, 15:49:56.711, 2773832306335, vstest.console.dll, TestRunRequest:SendTestRunMessage: Completed.
TpTrace Verbose: 0 : 27056, 11, 2024/02/22, 15:49:56.711, 2773832306614, vstest.console.dll, MulticastDelegateUtilities.SafeInvoke: LengthPrefixCommunicationChannel: MessageReceived: Invoking callback 1/1 for Microsoft.VisualStudio.TestPlatform.CommunicationUtilities.TestRequestSender+<>c__DisplayClass34_0., took 0 ms.
TpTrace Verbose: 0 : 27056, 4, 2024/02/22, 15:49:56.711, 2773832306363, vstest.console.dll, MulticastDelegateUtilities.SafeInvoke: InternalTestLoggerEvents.SendTestRunMessage: Invoking callback 1/1 for Microsoft.VisualStudio.TestPlatform.CommandLine.Internal.ConsoleLogger., took 0 ms.
TpTrace Verbose: 0 : 27056, 11, 2024/02/22, 15:49:56.711, 2773832306902, vstest.console.dll, TcpClientExtensions.MessageLoopAsync: Polling on remoteEndPoint: 127.0.0.1:51767 localEndPoint: 127.0.0.1:51766 after 0 ms
TpTrace Verbose: 0 : 27056, 11, 2024/02/22, 15:49:56.711, 2773832308043, vstest.console.dll, TcpClientExtensions.MessageLoopAsync: NotifyDataAvailable remoteEndPoint: 127.0.0.1:51767 localEndPoint: 127.0.0.1:51766
TpTrace Verbose: 0 : 27056, 11, 2024/02/22, 15:49:56.711, 2773832308613, vstest.console.dll, TestRequestSender.OnExecutionMessageReceived: Received message: {"Version":5,"MessageType":"TestSession.Message","Payload":{"MessageLevel":0,"Message":"[xUnit.net 00:00:03.36]       Stack Trace:"}}
TpTrace Verbose: 0 : 27056, 11, 2024/02/22, 15:49:56.711, 2773832309410, vstest.console.dll, TestRunRequest:SendTestRunMessage: Starting.
TpTrace Verbose: 0 : 27056, 11, 2024/02/22, 15:49:56.711, 2773832309899, vstest.console.dll, MulticastDelegateUtilities.SafeInvoke: TestRun.LogMessages: Invoking callback 1/1 for Microsoft.VisualStudio.TestPlatform.CommandLine.TestRunResultAggregator., took 0 ms.
TpTrace Information: 0 : 27056, 11, 2024/02/22, 15:49:56.711, 2773832310195, vstest.console.dll, TestRunRequest:SendTestRunMessage: Completed.
TpTrace Verbose: 0 : 27056, 4, 2024/02/22, 15:49:56.711, 2773832310175, vstest.console.dll, MulticastDelegateUtilities.SafeInvoke: InternalTestLoggerEvents.SendTestRunMessage: Invoking callback 1/1 for Microsoft.VisualStudio.TestPlatform.CommandLine.Internal.ConsoleLogger., took 0 ms.
TpTrace Verbose: 0 : 27056, 11, 2024/02/22, 15:49:56.711, 2773832310761, vstest.console.dll, MulticastDelegateUtilities.SafeInvoke: LengthPrefixCommunicationChannel: MessageReceived: Invoking callback 1/1 for Microsoft.VisualStudio.TestPlatform.CommunicationUtilities.TestRequestSender+<>c__DisplayClass34_0., took 0 ms.
TpTrace Verbose: 0 : 27056, 11, 2024/02/22, 15:49:56.711, 2773832311714, vstest.console.dll, TcpClientExtensions.MessageLoopAsync: Polling on remoteEndPoint: 127.0.0.1:51767 localEndPoint: 127.0.0.1:51766 after 0 ms
TpTrace Verbose: 0 : 27056, 11, 2024/02/22, 15:49:56.711, 2773832312102, vstest.console.dll, TcpClientExtensions.MessageLoopAsync: NotifyDataAvailable remoteEndPoint: 127.0.0.1:51767 localEndPoint: 127.0.0.1:51766
TpTrace Verbose: 0 : 27056, 11, 2024/02/22, 15:49:56.711, 2773832312717, vstest.console.dll, TestRequestSender.OnExecutionMessageReceived: Received message: {"Version":5,"MessageType":"TestSession.Message","Payload":{"MessageLevel":0,"Message":"[xUnit.net 00:00:03.36]         C:\\Users\\mridulsharma01\\OneDrive - Nagarro\\Desktop\\Insurance app\\Inuranceappbackend\\Inuranceappbackend.Tests\\Repositories\\AccountRepositoryTest.cs(48,0): at Inuranceappbackend.Tests.Repositories.AccountRepositoryTest.CreateUser_Failure_UserAlreadyExists()"}}
TpTrace Verbose: 0 : 27056, 11, 2024/02/22, 15:49:56.711, 2773832313485, vstest.console.dll, TestRunRequest:SendTestRunMessage: Starting.
TpTrace Verbose: 0 : 27056, 11, 2024/02/22, 15:49:56.711, 2773832314024, vstest.console.dll, MulticastDelegateUtilities.SafeInvoke: TestRun.LogMessages: Invoking callback 1/1 for Microsoft.VisualStudio.TestPlatform.CommandLine.TestRunResultAggregator., took 0 ms.
TpTrace Verbose: 0 : 27056, 4, 2024/02/22, 15:49:56.711, 2773832314150, vstest.console.dll, MulticastDelegateUtilities.SafeInvoke: InternalTestLoggerEvents.SendTestRunMessage: Invoking callback 1/1 for Microsoft.VisualStudio.TestPlatform.CommandLine.Internal.ConsoleLogger., took 0 ms.
TpTrace Information: 0 : 27056, 11, 2024/02/22, 15:49:56.711, 2773832314653, vstest.console.dll, TestRunRequest:SendTestRunMessage: Completed.
TpTrace Verbose: 0 : 27056, 11, 2024/02/22, 15:49:56.711, 2773832315006, vstest.console.dll, MulticastDelegateUtilities.SafeInvoke: LengthPrefixCommunicationChannel: MessageReceived: Invoking callback 1/1 for Microsoft.VisualStudio.TestPlatform.CommunicationUtilities.TestRequestSender+<>c__DisplayClass34_0., took 0 ms.
TpTrace Verbose: 0 : 27056, 11, 2024/02/22, 15:49:56.711, 2773832315339, vstest.console.dll, TcpClientExtensions.MessageLoopAsync: Polling on remoteEndPoint: 127.0.0.1:51767 localEndPoint: 127.0.0.1:51766 after 0 ms
TpTrace Verbose: 0 : 27056, 11, 2024/02/22, 15:49:56.714, 2773832344666, vstest.console.dll, TcpClientExtensions.MessageLoopAsync: NotifyDataAvailable remoteEndPoint: 127.0.0.1:51767 localEndPoint: 127.0.0.1:51766
TpTrace Verbose: 0 : 27056, 11, 2024/02/22, 15:49:56.715, 2773832346404, vstest.console.dll, TestRequestSender.OnExecutionMessageReceived: Received message: {"Version":5,"MessageType":"TestSession.Message","Payload":{"MessageLevel":0,"Message":"[xUnit.net 00:00:03.37]   Finished:    Inuranceappbackend.Tests"}}
TpTrace Verbose: 0 : 27056, 11, 2024/02/22, 15:49:56.715, 2773832347585, vstest.console.dll, TestRunRequest:SendTestRunMessage: Starting.
TpTrace Verbose: 0 : 27056, 11, 2024/02/22, 15:49:56.715, 2773832348609, vstest.console.dll, MulticastDelegateUtilities.SafeInvoke: TestRun.LogMessages: Invoking callback 1/1 for Microsoft.VisualStudio.TestPlatform.CommandLine.TestRunResultAggregator., took 0 ms.
TpTrace Verbose: 0 : 27056, 4, 2024/02/22, 15:49:56.715, 2773832348917, vstest.console.dll, MulticastDelegateUtilities.SafeInvoke: InternalTestLoggerEvents.SendTestRunMessage: Invoking callback 1/1 for Microsoft.VisualStudio.TestPlatform.CommandLine.Internal.ConsoleLogger., took 0 ms.
TpTrace Information: 0 : 27056, 11, 2024/02/22, 15:49:56.715, 2773832348956, vstest.console.dll, TestRunRequest:SendTestRunMessage: Completed.
TpTrace Verbose: 0 : 27056, 11, 2024/02/22, 15:49:56.715, 2773832349798, vstest.console.dll, MulticastDelegateUtilities.SafeInvoke: LengthPrefixCommunicationChannel: MessageReceived: Invoking callback 1/1 for Microsoft.VisualStudio.TestPlatform.CommunicationUtilities.TestRequestSender+<>c__DisplayClass34_0., took 0 ms.
TpTrace Verbose: 0 : 27056, 11, 2024/02/22, 15:49:56.715, 2773832350052, vstest.console.dll, TcpClientExtensions.MessageLoopAsync: Polling on remoteEndPoint: 127.0.0.1:51767 localEndPoint: 127.0.0.1:51766 after 3 ms
TpTrace Verbose: 0 : 27056, 11, 2024/02/22, 15:49:56.737, 2773832574114, vstest.console.dll, TcpClientExtensions.MessageLoopAsync: NotifyDataAvailable remoteEndPoint: 127.0.0.1:51767 localEndPoint: 127.0.0.1:51766
TpTrace Verbose: 0 : 27056, 11, 2024/02/22, 15:49:56.738, 2773832577138, vstest.console.dll, TestRequestSender.OnExecutionMessageReceived: Received message: {"Version":5,"MessageType":"TestExecution.Completed","Payload":{"TestRunCompleteArgs":{"TestRunStatistics":{"ExecutedTests":13,"Stats":{"Passed":9,"Failed":4}},"IsCanceled":false,"IsAborted":false,"Error":null,"AttachmentSets":[],"ElapsedTimeInRunningTests":"00:00:03.3851326","Metrics":{}},"LastRunTests":{"NewTestResults":[{"TestCase":{"Id":"368ca582-6fc3-9b72-2fb5-353c7fb46dff","FullyQualifiedName":"Inuranceappbackend.Tests.Controllers.UserControllerTest.CreateUser_Returns_InternalServerError_When_ExceptionThrown","DisplayName":"Inuranceappbackend.Tests.Controllers.UserControllerTest.CreateUser_Returns_InternalServerError_When_ExceptionThrown","ExecutorUri":"executor://xunit/VsTestRunner2/netcoreapp","Source":"C:\\Users\\mridulsharma01\\OneDrive - Nagarro\\Desktop\\Insurance app\\Inuranceappbackend\\Inuranceappbackend.Tests\\bin\\Debug\\net5.0\\fine-code-coverage\\build-output\\Inuranceappbackend.Tests.dll","CodeFilePath":null,"LineNumber":0,"Properties":[]},"Attachments":[],"Outcome":1,"ErrorMessage":null,"ErrorStackTrace":null,"DisplayName":"Inuranceappbackend.Tests.Controllers.UserControllerTest.CreateUser_Returns_InternalServerError_When_ExceptionThrown","Messages":[],"ComputerName":"IN-320D5S3","Duration":"00:00:00.0665697","StartTime":"2024-02-22T10:19:55.8317887+00:00","EndTime":"2024-02-22T10:19:55.8317912+00:00","Properties":[]},{"TestCase":{"Id":"a945da4a-0301-f031-5ea3-ce248dc2694a","FullyQualifiedName":"Inuranceappbackend.Tests.Repositories.AccountRepositoryTest.Login_UserNotFound","DisplayName":"Inuranceappbackend.Tests.Repositories.AccountRepositoryTest.Login_UserNotFound","ExecutorUri":"executor://xunit/VsTestRunner2/netcoreapp","Source":"C:\\Users\\mridulsharma01\\OneDrive - Nagarro\\Desktop\\Insurance app\\Inuranceappbackend\\Inuranceappbackend.Tests\\bin\\Debug\\net5.0\\fine-code-coverage\\build-output\\Inuranceappbackend.Tests.dll","CodeFilePath":null,"LineNumber":0,"Properties":[]},"Attachments":[],"Outcome":2,"ErrorMessage":"Assert.Throws() Failure\r\nExpected: typeof(System.Exception)\r\nActual:   (No exception was thrown)","ErrorStackTrace":"   at Inuranceappbackend.Tests.Repositories.AccountRepositoryTest.Login_UserNotFound() in C:\\Users\\mridulsharma01\\OneDrive - Nagarro\\Desktop\\Insurance app\\Inuranceappbackend\\Inuranceappbackend.Tests\\Repositories\\AccountRepositoryTest.cs:line 81","DisplayName":"Inuranceappbackend.Tests.Repositories.AccountRepositoryTest.Login_UserNotFound","Messages":[],"ComputerName":"IN-320D5S3","Duration":"00:00:01.2603956","StartTime":"2024-02-22T10:19:56.5172564+00:00","EndTime":"2024-02-22T10:19:56.5172575+00:00","Properties":[]},{"TestCase":{"Id":"ea1eba3d-638b-fdff-c472-7a4ff2639966","FullyQualifiedName":"Inuranceappbackend.Tests.Repositories.AccountRepositoryTest.Login_Successful","DisplayName":"Inuranceappbackend.Tests.Repositories.AccountRepositoryTest.Login_Successful","ExecutorUri":"executor://xunit/VsTestRunner2/netcoreapp","Source":"C:\\Users\\mridulsharma01\\OneDrive - Nagarro\\Desktop\\Insurance app\\Inuranceappbackend\\Inuranceappbackend.Tests\\bin\\Debug\\net5.0\\fine-code-coverage\\build-output\\Inuranceappbackend.Tests.dll","CodeFilePath":null,"LineNumber":0,"Properties":[]},"Attachments":[],"Outcome":1,"ErrorMessage":null,"ErrorStackTrace":null,"DisplayName":"Inuranceappbackend.Tests.Repositories.AccountRepositoryTest.Login_Successful","Messages":[],"ComputerName":"IN-320D5S3","Duration":"00:00:00.1487550","StartTime":"2024-02-22T10:19:56.6636214+00:00","EndTime":"2024-02-22T10:19:56.6636243+00:00","Properties":[]},{"TestCase":{"Id":"91d90539-7658-467c-676c-df8f9db97526","FullyQualifiedName":"Inuranceappbackend.Tests.Repositories.AccountRepositoryTest.CreateUser_Successfully","DisplayName":"Inuranceappbackend.Tests.Repositories.AccountRepositoryTest.CreateUser_Successfully","ExecutorUri":"executor://xunit/VsTestRunner2/netcoreapp","Source":"C:\\Users\\mridulsharma01\\OneDrive - Nagarro\\Desktop\\Insurance app\\Inuranceappbackend\\Inuranceappbackend.Tests\\bin\\Debug\\net5.0\\fine-code-coverage\\build-output\\Inuranceappbackend.Tests.dll","CodeFilePath":null,"LineNumber":0,"Properties":[]},"Attachments":[],"Outcome":2,"ErrorMessage":"Assert.Equal() Failure\r\n           (pos 0)\r\nExpected: Success\r\nActual:   FAILURE\r\n           (pos 0)","ErrorStackTrace":"   at Inuranceappbackend.Tests.Repositories.AccountRepositoryTest.CreateUser_Successfully() in C:\\Users\\mridulsharma01\\OneDrive - Nagarro\\Desktop\\Insurance app\\Inuranceappbackend\\Inuranceappbackend.Tests\\Repositories\\AccountRepositoryTest.cs:line 27","DisplayName":"Inuranceappbackend.Tests.Repositories.AccountRepositoryTest.CreateUser_Successfully","Messages":[],"ComputerName":"IN-320D5S3","Duration":"00:00:00.0209425","StartTime":"2024-02-22T10:19:56.6939733+00:00","EndTime":"2024-02-22T10:19:56.6939745+00:00","Properties":[]},{"TestCase":{"Id":"38f61e86-c785-91ad-2271-eb50f3dfe4d2","FullyQualifiedName":"Inuranceappbackend.Tests.Repositories.AccountRepositoryTest.CreateUser_Failure_UserAlreadyExists","DisplayName":"Inuranceappbackend.Tests.Repositories.AccountRepositoryTest.CreateUser_Failure_UserAlreadyExists","ExecutorUri":"executor://xunit/VsTestRunner2/netcoreapp","Source":"C:\\Users\\mridulsharma01\\OneDrive - Nagarro\\Desktop\\Insurance app\\Inuranceappbackend\\Inuranceappbackend.Tests\\bin\\Debug\\net5.0\\fine-code-coverage\\build-output\\Inuranceappbackend.Tests.dll","CodeFilePath":null,"LineNumber":0,"Properties":[]},"Attachments":[],"Outcome":2,"ErrorMessage":"Assert.Equal() Failure\r\nExpected: 1\r\nActual:   2","ErrorStackTrace":"   at Inuranceappbackend.Tests.Repositories.AccountRepositoryTest.CreateUser_Failure_UserAlreadyExists() in C:\\Users\\mridulsharma01\\OneDrive - Nagarro\\Desktop\\Insurance app\\Inuranceappbackend\\Inuranceappbackend.Tests\\Repositories\\AccountRepositoryTest.cs:line 48","DisplayName":"Inuranceappbackend.Tests.Repositories.AccountRepositoryTest.CreateUser_Failure_UserAlreadyExists","Messages":[],"ComputerName":"IN-320D5S3","Duration":"00:00:00.0169312","StartTime":"2024-02-22T10:19:56.7108444+00:00","EndTime":"2024-02-22T10:19:56.7108458+00:00","Properties":[]}],"TestRunStatistics":{"ExecutedTests":13,"Stats":{"Passed":9,"Failed":4}},"ActiveTests":[]},"RunAttachments":[],"ExecutorUris":["executor://xunit/VsTestRunner2/netcoreapp"]}}
TpTrace Verbose: 0 : 27056, 11, 2024/02/22, 15:49:56.738, 2773832578986, vstest.console.dll, TestRequestSender.EndSession: Sending end session.
TpTrace Verbose: 0 : 27056, 11, 2024/02/22, 15:49:56.738, 2773832582011, vstest.console.dll, ProxyOperationManager.Close: waiting for test host to exit for 100 ms
TpTrace Verbose: 0 : 27056, 7, 2024/02/22, 15:49:56.790, 2773833101371, vstest.console.dll, TestHostManagerCallbacks.ctor: Experimental forwarding output is disabled.
TpTrace Warning: 0 : 27056, 7, 2024/02/22, 15:49:56.790, 2773833102587, vstest.console.dll, TestHostManagerCallbacks.ErrorReceivedCallback Test host standard error line: 
TpTrace Verbose: 0 : 27056, 7, 2024/02/22, 15:49:56.822, 2773833426158, vstest.console.dll, TestHostProvider.ExitCallBack: Host exited starting callback.
TpTrace Information: 0 : 27056, 7, 2024/02/22, 15:49:56.823, 2773833427962, vstest.console.dll, TestHostManagerCallbacks.ExitCallBack: Testhost processId: 8604 exited with exitcode: 0 error: ''
TpTrace Verbose: 0 : 27056, 7, 2024/02/22, 15:49:56.823, 2773833428367, vstest.console.dll, DotnetTestHostManager.OnHostExited: invoking OnHostExited callback
TpTrace Verbose: 0 : 27056, 7, 2024/02/22, 15:49:56.823, 2773833428840, vstest.console.dll, CrossPlatEngine.TestHostManagerHostExited: calling on client process exit callback.
TpTrace Information: 0 : 27056, 7, 2024/02/22, 15:49:56.823, 2773833429426, vstest.console.dll, TestRequestSender.OnClientProcessExit: Test host process exited. Standard error: 
TpTrace Information: 0 : 27056, 7, 2024/02/22, 15:49:56.823, 2773833429862, vstest.console.dll, SocketServer.Stop: Stop server endPoint: 127.0.0.1:51766
TpTrace Information: 0 : 27056, 11, 2024/02/22, 15:49:56.823, 2773833429935, vstest.console.dll, SocketServer.Stop: Stop server endPoint: 127.0.0.1:51766
TpTrace Information: 0 : 27056, 11, 2024/02/22, 15:49:56.823, 2773833430840, vstest.console.dll, SocketServer.Stop: Cancellation requested. Stopping message loop.
TpTrace Information: 0 : 27056, 7, 2024/02/22, 15:49:56.823, 2773833430122, vstest.console.dll, SocketServer.Stop: Cancellation requested. Stopping message loop.
TpTrace Verbose: 0 : 27056, 7, 2024/02/22, 15:49:56.823, 2773833431751, vstest.console.dll, MulticastDelegateUtilities.SafeInvoke: HostProviderEvents.OnHostExited: Invoking callback 1/1 for Microsoft.VisualStudio.TestPlatform.CrossPlatEngine.Client.ProxyOperationManager., took 0 ms.
TpTrace Information: 0 : 27056, 11, 2024/02/22, 15:49:56.823, 2773833432800, vstest.console.dll, Closing the connection
TpTrace Verbose: 0 : 27056, 11, 2024/02/22, 15:49:56.823, 2773833435572, vstest.console.dll, ProxyDataCollectionManager.InvokeDataCollectionServiceAction: Starting.
TpTrace Information: 0 : 27056, 11, 2024/02/22, 15:49:56.823, 2773833436148, vstest.console.dll, ProxyDataCollectionManager.AfterTestRunEnd: Get attachment set and invoked data collectors processId: 24984 port: 51762
TpTrace Verbose: 0 : 27056, 11, 2024/02/22, 15:49:56.824, 2773833436627, vstest.console.dll, DataCollectionRequestSender.SendAfterTestRunStartAndGetResult: Send AfterTestRunEnd message with isCancelled: False
TpTrace Verbose: 0 : 27056, 11, 2024/02/22, 15:49:56.835, 2773833546510, vstest.console.dll, DataCollectionRequestSender.SendAfterTestRunStartAndGetResult: Received message: (DataCollection.AfterTestRunEndResult) -> {"MessageType":"DataCollection.AfterTestRunEndResult","Payload":{"AttachmentSets":[],"InvokedDataCollectors":[{"Uri":"datacollector://Microsoft/TestPlatform/Extensions/Blame/v1","FriendlyName":"Blame","AssemblyQualifiedName":"Microsoft.TestPlatform.Extensions.BlameDataCollector.BlameCollector, Microsoft.TestPlatform.Extensions.BlameDataCollector, Version=15.0.0.0, Culture=neutral, PublicKeyToken=b03f5f7f11d50a3a","FilePath":"C:\\Program Files\\dotnet\\sdk\\8.0.200\\Extensions\\Microsoft.TestPlatform.Extensions.BlameDataCollector.dll","HasAttachmentProcessor":false}],"Metrics":{}}}
TpTrace Information: 0 : 27056, 11, 2024/02/22, 15:49:56.842, 2773833625509, vstest.console.dll, ProxyDataCollectionManager.InvokeDataCollectionServiceAction: Completed.
TpTrace Warning: 0 : 27056, 10, 2024/02/22, 15:49:56.845, 2773833652588, vstest.console.dll, DataCollectionLauncher.ErrorReceivedCallback datacollector standard error line: 
TpTrace Information: 0 : 27056, 10, 2024/02/22, 15:49:56.858, 2773833779459, vstest.console.dll, DataCollectionLauncher.ExitCallBack: Data collector exited with exitcode: 0 error: ''
TpTrace Verbose: 0 : 27056, 11, 2024/02/22, 15:49:56.893, 2773834126838, vstest.console.dll, TestRunRequest:SendTestRunStatsChange: Starting.
TpTrace Verbose: 0 : 27056, 11, 2024/02/22, 15:49:56.893, 2773834128485, vstest.console.dll, MulticastDelegateUtilities.SafeInvoke: TestRun.RunStatsChanged: Invoking callbacks was skipped because there are no subscribers.
TpTrace Information: 0 : 27056, 11, 2024/02/22, 15:49:56.893, 2773834128804, vstest.console.dll, TestRunRequest:SendTestRunStatsChange: Completed.
TpTrace Verbose: 0 : 27056, 4, 2024/02/22, 15:49:56.893, 2773834129843, vstest.console.dll, MulticastDelegateUtilities.SafeInvoke: InternalTestLoggerEvents.SendTestResult: Invoking callback 1/1 for Microsoft.VisualStudio.TestPlatform.CommandLine.Internal.ConsoleLogger., took 0 ms.
TpTrace Verbose: 0 : 27056, 11, 2024/02/22, 15:49:56.893, 2773834133075, vstest.console.dll, ParallelProxyExecutionManager: HandlePartialRunComplete: Total workloads = 1, Total started clients = 1 Total completed clients = 1, Run complete = True, Run canceled: False.
TpTrace Verbose: 0 : 27056, 11, 2024/02/22, 15:49:56.893, 2773834133636, vstest.console.dll, ParallelProxyExecutionManager: HandlePartialRunComplete: All runs completed stopping all managers.
TpTrace Verbose: 0 : 27056, 4, 2024/02/22, 15:49:56.893, 2773834133712, vstest.console.dll, MulticastDelegateUtilities.SafeInvoke: InternalTestLoggerEvents.SendTestResult: Invoking callback 1/1 for Microsoft.VisualStudio.TestPlatform.CommandLine.Internal.ConsoleLogger., took 0 ms.
TpTrace Verbose: 0 : 27056, 11, 2024/02/22, 15:49:56.893, 2773834135418, vstest.console.dll, ParallelOperationManager.StopAllManagers: Stopping all managers.
TpTrace Verbose: 0 : 27056, 11, 2024/02/22, 15:49:56.893, 2773834135918, vstest.console.dll, ParallelOperationManager.ClearSlots: Clearing all slots. Slots should accept more work: False
TpTrace Verbose: 0 : 27056, 11, 2024/02/22, 15:49:56.894, 2773834136514, vstest.console.dll, ParallelOperationManager.SetOccupiedSlotCount: Setting slot counts AvailableSlotCount = 3, OccupiedSlotCount = 0.
TpTrace Verbose: 0 : 27056, 4, 2024/02/22, 15:49:56.894, 2773834138836, vstest.console.dll, MulticastDelegateUtilities.SafeInvoke: InternalTestLoggerEvents.SendTestResult: Invoking callback 1/1 for Microsoft.VisualStudio.TestPlatform.CommandLine.Internal.ConsoleLogger., took 0 ms.
TpTrace Verbose: 0 : 27056, 4, 2024/02/22, 15:49:56.894, 2773834144877, vstest.console.dll, MulticastDelegateUtilities.SafeInvoke: InternalTestLoggerEvents.SendTestResult: Invoking callback 1/1 for Microsoft.VisualStudio.TestPlatform.CommandLine.Internal.ConsoleLogger., took 0 ms.
TpTrace Verbose: 0 : 27056, 4, 2024/02/22, 15:49:56.895, 2773834148388, vstest.console.dll, MulticastDelegateUtilities.SafeInvoke: InternalTestLoggerEvents.SendTestResult: Invoking callback 1/1 for Microsoft.VisualStudio.TestPlatform.CommandLine.Internal.ConsoleLogger., took 0 ms.
TpTrace Verbose: 0 : 27056, 11, 2024/02/22, 15:49:56.894, 2773834140973, vstest.console.dll, Occupied slots:

TpTrace Verbose: 0 : 27056, 4, 2024/02/22, 15:49:56.917, 2773834373959, vstest.console.dll, MulticastDelegateUtilities.SafeInvoke: InternalTestLoggerEvents.SendTestRunComplete: Invoking callback 1/2 for Microsoft.TestPlatform.Extensions.BlameDataCollector.BlameLogger., took 0 ms.
TpTrace Verbose: 0 : 27056, 4, 2024/02/22, 15:49:56.925, 2773834455252, vstest.console.dll, MulticastDelegateUtilities.SafeInvoke: InternalTestLoggerEvents.SendTestRunComplete: Invoking callback 2/2 for Microsoft.VisualStudio.TestPlatform.CommandLine.Internal.ConsoleLogger., took 8 ms.
TpTrace Verbose: 0 : 27056, 11, 2024/02/22, 15:49:56.927, 2773834472047, vstest.console.dll, TestRunRequest:TestRunComplete: Starting. IsAborted:False IsCanceled:False.
TpTrace Verbose: 0 : 27056, 11, 2024/02/22, 15:49:56.927, 2773834475532, vstest.console.dll, ParallelOperationManager.DoActionOnAllManagers: Calling an action on all managers.
TpTrace Verbose: 0 : 27056, 11, 2024/02/22, 15:49:57.006, 2773835259268, vstest.console.dll, TestLoggerManager.HandleTestRunComplete: Ignoring as the object is disposed.
TpTrace Verbose: 0 : 27056, 11, 2024/02/22, 15:49:57.006, 2773835262851, vstest.console.dll, MulticastDelegateUtilities.SafeInvoke: TestRun.TestRunComplete: Invoking callback 1/2 for Microsoft.VisualStudio.TestPlatform.CommandLine.TestRunResultAggregator., took 0 ms.
TpTrace Verbose: 0 : 27056, 11, 2024/02/22, 15:49:57.006, 2773835264418, vstest.console.dll, MulticastDelegateUtilities.SafeInvoke: TestRun.TestRunComplete: Invoking callback 2/2 for Microsoft.VisualStudio.TestPlatform.CommandLine.Processors.RunTestsArgumentExecutor+TestRunRequestEventsRegistrar., took 0 ms.
TpTrace Information: 0 : 27056, 11, 2024/02/22, 15:49:57.006, 2773835265868, vstest.console.dll, TestRunRequest:TestRunComplete: Completed.
TpTrace Verbose: 0 : 27056, 11, 2024/02/22, 15:49:57.007, 2773835266336, vstest.console.dll, TestRequestSender.SetOperationComplete: Setting operation complete.
TpTrace Verbose: 0 : 27056, 1, 2024/02/22, 15:49:57.007, 2773835266422, vstest.console.dll, TestRunRequest.Dispose: Starting.
TpTrace Information: 0 : 27056, 11, 2024/02/22, 15:49:57.007, 2773835266753, vstest.console.dll, SocketServer.Stop: Stop server endPoint: 127.0.0.1:51766
TpTrace Information: 0 : 27056, 11, 2024/02/22, 15:49:57.007, 2773835267679, vstest.console.dll, SocketServer.Stop: Cancellation requested. Stopping message loop.
TpTrace Verbose: 0 : 27056, 11, 2024/02/22, 15:49:57.007, 2773835268102, vstest.console.dll, MulticastDelegateUtilities.SafeInvoke: LengthPrefixCommunicationChannel: MessageReceived: Invoking callback 1/1 for Microsoft.VisualStudio.TestPlatform.CommunicationUtilities.TestRequestSender+<>c__DisplayClass34_0., took 269 ms.
TpTrace Information: 0 : 27056, 1, 2024/02/22, 15:49:57.007, 2773835267492, vstest.console.dll, TestRunRequest.Dispose: Completed.
TpTrace Information: 0 : 27056, 11, 2024/02/22, 15:49:57.007, 2773835274744, vstest.console.dll, SocketServer.PrivateStop: Stopping server endPoint: 127.0.0.1:51766 error: 
TpTrace Information: 0 : 27056, 1, 2024/02/22, 15:49:57.007, 2773835275125, vstest.console.dll, TestRequestManager.RunTests: run tests completed.
TpTrace Information: 0 : 27056, 1, 2024/02/22, 15:49:57.007, 2773835276137, vstest.console.dll, RunTestsArgumentProcessor:Execute: Test run is completed.
TpTrace Verbose: 0 : 27056, 1, 2024/02/22, 15:49:57.008, 2773835281649, vstest.console.dll, Executor.Execute: Exiting with exit code of 1
TpTrace Verbose: 0 : 27056, 11, 2024/02/22, 15:49:57.008, 2773835283478, vstest.console.dll, LengthPrefixCommunicationChannel.Dispose: Dispose reader and writer.
TpTrace Information: 0 : 27056, 11, 2024/02/22, 15:49:57.008, 2773835284387, vstest.console.dll, SocketServer.Stop: Raise disconnected event endPoint: 127.0.0.1:51766 error: 
TpTrace Verbose: 0 : 27056, 11, 2024/02/22, 15:49:57.008, 2773835285322, vstest.console.dll, TestRequestSender: OnTestRunAbort: Operation is already complete. Skip error message.
TpTrace Verbose: 0 : 27056, 11, 2024/02/22, 15:49:57.008, 2773835285770, vstest.console.dll, MulticastDelegateUtilities.SafeInvoke: SocketServer: ClientDisconnected: Invoking callback 1/1 for Microsoft.VisualStudio.TestPlatform.CommunicationUtilities.TestRequestSender., took 0 ms.
TpTrace Verbose: 0 : 27056, 11, 2024/02/22, 15:49:57.008, 2773835286088, vstest.console.dll, TcpClientExtensions.MessageLoopAsync: exiting MessageLoopAsync remoteEndPoint: 127.0.0.1:51767 localEndPoint: 127.0.0.1:51766
